<?xml version="1.0" encoding="UTF-8"?>
<robot generator="Robot 7.1.1 (Python 3.12.3 on linux)" generated="2024-10-23T10:57:09.412705" rpa="false" schemaversion="5">
<suite id="s1" name="Test" source="/home/citco/Desktop/robo-framework-assessment/test">
<suite id="s1-s1" name="Test" source="/home/citco/Desktop/robo-framework-assessment/test/test.robot">
<kw name="Launch Browser" type="SETUP">
<kw name="Set Variable" owner="BuiltIn">
<msg time="2024-10-23T10:57:09.815541" level="INFO">${options} = add_argument("--start-maximized")</msg>
<var>${options}</var>
<arg>add_argument("--start-maximized")</arg>
<doc>Returns the given values which can then be assigned to a variables.</doc>
<status status="PASS" start="2024-10-23T10:57:09.814932" elapsed="0.000746"/>
</kw>
<kw name="Open Browser" owner="SeleniumLibrary">
<msg time="2024-10-23T10:57:09.816866" level="INFO">Opening browser 'chrome' to base url 'https://marmelab.com/react-admin-demo/' through remote server at 'http://172.17.0.1:4444'.</msg>
<arg>${url}</arg>
<arg>chrome</arg>
<arg>remote_url=http://172.17.0.1:4444</arg>
<arg>options=${options}</arg>
<doc>Opens a new browser instance to the optional ``url``.</doc>
<status status="PASS" start="2024-10-23T10:57:09.816199" elapsed="8.142375"/>
</kw>
<arg>https://marmelab.com/react-admin-demo/</arg>
<status status="PASS" start="2024-10-23T10:57:09.811732" elapsed="8.147129"/>
</kw>
<test id="s1-s1-t1" name="Test Case 1" line="18">
<kw name="Fetch Data">
<kw name="Get Users Via Api" owner="Users">
<msg time="2024-10-23T10:57:23.380917" level="INFO">/home/citco/Desktop/robo-framework-assessment/env/lib/python3.12/site-packages/urllib3/connectionpool.py:1099: InsecureRequestWarning: Unverified HTTPS request is being made to host 'random-word-api.vercel.app'. Adding certificate verification is strongly advised. See: https://urllib3.readthedocs.io/en/latest/advanced-usage.html#tls-warnings
  warnings.warn(
/home/citco/Desktop/robo-framework-assessment/env/lib/python3.12/site-packages/urllib3/connectionpool.py:1099: InsecureRequestWarning: Unverified HTTPS request is being made to host 'random-word-api.vercel.app'. Adding certificate verification is strongly advised. See: https://urllib3.readthedocs.io/en/latest/advanced-usage.html#tls-warnings
  warnings.warn(
/home/citco/Desktop/robo-framework-assessment/env/lib/python3.12/site-packages/urllib3/connectionpool.py:1099: InsecureRequestWarning: Unverified HTTPS request is being made to host 'random-word-api.vercel.app'. Adding certificate verification is strongly advised. See: https://urllib3.readthedocs.io/en/latest/advanced-usage.html#tls-warnings
  warnings.warn(
/home/citco/Desktop/robo-framework-assessment/env/lib/python3.12/site-packages/urllib3/connectionpool.py:1099: InsecureRequestWarning: Unverified HTTPS request is being made to host 'random-word-api.vercel.app'. Adding certificate verification is strongly advised. See: https://urllib3.readthedocs.io/en/latest/advanced-usage.html#tls-warnings
  warnings.warn(
/home/citco/Desktop/robo-framework-assessment/env/lib/python3.12/site-packages/urllib3/connectionpool.py:1099: InsecureRequestWarning: Unverified HTTPS request is being made to host 'random-word-api.vercel.app'. Adding certificate verification is strongly advised. See: https://urllib3.readthedocs.io/en/latest/advanced-usage.html#tls-warnings
  warnings.warn(
/home/citco/Desktop/robo-framework-assessment/env/lib/python3.12/site-packages/urllib3/connectionpool.py:1099: InsecureRequestWarning: Unverified HTTPS request is being made to host 'random-word-api.vercel.app'. Adding certificate verification is strongly advised. See: https://urllib3.readthedocs.io/en/latest/advanced-usage.html#tls-warnings
  warnings.warn(
/home/citco/Desktop/robo-framework-assessment/env/lib/python3.12/site-packages/urllib3/connectionpool.py:1099: InsecureRequestWarning: Unverified HTTPS request is being made to host 'random-word-api.vercel.app'. Adding certificate verification is strongly advised. See: https://urllib3.readthedocs.io/en/latest/advanced-usage.html#tls-warnings
  warnings.warn(
/home/citco/Desktop/robo-framework-assessment/env/lib/python3.12/site-packages/urllib3/connectionpool.py:1099: InsecureRequestWarning: Unverified HTTPS request is being made to host 'random-word-api.vercel.app'. Adding certificate verification is strongly advised. See: https://urllib3.readthedocs.io/en/latest/advanced-usage.html#tls-warnings
  warnings.warn(
/home/citco/Desktop/robo-framework-assessment/env/lib/python3.12/site-packages/urllib3/connectionpool.py:1099: InsecureRequestWarning: Unverified HTTPS request is being made to host 'random-word-api.vercel.app'. Adding certificate verification is strongly advised. See: https://urllib3.readthedocs.io/en/latest/advanced-usage.html#tls-warnings
  warnings.warn(
/home/citco/Desktop/robo-framework-assessment/env/lib/python3.12/site-packages/urllib3/connectionpool.py:1099: InsecureRequestWarning: Unverified HTTPS request is being made to host 'random-word-api.vercel.app'. Adding certificate verification is strongly advised. See: https://urllib3.readthedocs.io/en/latest/advanced-usage.html#tls-warnings
  warnings.warn(</msg>
<msg time="2024-10-23T10:57:23.382103" level="INFO">${users} = [{'id': 1, 'name': 'Leanne Graham', 'username': 'Bret', 'email': 'Sincere@april.biz', 'address': {'street': 'Kulas Light', 'suite': 'Apt. 556', 'city': 'Gwenborough', 'zipcode': '92998-3874', 'geo': {...</msg>
<var>${users}</var>
<status status="PASS" start="2024-10-23T10:57:17.963475" elapsed="5.418866"/>
</kw>
<kw name="Set Suite Variable" owner="BuiltIn">
<msg time="2024-10-23T10:57:23.384645" level="INFO">${USERS} = [{'id': 1, 'name': 'Leanne Graham', 'username': 'Bret', 'email': 'Sincere@april.biz', 'address': {'street': 'Kulas Light', 'suite': 'Apt. 556', 'city': 'Gwenborough', 'zipcode': '92998-3874', 'geo': {...</msg>
<arg>${USERS}</arg>
<arg>${users}</arg>
<doc>Makes a variable available everywhere within the scope of the current suite.</doc>
<status status="PASS" start="2024-10-23T10:57:23.383094" elapsed="0.001789"/>
</kw>
<status status="PASS" start="2024-10-23T10:57:17.962574" elapsed="5.422672"/>
</kw>
<kw name="Login User">
<kw name="Input Text" owner="SeleniumLibrary">
<msg time="2024-10-23T10:57:23.389091" level="INFO">Typing text 'demo' into text field 'name:username'.</msg>
<arg>name:username</arg>
<arg>${user}</arg>
<doc>Types the given ``text`` into the text field identified by ``locator``.</doc>
<status status="PASS" start="2024-10-23T10:57:23.387493" elapsed="0.964106"/>
</kw>
<kw name="Input Text" owner="SeleniumLibrary">
<msg time="2024-10-23T10:57:24.357887" level="INFO">Typing text 'demo' into text field 'name:password'.</msg>
<arg>name:password</arg>
<arg>${password}</arg>
<doc>Types the given ``text`` into the text field identified by ``locator``.</doc>
<status status="PASS" start="2024-10-23T10:57:24.352479" elapsed="0.465606"/>
</kw>
<kw name="Click Button" owner="SeleniumLibrary">
<msg time="2024-10-23T10:57:24.818789" level="INFO">Clicking button '//button'.</msg>
<arg>//button</arg>
<doc>Clicks the button identified by ``locator``.</doc>
<status status="PASS" start="2024-10-23T10:57:24.818405" elapsed="0.643441"/>
</kw>
<arg>demo</arg>
<arg>demo</arg>
<status status="PASS" start="2024-10-23T10:57:23.386133" elapsed="2.075938"/>
</kw>
<kw name="Add All User">
<for flavor="IN">
<iter>
<kw name="Go To Link">
<kw name="Click Element" owner="SeleniumLibrary">
<msg time="2024-10-23T10:57:25.467943" level="INFO">Clicking element '//a[text()="Customers"]'.</msg>
<arg>//a[text()="${text}"]</arg>
<doc>Click the element identified by ``locator``.</doc>
<status status="PASS" start="2024-10-23T10:57:25.467452" elapsed="0.469552"/>
</kw>
<kw name="Wait Until Element Is Visible" owner="SeleniumLibrary">
<arg>//tbody//tr</arg>
<arg>5s</arg>
<doc>Waits until the element ``locator`` is visible.</doc>
<status status="PASS" start="2024-10-23T10:57:25.937830" elapsed="2.233471"/>
</kw>
<arg>Customers</arg>
<status status="PASS" start="2024-10-23T10:57:25.466122" elapsed="2.705419"/>
</kw>
<kw name="Open Add Identity">
<kw name="Click Element" owner="SeleniumLibrary">
<msg time="2024-10-23T10:57:28.173593" level="INFO">Clicking element '//a[@aria-label="Create"]'.</msg>
<arg>//a[@aria-label="Create"]</arg>
<doc>Click the element identified by ``locator``.</doc>
<status status="PASS" start="2024-10-23T10:57:28.172382" elapsed="0.623976"/>
</kw>
<kw name="Wait Until Element Is Visible" owner="SeleniumLibrary">
<arg>${indentity_txt_firstname}</arg>
<arg>10s</arg>
<doc>Waits until the element ``locator`` is visible.</doc>
<status status="PASS" start="2024-10-23T10:57:28.796723" elapsed="0.119297"/>
</kw>
<status status="PASS" start="2024-10-23T10:57:28.171843" elapsed="0.744365"/>
</kw>
<kw name="Add User">
<kw name="Evaluate" owner="BuiltIn">
<msg time="2024-10-23T10:57:28.918384" level="INFO">${firstname} = Leanne</msg>
<var>${firstname}</var>
<arg>" ".join("${user['name']}".split()[:-1]).strip()</arg>
<doc>Evaluates the given expression in Python and returns the result.</doc>
<status status="PASS" start="2024-10-23T10:57:28.917185" elapsed="0.001266"/>
</kw>
<kw name="Evaluate" owner="BuiltIn">
<msg time="2024-10-23T10:57:28.919745" level="INFO">${lastname} = Graham</msg>
<var>${lastname}</var>
<arg>" ".join("${user['name']}".split()[-1:]).strip()</arg>
<doc>Evaluates the given expression in Python and returns the result.</doc>
<status status="PASS" start="2024-10-23T10:57:28.918728" elapsed="0.001078"/>
</kw>
<kw name="Evaluate" owner="BuiltIn">
<msg time="2024-10-23T10:57:28.921087" level="INFO">${address} = Kulas Light</msg>
<var>${address}</var>
<arg>f"${user['address']['street']}"</arg>
<doc>Evaluates the given expression in Python and returns the result.</doc>
<status status="PASS" start="2024-10-23T10:57:28.920035" elapsed="0.001120"/>
</kw>
<kw name="Set Variable" owner="BuiltIn">
<msg time="2024-10-23T10:57:28.921677" level="INFO">${password} = P@ssWord456</msg>
<var>${password}</var>
<arg>P@ssWord456</arg>
<doc>Returns the given values which can then be assigned to a variables.</doc>
<status status="PASS" start="2024-10-23T10:57:28.921398" elapsed="0.000330"/>
</kw>
<kw name="Input Text" owner="SeleniumLibrary">
<msg time="2024-10-23T10:57:28.922433" level="INFO">Typing text 'Leanne' into text field '//input[@name="first_name"]'.</msg>
<arg>${indentity_txt_firstname}</arg>
<arg>${firstname}</arg>
<doc>Types the given ``text`` into the text field identified by ``locator``.</doc>
<status status="PASS" start="2024-10-23T10:57:28.921991" elapsed="0.559339"/>
</kw>
<kw name="Input Text" owner="SeleniumLibrary">
<msg time="2024-10-23T10:57:29.485153" level="INFO">Typing text 'Graham' into text field '//input[@name="last_name"]'.</msg>
<arg>${indentity_txt_lastname}</arg>
<arg>${lastname}</arg>
<doc>Types the given ``text`` into the text field identified by ``locator``.</doc>
<status status="PASS" start="2024-10-23T10:57:29.483332" elapsed="0.536757"/>
</kw>
<kw name="Input Text" owner="SeleniumLibrary">
<msg time="2024-10-23T10:57:30.025255" level="INFO">Typing text 'Sincere@april.biz' into text field '//input[@name="email"]'.</msg>
<arg>${indentity_txt_email}</arg>
<arg>${user['email']}</arg>
<doc>Types the given ``text`` into the text field identified by ``locator``.</doc>
<status status="PASS" start="2024-10-23T10:57:30.020391" elapsed="0.539289"/>
</kw>
<kw name="Input Date">
<kw name="Click Element At Coordinates" owner="SeleniumLibrary">
<msg time="2024-10-23T10:57:30.563456" level="INFO">Clicking element '//input[@name="birthday"]' at coordinates x=0, y=0.</msg>
<arg>${locator}</arg>
<arg>0</arg>
<arg>0</arg>
<doc>Click the element ``locator`` at ``xoffset/yoffset``.</doc>
<status status="PASS" start="2024-10-23T10:57:30.562774" elapsed="0.746394"/>
</kw>
<kw name="Press Keys" owner="SeleniumLibrary">
<msg time="2024-10-23T10:57:31.312652" level="INFO">Sending key(s) ('04291989',) to page.</msg>
<msg time="2024-10-23T10:57:31.312848" level="INFO">Sending keys 04291989</msg>
<arg>None</arg>
<arg>${date}</arg>
<doc>Simulates the user pressing key(s) to an element or on the active browser.</doc>
<status status="PASS" start="2024-10-23T10:57:31.310328" elapsed="0.374451"/>
</kw>
<arg>${indentity_txt_birthday}</arg>
<arg>${user['birthday']}</arg>
<status status="PASS" start="2024-10-23T10:57:30.560060" elapsed="1.124921"/>
</kw>
<kw name="Input Text" owner="SeleniumLibrary">
<msg time="2024-10-23T10:57:31.685670" level="INFO">Typing text 'Kulas Light' into text field '//textarea[@name="address"]'.</msg>
<arg>${indentity_txt_address}</arg>
<arg>${address}</arg>
<doc>Types the given ``text`` into the text field identified by ``locator``.</doc>
<status status="PASS" start="2024-10-23T10:57:31.685222" elapsed="0.760276"/>
</kw>
<kw name="Input Text" owner="SeleniumLibrary">
<msg time="2024-10-23T10:57:32.450738" level="INFO">Typing text 'Gwenborough' into text field '//input[@name="city"]'.</msg>
<arg>${indentity_txt_city}</arg>
<arg>${user['address']['city']}</arg>
<doc>Types the given ``text`` into the text field identified by ``locator``.</doc>
<status status="PASS" start="2024-10-23T10:57:32.445834" elapsed="0.708742"/>
</kw>
<kw name="Input Text" owner="SeleniumLibrary">
<msg time="2024-10-23T10:57:33.156112" level="INFO">Typing text 'Angelfish' into text field '//input[@name="stateAbbr"]'.</msg>
<arg>${indentity_txt_stateAbbr}</arg>
<arg>${user['address']['state']}</arg>
<doc>Types the given ``text`` into the text field identified by ``locator``.</doc>
<status status="PASS" start="2024-10-23T10:57:33.154887" elapsed="0.562876"/>
</kw>
<kw name="Input Text" owner="SeleniumLibrary">
<msg time="2024-10-23T10:57:33.720866" level="INFO">Typing text '92998-3874' into text field '//input[@name="zipcode"]'.</msg>
<arg>${indentity_txt_zipcode}</arg>
<arg>${user['address']['zipcode']}</arg>
<doc>Types the given ``text`` into the text field identified by ``locator``.</doc>
<status status="PASS" start="2024-10-23T10:57:33.718314" elapsed="0.702377"/>
</kw>
<kw name="Input Text" owner="SeleniumLibrary">
<msg time="2024-10-23T10:57:34.421370" level="INFO">Typing text 'P@ssWord456' into text field '//input[@name="password"]'.</msg>
<arg>${indentity_txt_password}</arg>
<arg>${password}</arg>
<doc>Types the given ``text`` into the text field identified by ``locator``.</doc>
<status status="PASS" start="2024-10-23T10:57:34.420975" elapsed="0.645671"/>
</kw>
<kw name="Input Text" owner="SeleniumLibrary">
<msg time="2024-10-23T10:57:35.067360" level="INFO">Typing text 'P@ssWord456' into text field '//input[@name="confirm_password"]'.</msg>
<arg>${indentity_txt_confirm_password}</arg>
<arg>${password}</arg>
<doc>Types the given ``text`` into the text field identified by ``locator``.</doc>
<status status="PASS" start="2024-10-23T10:57:35.066951" elapsed="0.522334"/>
</kw>
<kw name="Press Keys" owner="SeleniumLibrary">
<msg time="2024-10-23T10:57:35.591013" level="INFO">Sending key(s) ('ENTER',) to //button[@type="submit"] element.</msg>
<msg time="2024-10-23T10:57:36.099274" level="INFO">Pressing special key ENTER to element.</msg>
<msg time="2024-10-23T10:57:36.099419" level="INFO">Releasing special key ENTER.</msg>
<arg>//button[@type="submit"]</arg>
<arg>ENTER</arg>
<doc>Simulates the user pressing key(s) to an element or on the active browser.</doc>
<status status="PASS" start="2024-10-23T10:57:35.589616" elapsed="0.572545"/>
</kw>
<arg>${user}</arg>
<status status="PASS" start="2024-10-23T10:57:28.916606" elapsed="7.247045"/>
</kw>
<kw name="Wait Until Page Contains" owner="SeleniumLibrary">
<arg>Delete</arg>
<doc>Waits until ``text`` appears on the current page.</doc>
<status status="PASS" start="2024-10-23T10:57:36.164013" elapsed="0.789957"/>
</kw>
<var name="${user}">{'id': 1, 'name': 'Leanne Graham', 'username': 'Bret', 'email': 'Sincere@april.biz', 'address': {'street': 'Kulas Light', 'suite': 'Apt. 556', 'city': 'Gwenborough', 'zipcode': '92998-3874', 'geo': {'...</var>
<status status="PASS" start="2024-10-23T10:57:25.465847" elapsed="11.488266"/>
</iter>
<iter>
<kw name="Go To Link">
<kw name="Click Element" owner="SeleniumLibrary">
<msg time="2024-10-23T10:57:36.955551" level="INFO">Clicking element '//a[text()="Customers"]'.</msg>
<arg>//a[text()="${text}"]</arg>
<doc>Click the element identified by ``locator``.</doc>
<status status="PASS" start="2024-10-23T10:57:36.955169" elapsed="0.801414"/>
</kw>
<kw name="Wait Until Element Is Visible" owner="SeleniumLibrary">
<arg>//tbody//tr</arg>
<arg>5s</arg>
<doc>Waits until the element ``locator`` is visible.</doc>
<status status="PASS" start="2024-10-23T10:57:37.760321" elapsed="0.572806"/>
</kw>
<arg>Customers</arg>
<status status="PASS" start="2024-10-23T10:57:36.954690" elapsed="1.378642"/>
</kw>
<kw name="Open Add Identity">
<kw name="Click Element" owner="SeleniumLibrary">
<msg time="2024-10-23T10:57:38.334698" level="INFO">Clicking element '//a[@aria-label="Create"]'.</msg>
<arg>//a[@aria-label="Create"]</arg>
<doc>Click the element identified by ``locator``.</doc>
<status status="PASS" start="2024-10-23T10:57:38.334189" elapsed="0.308775"/>
</kw>
<kw name="Wait Until Element Is Visible" owner="SeleniumLibrary">
<arg>${indentity_txt_firstname}</arg>
<arg>10s</arg>
<doc>Waits until the element ``locator`` is visible.</doc>
<status status="PASS" start="2024-10-23T10:57:38.643272" elapsed="0.052300"/>
</kw>
<status status="PASS" start="2024-10-23T10:57:38.333685" elapsed="0.362097"/>
</kw>
<kw name="Add User">
<kw name="Evaluate" owner="BuiltIn">
<msg time="2024-10-23T10:57:38.698484" level="INFO">${firstname} = Ervin</msg>
<var>${firstname}</var>
<arg>" ".join("${user['name']}".split()[:-1]).strip()</arg>
<doc>Evaluates the given expression in Python and returns the result.</doc>
<status status="PASS" start="2024-10-23T10:57:38.696646" elapsed="0.001941"/>
</kw>
<kw name="Evaluate" owner="BuiltIn">
<msg time="2024-10-23T10:57:38.699857" level="INFO">${lastname} = Howell</msg>
<var>${lastname}</var>
<arg>" ".join("${user['name']}".split()[-1:]).strip()</arg>
<doc>Evaluates the given expression in Python and returns the result.</doc>
<status status="PASS" start="2024-10-23T10:57:38.698842" elapsed="0.001075"/>
</kw>
<kw name="Evaluate" owner="BuiltIn">
<msg time="2024-10-23T10:57:38.701085" level="INFO">${address} = Victor Plains</msg>
<var>${address}</var>
<arg>f"${user['address']['street']}"</arg>
<doc>Evaluates the given expression in Python and returns the result.</doc>
<status status="PASS" start="2024-10-23T10:57:38.700144" elapsed="0.000999"/>
</kw>
<kw name="Set Variable" owner="BuiltIn">
<msg time="2024-10-23T10:57:38.701623" level="INFO">${password} = P@ssWord456</msg>
<var>${password}</var>
<arg>P@ssWord456</arg>
<doc>Returns the given values which can then be assigned to a variables.</doc>
<status status="PASS" start="2024-10-23T10:57:38.701362" elapsed="0.000311"/>
</kw>
<kw name="Input Text" owner="SeleniumLibrary">
<msg time="2024-10-23T10:57:38.702237" level="INFO">Typing text 'Ervin' into text field '//input[@name="first_name"]'.</msg>
<arg>${indentity_txt_firstname}</arg>
<arg>${firstname}</arg>
<doc>Types the given ``text`` into the text field identified by ``locator``.</doc>
<status status="PASS" start="2024-10-23T10:57:38.701873" elapsed="0.310376"/>
</kw>
<kw name="Input Text" owner="SeleniumLibrary">
<msg time="2024-10-23T10:57:39.018693" level="INFO">Typing text 'Howell' into text field '//input[@name="last_name"]'.</msg>
<arg>${indentity_txt_lastname}</arg>
<arg>${lastname}</arg>
<doc>Types the given ``text`` into the text field identified by ``locator``.</doc>
<status status="PASS" start="2024-10-23T10:57:39.013255" elapsed="0.485966"/>
</kw>
<kw name="Input Text" owner="SeleniumLibrary">
<msg time="2024-10-23T10:57:39.512276" level="INFO">Typing text 'Shanna@melissa.tv' into text field '//input[@name="email"]'.</msg>
<arg>${indentity_txt_email}</arg>
<arg>${user['email']}</arg>
<doc>Types the given ``text`` into the text field identified by ``locator``.</doc>
<status status="PASS" start="2024-10-23T10:57:39.499538" elapsed="0.533673"/>
</kw>
<kw name="Input Date">
<kw name="Click Element At Coordinates" owner="SeleniumLibrary">
<msg time="2024-10-23T10:57:40.036016" level="INFO">Clicking element '//input[@name="birthday"]' at coordinates x=0, y=0.</msg>
<arg>${locator}</arg>
<arg>0</arg>
<arg>0</arg>
<doc>Click the element ``locator`` at ``xoffset/yoffset``.</doc>
<status status="PASS" start="2024-10-23T10:57:40.035414" elapsed="0.604872"/>
</kw>
<kw name="Press Keys" owner="SeleniumLibrary">
<msg time="2024-10-23T10:57:40.643246" level="INFO">Sending key(s) ('10191973',) to page.</msg>
<msg time="2024-10-23T10:57:40.643789" level="INFO">Sending keys 10191973</msg>
<arg>None</arg>
<arg>${date}</arg>
<doc>Simulates the user pressing key(s) to an element or on the active browser.</doc>
<status status="PASS" start="2024-10-23T10:57:40.640919" elapsed="0.180084"/>
</kw>
<arg>${indentity_txt_birthday}</arg>
<arg>${user['birthday']}</arg>
<status status="PASS" start="2024-10-23T10:57:40.033627" elapsed="0.787592"/>
</kw>
<kw name="Input Text" owner="SeleniumLibrary">
<msg time="2024-10-23T10:57:40.822000" level="INFO">Typing text 'Victor Plains' into text field '//textarea[@name="address"]'.</msg>
<arg>${indentity_txt_address}</arg>
<arg>${address}</arg>
<doc>Types the given ``text`` into the text field identified by ``locator``.</doc>
<status status="PASS" start="2024-10-23T10:57:40.821496" elapsed="0.301475"/>
</kw>
<kw name="Input Text" owner="SeleniumLibrary">
<msg time="2024-10-23T10:57:41.124411" level="INFO">Typing text 'Wisokyburgh' into text field '//input[@name="city"]'.</msg>
<arg>${indentity_txt_city}</arg>
<arg>${user['address']['city']}</arg>
<doc>Types the given ``text`` into the text field identified by ``locator``.</doc>
<status status="PASS" start="2024-10-23T10:57:41.123286" elapsed="0.292023"/>
</kw>
<kw name="Input Text" owner="SeleniumLibrary">
<msg time="2024-10-23T10:57:41.419420" level="INFO">Typing text 'Octopus' into text field '//input[@name="stateAbbr"]'.</msg>
<arg>${indentity_txt_stateAbbr}</arg>
<arg>${user['address']['state']}</arg>
<doc>Types the given ``text`` into the text field identified by ``locator``.</doc>
<status status="PASS" start="2024-10-23T10:57:41.415802" elapsed="0.290781"/>
</kw>
<kw name="Input Text" owner="SeleniumLibrary">
<msg time="2024-10-23T10:57:41.708028" level="INFO">Typing text '90566-7771' into text field '//input[@name="zipcode"]'.</msg>
<arg>${indentity_txt_zipcode}</arg>
<arg>${user['address']['zipcode']}</arg>
<doc>Types the given ``text`` into the text field identified by ``locator``.</doc>
<status status="PASS" start="2024-10-23T10:57:41.706889" elapsed="0.308285"/>
</kw>
<kw name="Input Text" owner="SeleniumLibrary">
<msg time="2024-10-23T10:57:42.016067" level="INFO">Typing text 'P@ssWord456' into text field '//input[@name="password"]'.</msg>
<arg>${indentity_txt_password}</arg>
<arg>${password}</arg>
<doc>Types the given ``text`` into the text field identified by ``locator``.</doc>
<status status="PASS" start="2024-10-23T10:57:42.015504" elapsed="0.307981"/>
</kw>
<kw name="Input Text" owner="SeleniumLibrary">
<msg time="2024-10-23T10:57:42.324196" level="INFO">Typing text 'P@ssWord456' into text field '//input[@name="confirm_password"]'.</msg>
<arg>${indentity_txt_confirm_password}</arg>
<arg>${password}</arg>
<doc>Types the given ``text`` into the text field identified by ``locator``.</doc>
<status status="PASS" start="2024-10-23T10:57:42.323798" elapsed="0.300968"/>
</kw>
<kw name="Press Keys" owner="SeleniumLibrary">
<msg time="2024-10-23T10:57:42.625647" level="INFO">Sending key(s) ('ENTER',) to //button[@type="submit"] element.</msg>
<msg time="2024-10-23T10:57:43.117560" level="INFO">Pressing special key ENTER to element.</msg>
<msg time="2024-10-23T10:57:43.117706" level="INFO">Releasing special key ENTER.</msg>
<arg>//button[@type="submit"]</arg>
<arg>ENTER</arg>
<doc>Simulates the user pressing key(s) to an element or on the active browser.</doc>
<status status="PASS" start="2024-10-23T10:57:42.625074" elapsed="0.519860"/>
</kw>
<arg>${user}</arg>
<status status="PASS" start="2024-10-23T10:57:38.696110" elapsed="4.449051"/>
</kw>
<kw name="Wait Until Page Contains" owner="SeleniumLibrary">
<arg>Delete</arg>
<doc>Waits until ``text`` appears on the current page.</doc>
<status status="PASS" start="2024-10-23T10:57:43.145421" elapsed="0.746636"/>
</kw>
<var name="${user}">{'id': 2, 'name': 'Ervin Howell', 'username': 'Antonette', 'email': 'Shanna@melissa.tv', 'address': {'street': 'Victor Plains', 'suite': 'Suite 879', 'city': 'Wisokyburgh', 'zipcode': '90566-7771', 'g...</var>
<status status="PASS" start="2024-10-23T10:57:36.954436" elapsed="6.937772"/>
</iter>
<iter>
<kw name="Go To Link">
<kw name="Click Element" owner="SeleniumLibrary">
<msg time="2024-10-23T10:57:43.897218" level="INFO">Clicking element '//a[text()="Customers"]'.</msg>
<arg>//a[text()="${text}"]</arg>
<doc>Click the element identified by ``locator``.</doc>
<status status="PASS" start="2024-10-23T10:57:43.896783" elapsed="0.763225"/>
</kw>
<kw name="Wait Until Element Is Visible" owner="SeleniumLibrary">
<arg>//tbody//tr</arg>
<arg>5s</arg>
<doc>Waits until the element ``locator`` is visible.</doc>
<status status="PASS" start="2024-10-23T10:57:44.660315" elapsed="0.148711"/>
</kw>
<arg>Customers</arg>
<status status="PASS" start="2024-10-23T10:57:43.896118" elapsed="0.913093"/>
</kw>
<kw name="Open Add Identity">
<kw name="Click Element" owner="SeleniumLibrary">
<msg time="2024-10-23T10:57:44.810278" level="INFO">Clicking element '//a[@aria-label="Create"]'.</msg>
<arg>//a[@aria-label="Create"]</arg>
<doc>Click the element identified by ``locator``.</doc>
<status status="PASS" start="2024-10-23T10:57:44.809944" elapsed="0.395015"/>
</kw>
<kw name="Wait Until Element Is Visible" owner="SeleniumLibrary">
<arg>${indentity_txt_firstname}</arg>
<arg>10s</arg>
<doc>Waits until the element ``locator`` is visible.</doc>
<status status="PASS" start="2024-10-23T10:57:45.205289" elapsed="0.064724"/>
</kw>
<status status="PASS" start="2024-10-23T10:57:44.809476" elapsed="0.460720"/>
</kw>
<kw name="Add User">
<kw name="Evaluate" owner="BuiltIn">
<msg time="2024-10-23T10:57:45.272155" level="INFO">${firstname} = Clementine</msg>
<var>${firstname}</var>
<arg>" ".join("${user['name']}".split()[:-1]).strip()</arg>
<doc>Evaluates the given expression in Python and returns the result.</doc>
<status status="PASS" start="2024-10-23T10:57:45.271098" elapsed="0.001120"/>
</kw>
<kw name="Evaluate" owner="BuiltIn">
<msg time="2024-10-23T10:57:45.273642" level="INFO">${lastname} = Bauch</msg>
<var>${lastname}</var>
<arg>" ".join("${user['name']}".split()[-1:]).strip()</arg>
<doc>Evaluates the given expression in Python and returns the result.</doc>
<status status="PASS" start="2024-10-23T10:57:45.272462" elapsed="0.001253"/>
</kw>
<kw name="Evaluate" owner="BuiltIn">
<msg time="2024-10-23T10:57:45.274931" level="INFO">${address} = Douglas Extension</msg>
<var>${address}</var>
<arg>f"${user['address']['street']}"</arg>
<doc>Evaluates the given expression in Python and returns the result.</doc>
<status status="PASS" start="2024-10-23T10:57:45.273971" elapsed="0.001019"/>
</kw>
<kw name="Set Variable" owner="BuiltIn">
<msg time="2024-10-23T10:57:45.275465" level="INFO">${password} = P@ssWord456</msg>
<var>${password}</var>
<arg>P@ssWord456</arg>
<doc>Returns the given values which can then be assigned to a variables.</doc>
<status status="PASS" start="2024-10-23T10:57:45.275211" elapsed="0.000323"/>
</kw>
<kw name="Input Text" owner="SeleniumLibrary">
<msg time="2024-10-23T10:57:45.276106" level="INFO">Typing text 'Clementine' into text field '//input[@name="first_name"]'.</msg>
<arg>${indentity_txt_firstname}</arg>
<arg>${firstname}</arg>
<doc>Types the given ``text`` into the text field identified by ``locator``.</doc>
<status status="PASS" start="2024-10-23T10:57:45.275740" elapsed="0.352704"/>
</kw>
<kw name="Input Text" owner="SeleniumLibrary">
<msg time="2024-10-23T10:57:45.629676" level="INFO">Typing text 'Bauch' into text field '//input[@name="last_name"]'.</msg>
<arg>${indentity_txt_lastname}</arg>
<arg>${lastname}</arg>
<doc>Types the given ``text`` into the text field identified by ``locator``.</doc>
<status status="PASS" start="2024-10-23T10:57:45.628937" elapsed="0.293105"/>
</kw>
<kw name="Input Text" owner="SeleniumLibrary">
<msg time="2024-10-23T10:57:45.923700" level="INFO">Typing text 'Nathan@yesenia.net' into text field '//input[@name="email"]'.</msg>
<arg>${indentity_txt_email}</arg>
<arg>${user['email']}</arg>
<doc>Types the given ``text`` into the text field identified by ``locator``.</doc>
<status status="PASS" start="2024-10-23T10:57:45.922385" elapsed="0.493048"/>
</kw>
<kw name="Input Date">
<kw name="Click Element At Coordinates" owner="SeleniumLibrary">
<msg time="2024-10-23T10:57:46.429922" level="INFO">Clicking element '//input[@name="birthday"]' at coordinates x=0, y=0.</msg>
<arg>${locator}</arg>
<arg>0</arg>
<arg>0</arg>
<doc>Click the element ``locator`` at ``xoffset/yoffset``.</doc>
<status status="PASS" start="2024-10-23T10:57:46.429475" elapsed="0.646569"/>
</kw>
<kw name="Press Keys" owner="SeleniumLibrary">
<msg time="2024-10-23T10:57:47.078071" level="INFO">Sending key(s) ('12092016',) to page.</msg>
<msg time="2024-10-23T10:57:47.079423" level="INFO">Sending keys 12092016</msg>
<arg>None</arg>
<arg>${date}</arg>
<doc>Simulates the user pressing key(s) to an element or on the active browser.</doc>
<status status="PASS" start="2024-10-23T10:57:47.076733" elapsed="0.215020"/>
</kw>
<arg>${indentity_txt_birthday}</arg>
<arg>${user['birthday']}</arg>
<status status="PASS" start="2024-10-23T10:57:46.415790" elapsed="0.876151"/>
</kw>
<kw name="Input Text" owner="SeleniumLibrary">
<msg time="2024-10-23T10:57:47.292588" level="INFO">Typing text 'Douglas Extension' into text field '//textarea[@name="address"]'.</msg>
<arg>${indentity_txt_address}</arg>
<arg>${address}</arg>
<doc>Types the given ``text`` into the text field identified by ``locator``.</doc>
<status status="PASS" start="2024-10-23T10:57:47.292175" elapsed="0.326696"/>
</kw>
<kw name="Input Text" owner="SeleniumLibrary">
<msg time="2024-10-23T10:57:47.620831" level="INFO">Typing text 'McKenziehaven' into text field '//input[@name="city"]'.</msg>
<arg>${indentity_txt_city}</arg>
<arg>${user['address']['city']}</arg>
<doc>Types the given ``text`` into the text field identified by ``locator``.</doc>
<status status="PASS" start="2024-10-23T10:57:47.619203" elapsed="0.339519"/>
</kw>
<kw name="Input Text" owner="SeleniumLibrary">
<msg time="2024-10-23T10:57:47.960116" level="INFO">Typing text 'Basil' into text field '//input[@name="stateAbbr"]'.</msg>
<arg>${indentity_txt_stateAbbr}</arg>
<arg>${user['address']['state']}</arg>
<doc>Types the given ``text`` into the text field identified by ``locator``.</doc>
<status status="PASS" start="2024-10-23T10:57:47.959017" elapsed="0.227376"/>
</kw>
<kw name="Input Text" owner="SeleniumLibrary">
<msg time="2024-10-23T10:57:48.188217" level="INFO">Typing text '59590-4157' into text field '//input[@name="zipcode"]'.</msg>
<arg>${indentity_txt_zipcode}</arg>
<arg>${user['address']['zipcode']}</arg>
<doc>Types the given ``text`` into the text field identified by ``locator``.</doc>
<status status="PASS" start="2024-10-23T10:57:48.186911" elapsed="0.291028"/>
</kw>
<kw name="Input Text" owner="SeleniumLibrary">
<msg time="2024-10-23T10:57:48.478813" level="INFO">Typing text 'P@ssWord456' into text field '//input[@name="password"]'.</msg>
<arg>${indentity_txt_password}</arg>
<arg>${password}</arg>
<doc>Types the given ``text`` into the text field identified by ``locator``.</doc>
<status status="PASS" start="2024-10-23T10:57:48.478259" elapsed="0.295692"/>
</kw>
<kw name="Input Text" owner="SeleniumLibrary">
<msg time="2024-10-23T10:57:48.774641" level="INFO">Typing text 'P@ssWord456' into text field '//input[@name="confirm_password"]'.</msg>
<arg>${indentity_txt_confirm_password}</arg>
<arg>${password}</arg>
<doc>Types the given ``text`` into the text field identified by ``locator``.</doc>
<status status="PASS" start="2024-10-23T10:57:48.774227" elapsed="0.291263"/>
</kw>
<kw name="Press Keys" owner="SeleniumLibrary">
<msg time="2024-10-23T10:57:49.066627" level="INFO">Sending key(s) ('ENTER',) to //button[@type="submit"] element.</msg>
<msg time="2024-10-23T10:57:49.533870" level="INFO">Pressing special key ENTER to element.</msg>
<msg time="2024-10-23T10:57:49.534014" level="INFO">Releasing special key ENTER.</msg>
<arg>//button[@type="submit"]</arg>
<arg>ENTER</arg>
<doc>Simulates the user pressing key(s) to an element or on the active browser.</doc>
<status status="PASS" start="2024-10-23T10:57:49.065880" elapsed="0.491881"/>
</kw>
<arg>${user}</arg>
<status status="PASS" start="2024-10-23T10:57:45.270563" elapsed="4.287385"/>
</kw>
<kw name="Wait Until Page Contains" owner="SeleniumLibrary">
<arg>Delete</arg>
<doc>Waits until ``text`` appears on the current page.</doc>
<status status="PASS" start="2024-10-23T10:57:49.558177" elapsed="0.733193"/>
</kw>
<var name="${user}">{'id': 3, 'name': 'Clementine Bauch', 'username': 'Samantha', 'email': 'Nathan@yesenia.net', 'address': {'street': 'Douglas Extension', 'suite': 'Suite 847', 'city': 'McKenziehaven', 'zipcode': '59590...</var>
<status status="PASS" start="2024-10-23T10:57:43.893499" elapsed="6.398053"/>
</iter>
<iter>
<kw name="Go To Link">
<kw name="Click Element" owner="SeleniumLibrary">
<msg time="2024-10-23T10:57:50.293644" level="INFO">Clicking element '//a[text()="Customers"]'.</msg>
<arg>//a[text()="${text}"]</arg>
<doc>Click the element identified by ``locator``.</doc>
<status status="PASS" start="2024-10-23T10:57:50.293183" elapsed="0.567351"/>
</kw>
<kw name="Wait Until Element Is Visible" owner="SeleniumLibrary">
<arg>//tbody//tr</arg>
<arg>5s</arg>
<doc>Waits until the element ``locator`` is visible.</doc>
<status status="PASS" start="2024-10-23T10:57:50.860841" elapsed="0.082292"/>
</kw>
<arg>Customers</arg>
<status status="PASS" start="2024-10-23T10:57:50.292160" elapsed="0.651160"/>
</kw>
<kw name="Open Add Identity">
<kw name="Click Element" owner="SeleniumLibrary">
<msg time="2024-10-23T10:57:50.944398" level="INFO">Clicking element '//a[@aria-label="Create"]'.</msg>
<arg>//a[@aria-label="Create"]</arg>
<doc>Click the element identified by ``locator``.</doc>
<status status="PASS" start="2024-10-23T10:57:50.944125" elapsed="0.299014"/>
</kw>
<kw name="Wait Until Element Is Visible" owner="SeleniumLibrary">
<arg>${indentity_txt_firstname}</arg>
<arg>10s</arg>
<doc>Waits until the element ``locator`` is visible.</doc>
<status status="PASS" start="2024-10-23T10:57:51.243439" elapsed="0.066137"/>
</kw>
<status status="PASS" start="2024-10-23T10:57:50.943673" elapsed="0.366101"/>
</kw>
<kw name="Add User">
<kw name="Evaluate" owner="BuiltIn">
<msg time="2024-10-23T10:57:51.311701" level="INFO">${firstname} = Patricia</msg>
<var>${firstname}</var>
<arg>" ".join("${user['name']}".split()[:-1]).strip()</arg>
<doc>Evaluates the given expression in Python and returns the result.</doc>
<status status="PASS" start="2024-10-23T10:57:51.310678" elapsed="0.001085"/>
</kw>
<kw name="Evaluate" owner="BuiltIn">
<msg time="2024-10-23T10:57:51.314653" level="INFO">${lastname} = Lebsack</msg>
<var>${lastname}</var>
<arg>" ".join("${user['name']}".split()[-1:]).strip()</arg>
<doc>Evaluates the given expression in Python and returns the result.</doc>
<status status="PASS" start="2024-10-23T10:57:51.311991" elapsed="0.002730"/>
</kw>
<kw name="Evaluate" owner="BuiltIn">
<msg time="2024-10-23T10:57:51.315973" level="INFO">${address} = Hoeger Mall</msg>
<var>${address}</var>
<arg>f"${user['address']['street']}"</arg>
<doc>Evaluates the given expression in Python and returns the result.</doc>
<status status="PASS" start="2024-10-23T10:57:51.314980" elapsed="0.001051"/>
</kw>
<kw name="Set Variable" owner="BuiltIn">
<msg time="2024-10-23T10:57:51.316494" level="INFO">${password} = P@ssWord456</msg>
<var>${password}</var>
<arg>P@ssWord456</arg>
<doc>Returns the given values which can then be assigned to a variables.</doc>
<status status="PASS" start="2024-10-23T10:57:51.316252" elapsed="0.000304"/>
</kw>
<kw name="Input Text" owner="SeleniumLibrary">
<msg time="2024-10-23T10:57:51.317107" level="INFO">Typing text 'Patricia' into text field '//input[@name="first_name"]'.</msg>
<arg>${indentity_txt_firstname}</arg>
<arg>${firstname}</arg>
<doc>Types the given ``text`` into the text field identified by ``locator``.</doc>
<status status="PASS" start="2024-10-23T10:57:51.316759" elapsed="0.258931"/>
</kw>
<kw name="Input Text" owner="SeleniumLibrary">
<msg time="2024-10-23T10:57:51.576463" level="INFO">Typing text 'Lebsack' into text field '//input[@name="last_name"]'.</msg>
<arg>${indentity_txt_lastname}</arg>
<arg>${lastname}</arg>
<doc>Types the given ``text`` into the text field identified by ``locator``.</doc>
<status status="PASS" start="2024-10-23T10:57:51.576060" elapsed="0.297960"/>
</kw>
<kw name="Input Text" owner="SeleniumLibrary">
<msg time="2024-10-23T10:57:51.877644" level="INFO">Typing text 'Julianne.OConner@kory.org' into text field '//input[@name="email"]'.</msg>
<arg>${indentity_txt_email}</arg>
<arg>${user['email']}</arg>
<doc>Types the given ``text`` into the text field identified by ``locator``.</doc>
<status status="PASS" start="2024-10-23T10:57:51.874340" elapsed="0.489217"/>
</kw>
<kw name="Input Date">
<kw name="Click Element At Coordinates" owner="SeleniumLibrary">
<msg time="2024-10-23T10:57:52.367280" level="INFO">Clicking element '//input[@name="birthday"]' at coordinates x=0, y=0.</msg>
<arg>${locator}</arg>
<arg>0</arg>
<arg>0</arg>
<doc>Click the element ``locator`` at ``xoffset/yoffset``.</doc>
<status status="PASS" start="2024-10-23T10:57:52.366791" elapsed="0.592829"/>
</kw>
<kw name="Press Keys" owner="SeleniumLibrary">
<msg time="2024-10-23T10:57:52.962086" level="INFO">Sending key(s) ('11132002',) to page.</msg>
<msg time="2024-10-23T10:57:52.962374" level="INFO">Sending keys 11132002</msg>
<arg>None</arg>
<arg>${date}</arg>
<doc>Simulates the user pressing key(s) to an element or on the active browser.</doc>
<status status="PASS" start="2024-10-23T10:57:52.960629" elapsed="0.163351"/>
</kw>
<arg>${indentity_txt_birthday}</arg>
<arg>${user['birthday']}</arg>
<status status="PASS" start="2024-10-23T10:57:52.364007" elapsed="0.760158"/>
</kw>
<kw name="Input Text" owner="SeleniumLibrary">
<msg time="2024-10-23T10:57:53.125174" level="INFO">Typing text 'Hoeger Mall' into text field '//textarea[@name="address"]'.</msg>
<arg>${indentity_txt_address}</arg>
<arg>${address}</arg>
<doc>Types the given ``text`` into the text field identified by ``locator``.</doc>
<status status="PASS" start="2024-10-23T10:57:53.124403" elapsed="0.337077"/>
</kw>
<kw name="Input Text" owner="SeleniumLibrary">
<msg time="2024-10-23T10:57:53.462843" level="INFO">Typing text 'South Elvis' into text field '//input[@name="city"]'.</msg>
<arg>${indentity_txt_city}</arg>
<arg>${user['address']['city']}</arg>
<doc>Types the given ``text`` into the text field identified by ``locator``.</doc>
<status status="PASS" start="2024-10-23T10:57:53.461805" elapsed="0.285204"/>
</kw>
<kw name="Input Text" owner="SeleniumLibrary">
<msg time="2024-10-23T10:57:53.752313" level="INFO">Typing text 'Glare' into text field '//input[@name="stateAbbr"]'.</msg>
<arg>${indentity_txt_stateAbbr}</arg>
<arg>${user['address']['state']}</arg>
<doc>Types the given ``text`` into the text field identified by ``locator``.</doc>
<status status="PASS" start="2024-10-23T10:57:53.747477" elapsed="0.249533"/>
</kw>
<kw name="Input Text" owner="SeleniumLibrary">
<msg time="2024-10-23T10:57:53.999614" level="INFO">Typing text '53919-4257' into text field '//input[@name="zipcode"]'.</msg>
<arg>${indentity_txt_zipcode}</arg>
<arg>${user['address']['zipcode']}</arg>
<doc>Types the given ``text`` into the text field identified by ``locator``.</doc>
<status status="PASS" start="2024-10-23T10:57:53.997362" elapsed="0.295442"/>
</kw>
<kw name="Input Text" owner="SeleniumLibrary">
<msg time="2024-10-23T10:57:54.293705" level="INFO">Typing text 'P@ssWord456' into text field '//input[@name="password"]'.</msg>
<arg>${indentity_txt_password}</arg>
<arg>${password}</arg>
<doc>Types the given ``text`` into the text field identified by ``locator``.</doc>
<status status="PASS" start="2024-10-23T10:57:54.293126" elapsed="0.324841"/>
</kw>
<kw name="Input Text" owner="SeleniumLibrary">
<msg time="2024-10-23T10:57:54.618824" level="INFO">Typing text 'P@ssWord456' into text field '//input[@name="confirm_password"]'.</msg>
<arg>${indentity_txt_confirm_password}</arg>
<arg>${password}</arg>
<doc>Types the given ``text`` into the text field identified by ``locator``.</doc>
<status status="PASS" start="2024-10-23T10:57:54.618296" elapsed="0.370030"/>
</kw>
<kw name="Press Keys" owner="SeleniumLibrary">
<msg time="2024-10-23T10:57:54.989438" level="INFO">Sending key(s) ('ENTER',) to //button[@type="submit"] element.</msg>
<msg time="2024-10-23T10:57:55.444639" level="INFO">Pressing special key ENTER to element.</msg>
<msg time="2024-10-23T10:57:55.444754" level="INFO">Releasing special key ENTER.</msg>
<arg>//button[@type="submit"]</arg>
<arg>ENTER</arg>
<doc>Simulates the user pressing key(s) to an element or on the active browser.</doc>
<status status="PASS" start="2024-10-23T10:57:54.988785" elapsed="0.484483"/>
</kw>
<arg>${user}</arg>
<status status="PASS" start="2024-10-23T10:57:51.310133" elapsed="4.163340"/>
</kw>
<kw name="Wait Until Page Contains" owner="SeleniumLibrary">
<arg>Delete</arg>
<doc>Waits until ``text`` appears on the current page.</doc>
<status status="PASS" start="2024-10-23T10:57:55.473762" elapsed="0.770779"/>
</kw>
<var name="${user}">{'id': 4, 'name': 'Patricia Lebsack', 'username': 'Karianne', 'email': 'Julianne.OConner@kory.org', 'address': {'street': 'Hoeger Mall', 'suite': 'Apt. 692', 'city': 'South Elvis', 'zipcode': '53919-4...</var>
<status status="PASS" start="2024-10-23T10:57:50.291871" elapsed="5.952806"/>
</iter>
<iter>
<kw name="Go To Link">
<kw name="Click Element" owner="SeleniumLibrary">
<msg time="2024-10-23T10:57:56.247083" level="INFO">Clicking element '//a[text()="Customers"]'.</msg>
<arg>//a[text()="${text}"]</arg>
<doc>Click the element identified by ``locator``.</doc>
<status status="PASS" start="2024-10-23T10:57:56.246665" elapsed="1.101487"/>
</kw>
<kw name="Wait Until Element Is Visible" owner="SeleniumLibrary">
<arg>//tbody//tr</arg>
<arg>5s</arg>
<doc>Waits until the element ``locator`` is visible.</doc>
<status status="PASS" start="2024-10-23T10:57:57.351170" elapsed="0.624956"/>
</kw>
<arg>Customers</arg>
<status status="PASS" start="2024-10-23T10:57:56.245181" elapsed="1.731142"/>
</kw>
<kw name="Open Add Identity">
<kw name="Click Element" owner="SeleniumLibrary">
<msg time="2024-10-23T10:57:57.977491" level="INFO">Clicking element '//a[@aria-label="Create"]'.</msg>
<arg>//a[@aria-label="Create"]</arg>
<doc>Click the element identified by ``locator``.</doc>
<status status="PASS" start="2024-10-23T10:57:57.977190" elapsed="0.383145"/>
</kw>
<kw name="Wait Until Element Is Visible" owner="SeleniumLibrary">
<arg>${indentity_txt_firstname}</arg>
<arg>10s</arg>
<doc>Waits until the element ``locator`` is visible.</doc>
<status status="PASS" start="2024-10-23T10:57:58.360678" elapsed="0.063604"/>
</kw>
<status status="PASS" start="2024-10-23T10:57:57.976710" elapsed="0.447826"/>
</kw>
<kw name="Add User">
<kw name="Evaluate" owner="BuiltIn">
<msg time="2024-10-23T10:57:58.426405" level="INFO">${firstname} = Chelsey</msg>
<var>${firstname}</var>
<arg>" ".join("${user['name']}".split()[:-1]).strip()</arg>
<doc>Evaluates the given expression in Python and returns the result.</doc>
<status status="PASS" start="2024-10-23T10:57:58.425410" elapsed="0.001056"/>
</kw>
<kw name="Evaluate" owner="BuiltIn">
<msg time="2024-10-23T10:57:58.427723" level="INFO">${lastname} = Dietrich</msg>
<var>${lastname}</var>
<arg>" ".join("${user['name']}".split()[-1:]).strip()</arg>
<doc>Evaluates the given expression in Python and returns the result.</doc>
<status status="PASS" start="2024-10-23T10:57:58.426752" elapsed="0.001030"/>
</kw>
<kw name="Evaluate" owner="BuiltIn">
<msg time="2024-10-23T10:57:58.429039" level="INFO">${address} = Skiles Walks</msg>
<var>${address}</var>
<arg>f"${user['address']['street']}"</arg>
<doc>Evaluates the given expression in Python and returns the result.</doc>
<status status="PASS" start="2024-10-23T10:57:58.428054" elapsed="0.001044"/>
</kw>
<kw name="Set Variable" owner="BuiltIn">
<msg time="2024-10-23T10:57:58.429581" level="INFO">${password} = P@ssWord456</msg>
<var>${password}</var>
<arg>P@ssWord456</arg>
<doc>Returns the given values which can then be assigned to a variables.</doc>
<status status="PASS" start="2024-10-23T10:57:58.429323" elapsed="0.000308"/>
</kw>
<kw name="Input Text" owner="SeleniumLibrary">
<msg time="2024-10-23T10:57:58.430269" level="INFO">Typing text 'Chelsey' into text field '//input[@name="first_name"]'.</msg>
<arg>${indentity_txt_firstname}</arg>
<arg>${firstname}</arg>
<doc>Types the given ``text`` into the text field identified by ``locator``.</doc>
<status status="PASS" start="2024-10-23T10:57:58.429834" elapsed="0.288098"/>
</kw>
<kw name="Input Text" owner="SeleniumLibrary">
<msg time="2024-10-23T10:57:58.719444" level="INFO">Typing text 'Dietrich' into text field '//input[@name="last_name"]'.</msg>
<arg>${indentity_txt_lastname}</arg>
<arg>${lastname}</arg>
<doc>Types the given ``text`` into the text field identified by ``locator``.</doc>
<status status="PASS" start="2024-10-23T10:57:58.718226" elapsed="0.291984"/>
</kw>
<kw name="Input Text" owner="SeleniumLibrary">
<msg time="2024-10-23T10:57:59.013758" level="INFO">Typing text 'Lucio_Hettinger@annie.ca' into text field '//input[@name="email"]'.</msg>
<arg>${indentity_txt_email}</arg>
<arg>${user['email']}</arg>
<doc>Types the given ``text`` into the text field identified by ``locator``.</doc>
<status status="PASS" start="2024-10-23T10:57:59.010862" elapsed="0.443646"/>
</kw>
<kw name="Input Date">
<kw name="Click Element At Coordinates" owner="SeleniumLibrary">
<msg time="2024-10-23T10:57:59.461439" level="INFO">Clicking element '//input[@name="birthday"]' at coordinates x=0, y=0.</msg>
<arg>${locator}</arg>
<arg>0</arg>
<arg>0</arg>
<doc>Click the element ``locator`` at ``xoffset/yoffset``.</doc>
<status status="PASS" start="2024-10-23T10:57:59.460915" elapsed="0.607850"/>
</kw>
<kw name="Press Keys" owner="SeleniumLibrary">
<msg time="2024-10-23T10:58:00.078774" level="INFO">Sending key(s) ('04041990',) to page.</msg>
<msg time="2024-10-23T10:58:00.079152" level="INFO">Sending keys 04041990</msg>
<arg>None</arg>
<arg>${date}</arg>
<doc>Simulates the user pressing key(s) to an element or on the active browser.</doc>
<status status="PASS" start="2024-10-23T10:58:00.074317" elapsed="0.175107"/>
</kw>
<arg>${indentity_txt_birthday}</arg>
<arg>${user['birthday']}</arg>
<status status="PASS" start="2024-10-23T10:57:59.454921" elapsed="0.794822"/>
</kw>
<kw name="Input Text" owner="SeleniumLibrary">
<msg time="2024-10-23T10:58:00.251022" level="INFO">Typing text 'Skiles Walks' into text field '//textarea[@name="address"]'.</msg>
<arg>${indentity_txt_address}</arg>
<arg>${address}</arg>
<doc>Types the given ``text`` into the text field identified by ``locator``.</doc>
<status status="PASS" start="2024-10-23T10:58:00.250138" elapsed="0.311584"/>
</kw>
<kw name="Input Text" owner="SeleniumLibrary">
<msg time="2024-10-23T10:58:00.563319" level="INFO">Typing text 'Roscoeview' into text field '//input[@name="city"]'.</msg>
<arg>${indentity_txt_city}</arg>
<arg>${user['address']['city']}</arg>
<doc>Types the given ``text`` into the text field identified by ``locator``.</doc>
<status status="PASS" start="2024-10-23T10:58:00.562061" elapsed="0.431633"/>
</kw>
<kw name="Input Text" owner="SeleniumLibrary">
<msg time="2024-10-23T10:58:00.995013" level="INFO">Typing text 'Talcum' into text field '//input[@name="stateAbbr"]'.</msg>
<arg>${indentity_txt_stateAbbr}</arg>
<arg>${user['address']['state']}</arg>
<doc>Types the given ``text`` into the text field identified by ``locator``.</doc>
<status status="PASS" start="2024-10-23T10:58:00.993975" elapsed="0.282236"/>
</kw>
<kw name="Input Text" owner="SeleniumLibrary">
<msg time="2024-10-23T10:58:01.278745" level="INFO">Typing text '33263' into text field '//input[@name="zipcode"]'.</msg>
<arg>${indentity_txt_zipcode}</arg>
<arg>${user['address']['zipcode']}</arg>
<doc>Types the given ``text`` into the text field identified by ``locator``.</doc>
<status status="PASS" start="2024-10-23T10:58:01.276577" elapsed="0.508394"/>
</kw>
<kw name="Input Text" owner="SeleniumLibrary">
<msg time="2024-10-23T10:58:01.786242" level="INFO">Typing text 'P@ssWord456' into text field '//input[@name="password"]'.</msg>
<arg>${indentity_txt_password}</arg>
<arg>${password}</arg>
<doc>Types the given ``text`` into the text field identified by ``locator``.</doc>
<status status="PASS" start="2024-10-23T10:58:01.785326" elapsed="0.445993"/>
</kw>
<kw name="Input Text" owner="SeleniumLibrary">
<msg time="2024-10-23T10:58:02.232046" level="INFO">Typing text 'P@ssWord456' into text field '//input[@name="confirm_password"]'.</msg>
<arg>${indentity_txt_confirm_password}</arg>
<arg>${password}</arg>
<doc>Types the given ``text`` into the text field identified by ``locator``.</doc>
<status status="PASS" start="2024-10-23T10:58:02.231646" elapsed="0.321568"/>
</kw>
<kw name="Press Keys" owner="SeleniumLibrary">
<msg time="2024-10-23T10:58:02.555602" level="INFO">Sending key(s) ('ENTER',) to //button[@type="submit"] element.</msg>
<msg time="2024-10-23T10:58:03.012466" level="INFO">Pressing special key ENTER to element.</msg>
<msg time="2024-10-23T10:58:03.012725" level="INFO">Releasing special key ENTER.</msg>
<arg>//button[@type="submit"]</arg>
<arg>ENTER</arg>
<doc>Simulates the user pressing key(s) to an element or on the active browser.</doc>
<status status="PASS" start="2024-10-23T10:58:02.554376" elapsed="0.494785"/>
</kw>
<arg>${user}</arg>
<status status="PASS" start="2024-10-23T10:57:58.424874" elapsed="4.625247"/>
</kw>
<kw name="Wait Until Page Contains" owner="SeleniumLibrary">
<arg>Delete</arg>
<doc>Waits until ``text`` appears on the current page.</doc>
<status status="PASS" start="2024-10-23T10:58:03.050494" elapsed="0.744198"/>
</kw>
<var name="${user}">{'id': 5, 'name': 'Chelsey Dietrich', 'username': 'Kamren', 'email': 'Lucio_Hettinger@annie.ca', 'address': {'street': 'Skiles Walks', 'suite': 'Suite 351', 'city': 'Roscoeview', 'zipcode': '33263', '...</var>
<status status="PASS" start="2024-10-23T10:57:56.244955" elapsed="7.549865"/>
</iter>
<iter>
<kw name="Go To Link">
<kw name="Click Element" owner="SeleniumLibrary">
<msg time="2024-10-23T10:58:03.796648" level="INFO">Clicking element '//a[text()="Customers"]'.</msg>
<arg>//a[text()="${text}"]</arg>
<doc>Click the element identified by ``locator``.</doc>
<status status="PASS" start="2024-10-23T10:58:03.796276" elapsed="0.769388"/>
</kw>
<kw name="Wait Until Element Is Visible" owner="SeleniumLibrary">
<arg>//tbody//tr</arg>
<arg>5s</arg>
<doc>Waits until the element ``locator`` is visible.</doc>
<status status="PASS" start="2024-10-23T10:58:04.565976" elapsed="0.077849"/>
</kw>
<arg>Customers</arg>
<status status="PASS" start="2024-10-23T10:58:03.795331" elapsed="0.848736"/>
</kw>
<kw name="Open Add Identity">
<kw name="Click Element" owner="SeleniumLibrary">
<msg time="2024-10-23T10:58:04.646630" level="INFO">Clicking element '//a[@aria-label="Create"]'.</msg>
<arg>//a[@aria-label="Create"]</arg>
<doc>Click the element identified by ``locator``.</doc>
<status status="PASS" start="2024-10-23T10:58:04.645501" elapsed="0.377386"/>
</kw>
<kw name="Wait Until Element Is Visible" owner="SeleniumLibrary">
<arg>${indentity_txt_firstname}</arg>
<arg>10s</arg>
<doc>Waits until the element ``locator`` is visible.</doc>
<status status="PASS" start="2024-10-23T10:58:05.024064" elapsed="0.050576"/>
</kw>
<status status="PASS" start="2024-10-23T10:58:04.644364" elapsed="0.430519"/>
</kw>
<kw name="Add User">
<kw name="Evaluate" owner="BuiltIn">
<msg time="2024-10-23T10:58:05.076911" level="INFO">${firstname} = Mrs. Dennis</msg>
<var>${firstname}</var>
<arg>" ".join("${user['name']}".split()[:-1]).strip()</arg>
<doc>Evaluates the given expression in Python and returns the result.</doc>
<status status="PASS" start="2024-10-23T10:58:05.075878" elapsed="0.001096"/>
</kw>
<kw name="Evaluate" owner="BuiltIn">
<msg time="2024-10-23T10:58:05.078177" level="INFO">${lastname} = Schulist</msg>
<var>${lastname}</var>
<arg>" ".join("${user['name']}".split()[-1:]).strip()</arg>
<doc>Evaluates the given expression in Python and returns the result.</doc>
<status status="PASS" start="2024-10-23T10:58:05.077216" elapsed="0.001019"/>
</kw>
<kw name="Evaluate" owner="BuiltIn">
<msg time="2024-10-23T10:58:05.079382" level="INFO">${address} = Norberto Crossing</msg>
<var>${address}</var>
<arg>f"${user['address']['street']}"</arg>
<doc>Evaluates the given expression in Python and returns the result.</doc>
<status status="PASS" start="2024-10-23T10:58:05.078456" elapsed="0.000982"/>
</kw>
<kw name="Set Variable" owner="BuiltIn">
<msg time="2024-10-23T10:58:05.079905" level="INFO">${password} = P@ssWord456</msg>
<var>${password}</var>
<arg>P@ssWord456</arg>
<doc>Returns the given values which can then be assigned to a variables.</doc>
<status status="PASS" start="2024-10-23T10:58:05.079665" elapsed="0.000288"/>
</kw>
<kw name="Input Text" owner="SeleniumLibrary">
<msg time="2024-10-23T10:58:05.080746" level="INFO">Typing text 'Mrs. Dennis' into text field '//input[@name="first_name"]'.</msg>
<arg>${indentity_txt_firstname}</arg>
<arg>${firstname}</arg>
<doc>Types the given ``text`` into the text field identified by ``locator``.</doc>
<status status="PASS" start="2024-10-23T10:58:05.080152" elapsed="0.474765"/>
</kw>
<kw name="Input Text" owner="SeleniumLibrary">
<msg time="2024-10-23T10:58:05.555638" level="INFO">Typing text 'Schulist' into text field '//input[@name="last_name"]'.</msg>
<arg>${indentity_txt_lastname}</arg>
<arg>${lastname}</arg>
<doc>Types the given ``text`` into the text field identified by ``locator``.</doc>
<status status="PASS" start="2024-10-23T10:58:05.555207" elapsed="0.582575"/>
</kw>
<kw name="Input Text" owner="SeleniumLibrary">
<msg time="2024-10-23T10:58:06.139112" level="INFO">Typing text 'Karley_Dach@jasper.info' into text field '//input[@name="email"]'.</msg>
<arg>${indentity_txt_email}</arg>
<arg>${user['email']}</arg>
<doc>Types the given ``text`` into the text field identified by ``locator``.</doc>
<status status="PASS" start="2024-10-23T10:58:06.138077" elapsed="0.608021"/>
</kw>
<kw name="Input Date">
<kw name="Click Element At Coordinates" owner="SeleniumLibrary">
<msg time="2024-10-23T10:58:06.748776" level="INFO">Clicking element '//input[@name="birthday"]' at coordinates x=0, y=0.</msg>
<arg>${locator}</arg>
<arg>0</arg>
<arg>0</arg>
<doc>Click the element ``locator`` at ``xoffset/yoffset``.</doc>
<status status="PASS" start="2024-10-23T10:58:06.748317" elapsed="0.580548"/>
</kw>
<kw name="Press Keys" owner="SeleniumLibrary">
<msg time="2024-10-23T10:58:07.334341" level="INFO">Sending key(s) ('03012017',) to page.</msg>
<msg time="2024-10-23T10:58:07.335265" level="INFO">Sending keys 03012017</msg>
<arg>None</arg>
<arg>${date}</arg>
<doc>Simulates the user pressing key(s) to an element or on the active browser.</doc>
<status status="PASS" start="2024-10-23T10:58:07.329505" elapsed="0.265577"/>
</kw>
<arg>${indentity_txt_birthday}</arg>
<arg>${user['birthday']}</arg>
<status status="PASS" start="2024-10-23T10:58:06.746833" elapsed="0.848440"/>
</kw>
<kw name="Input Text" owner="SeleniumLibrary">
<msg time="2024-10-23T10:58:07.595935" level="INFO">Typing text 'Norberto Crossing' into text field '//textarea[@name="address"]'.</msg>
<arg>${indentity_txt_address}</arg>
<arg>${address}</arg>
<doc>Types the given ``text`` into the text field identified by ``locator``.</doc>
<status status="PASS" start="2024-10-23T10:58:07.595502" elapsed="0.282995"/>
</kw>
<kw name="Input Text" owner="SeleniumLibrary">
<msg time="2024-10-23T10:58:07.879917" level="INFO">Typing text 'South Christy' into text field '//input[@name="city"]'.</msg>
<arg>${indentity_txt_city}</arg>
<arg>${user['address']['city']}</arg>
<doc>Types the given ``text`` into the text field identified by ``locator``.</doc>
<status status="PASS" start="2024-10-23T10:58:07.878857" elapsed="0.309308"/>
</kw>
<kw name="Input Text" owner="SeleniumLibrary">
<msg time="2024-10-23T10:58:08.189990" level="INFO">Typing text 'Squeeze' into text field '//input[@name="stateAbbr"]'.</msg>
<arg>${indentity_txt_stateAbbr}</arg>
<arg>${user['address']['state']}</arg>
<doc>Types the given ``text`` into the text field identified by ``locator``.</doc>
<status status="PASS" start="2024-10-23T10:58:08.188581" elapsed="0.323257"/>
</kw>
<kw name="Input Text" owner="SeleniumLibrary">
<msg time="2024-10-23T10:58:08.514771" level="INFO">Typing text '23505-1337' into text field '//input[@name="zipcode"]'.</msg>
<arg>${indentity_txt_zipcode}</arg>
<arg>${user['address']['zipcode']}</arg>
<doc>Types the given ``text`` into the text field identified by ``locator``.</doc>
<status status="PASS" start="2024-10-23T10:58:08.513247" elapsed="0.337852"/>
</kw>
<kw name="Input Text" owner="SeleniumLibrary">
<msg time="2024-10-23T10:58:08.852879" level="INFO">Typing text 'P@ssWord456' into text field '//input[@name="password"]'.</msg>
<arg>${indentity_txt_password}</arg>
<arg>${password}</arg>
<doc>Types the given ``text`` into the text field identified by ``locator``.</doc>
<status status="PASS" start="2024-10-23T10:58:08.851390" elapsed="0.357299"/>
</kw>
<kw name="Input Text" owner="SeleniumLibrary">
<msg time="2024-10-23T10:58:09.209615" level="INFO">Typing text 'P@ssWord456' into text field '//input[@name="confirm_password"]'.</msg>
<arg>${indentity_txt_confirm_password}</arg>
<arg>${password}</arg>
<doc>Types the given ``text`` into the text field identified by ``locator``.</doc>
<status status="PASS" start="2024-10-23T10:58:09.209081" elapsed="0.336168"/>
</kw>
<kw name="Press Keys" owner="SeleniumLibrary">
<msg time="2024-10-23T10:58:09.546636" level="INFO">Sending key(s) ('ENTER',) to //button[@type="submit"] element.</msg>
<msg time="2024-10-23T10:58:10.008750" level="INFO">Pressing special key ENTER to element.</msg>
<msg time="2024-10-23T10:58:10.008893" level="INFO">Releasing special key ENTER.</msg>
<arg>//button[@type="submit"]</arg>
<arg>ENTER</arg>
<doc>Simulates the user pressing key(s) to an element or on the active browser.</doc>
<status status="PASS" start="2024-10-23T10:58:09.545616" elapsed="0.498660"/>
</kw>
<arg>${user}</arg>
<status status="PASS" start="2024-10-23T10:58:05.075262" elapsed="4.969206"/>
</kw>
<kw name="Wait Until Page Contains" owner="SeleniumLibrary">
<arg>Delete</arg>
<doc>Waits until ``text`` appears on the current page.</doc>
<status status="PASS" start="2024-10-23T10:58:10.044729" elapsed="0.738225"/>
</kw>
<var name="${user}">{'id': 6, 'name': 'Mrs. Dennis Schulist', 'username': 'Leopoldo_Corkery', 'email': 'Karley_Dach@jasper.info', 'address': {'street': 'Norberto Crossing', 'suite': 'Apt. 950', 'city': 'South Christy', '...</var>
<status status="PASS" start="2024-10-23T10:58:03.795096" elapsed="6.987990"/>
</iter>
<iter>
<kw name="Go To Link">
<kw name="Click Element" owner="SeleniumLibrary">
<msg time="2024-10-23T10:58:10.784495" level="INFO">Clicking element '//a[text()="Customers"]'.</msg>
<arg>//a[text()="${text}"]</arg>
<doc>Click the element identified by ``locator``.</doc>
<status status="PASS" start="2024-10-23T10:58:10.784137" elapsed="0.647288"/>
</kw>
<kw name="Wait Until Element Is Visible" owner="SeleniumLibrary">
<arg>//tbody//tr</arg>
<arg>5s</arg>
<doc>Waits until the element ``locator`` is visible.</doc>
<status status="PASS" start="2024-10-23T10:58:11.434971" elapsed="0.065481"/>
</kw>
<arg>Customers</arg>
<status status="PASS" start="2024-10-23T10:58:10.783678" elapsed="0.717019"/>
</kw>
<kw name="Open Add Identity">
<kw name="Click Element" owner="SeleniumLibrary">
<msg time="2024-10-23T10:58:11.501865" level="INFO">Clicking element '//a[@aria-label="Create"]'.</msg>
<arg>//a[@aria-label="Create"]</arg>
<doc>Click the element identified by ``locator``.</doc>
<status status="PASS" start="2024-10-23T10:58:11.501530" elapsed="0.449509"/>
</kw>
<kw name="Wait Until Element Is Visible" owner="SeleniumLibrary">
<arg>${indentity_txt_firstname}</arg>
<arg>10s</arg>
<doc>Waits until the element ``locator`` is visible.</doc>
<status status="PASS" start="2024-10-23T10:58:11.951320" elapsed="0.058728"/>
</kw>
<status status="PASS" start="2024-10-23T10:58:11.501004" elapsed="0.509236"/>
</kw>
<kw name="Add User">
<kw name="Evaluate" owner="BuiltIn">
<msg time="2024-10-23T10:58:12.014339" level="INFO">${firstname} = Kurtis</msg>
<var>${firstname}</var>
<arg>" ".join("${user['name']}".split()[:-1]).strip()</arg>
<doc>Evaluates the given expression in Python and returns the result.</doc>
<status status="PASS" start="2024-10-23T10:58:12.011177" elapsed="0.003230"/>
</kw>
<kw name="Evaluate" owner="BuiltIn">
<msg time="2024-10-23T10:58:12.016291" level="INFO">${lastname} = Weissnat</msg>
<var>${lastname}</var>
<arg>" ".join("${user['name']}".split()[-1:]).strip()</arg>
<doc>Evaluates the given expression in Python and returns the result.</doc>
<status status="PASS" start="2024-10-23T10:58:12.014703" elapsed="0.001654"/>
</kw>
<kw name="Evaluate" owner="BuiltIn">
<msg time="2024-10-23T10:58:12.017728" level="INFO">${address} = Rex Trail</msg>
<var>${address}</var>
<arg>f"${user['address']['street']}"</arg>
<doc>Evaluates the given expression in Python and returns the result.</doc>
<status status="PASS" start="2024-10-23T10:58:12.016664" elapsed="0.001127"/>
</kw>
<kw name="Set Variable" owner="BuiltIn">
<msg time="2024-10-23T10:58:12.018316" level="INFO">${password} = P@ssWord456</msg>
<var>${password}</var>
<arg>P@ssWord456</arg>
<doc>Returns the given values which can then be assigned to a variables.</doc>
<status status="PASS" start="2024-10-23T10:58:12.018035" elapsed="0.000331"/>
</kw>
<kw name="Input Text" owner="SeleniumLibrary">
<msg time="2024-10-23T10:58:12.018962" level="INFO">Typing text 'Kurtis' into text field '//input[@name="first_name"]'.</msg>
<arg>${indentity_txt_firstname}</arg>
<arg>${firstname}</arg>
<doc>Types the given ``text`` into the text field identified by ``locator``.</doc>
<status status="PASS" start="2024-10-23T10:58:12.018593" elapsed="0.247894"/>
</kw>
<kw name="Input Text" owner="SeleniumLibrary">
<msg time="2024-10-23T10:58:12.267392" level="INFO">Typing text 'Weissnat' into text field '//input[@name="last_name"]'.</msg>
<arg>${indentity_txt_lastname}</arg>
<arg>${lastname}</arg>
<doc>Types the given ``text`` into the text field identified by ``locator``.</doc>
<status status="PASS" start="2024-10-23T10:58:12.266973" elapsed="0.607866"/>
</kw>
<kw name="Input Text" owner="SeleniumLibrary">
<msg time="2024-10-23T10:58:12.879418" level="INFO">Typing text 'Telly.Hoeger@billy.biz' into text field '//input[@name="email"]'.</msg>
<arg>${indentity_txt_email}</arg>
<arg>${user['email']}</arg>
<doc>Types the given ``text`` into the text field identified by ``locator``.</doc>
<status status="PASS" start="2024-10-23T10:58:12.875791" elapsed="0.671322"/>
</kw>
<kw name="Input Date">
<kw name="Click Element At Coordinates" owner="SeleniumLibrary">
<msg time="2024-10-23T10:58:13.549699" level="INFO">Clicking element '//input[@name="birthday"]' at coordinates x=0, y=0.</msg>
<arg>${locator}</arg>
<arg>0</arg>
<arg>0</arg>
<doc>Click the element ``locator`` at ``xoffset/yoffset``.</doc>
<status status="PASS" start="2024-10-23T10:58:13.549112" elapsed="0.596358"/>
</kw>
<kw name="Press Keys" owner="SeleniumLibrary">
<msg time="2024-10-23T10:58:14.148139" level="INFO">Sending key(s) ('07182006',) to page.</msg>
<msg time="2024-10-23T10:58:14.148721" level="INFO">Sending keys 07182006</msg>
<arg>None</arg>
<arg>${date}</arg>
<doc>Simulates the user pressing key(s) to an element or on the active browser.</doc>
<status status="PASS" start="2024-10-23T10:58:14.146206" elapsed="0.209908"/>
</kw>
<arg>${indentity_txt_birthday}</arg>
<arg>${user['birthday']}</arg>
<status status="PASS" start="2024-10-23T10:58:13.547435" elapsed="0.808894"/>
</kw>
<kw name="Input Text" owner="SeleniumLibrary">
<msg time="2024-10-23T10:58:14.357069" level="INFO">Typing text 'Rex Trail' into text field '//textarea[@name="address"]'.</msg>
<arg>${indentity_txt_address}</arg>
<arg>${address}</arg>
<doc>Types the given ``text`` into the text field identified by ``locator``.</doc>
<status status="PASS" start="2024-10-23T10:58:14.356598" elapsed="0.310994"/>
</kw>
<kw name="Input Text" owner="SeleniumLibrary">
<msg time="2024-10-23T10:58:14.672239" level="INFO">Typing text 'Howemouth' into text field '//input[@name="city"]'.</msg>
<arg>${indentity_txt_city}</arg>
<arg>${user['address']['city']}</arg>
<doc>Types the given ``text`` into the text field identified by ``locator``.</doc>
<status status="PASS" start="2024-10-23T10:58:14.667939" elapsed="0.330779"/>
</kw>
<kw name="Input Text" owner="SeleniumLibrary">
<msg time="2024-10-23T10:58:15.000357" level="INFO">Typing text 'Providing' into text field '//input[@name="stateAbbr"]'.</msg>
<arg>${indentity_txt_stateAbbr}</arg>
<arg>${user['address']['state']}</arg>
<doc>Types the given ``text`` into the text field identified by ``locator``.</doc>
<status status="PASS" start="2024-10-23T10:58:14.999118" elapsed="0.340991"/>
</kw>
<kw name="Input Text" owner="SeleniumLibrary">
<msg time="2024-10-23T10:58:15.342414" level="INFO">Typing text '58804-1099' into text field '//input[@name="zipcode"]'.</msg>
<arg>${indentity_txt_zipcode}</arg>
<arg>${user['address']['zipcode']}</arg>
<doc>Types the given ``text`` into the text field identified by ``locator``.</doc>
<status status="PASS" start="2024-10-23T10:58:15.340631" elapsed="0.363862"/>
</kw>
<kw name="Input Text" owner="SeleniumLibrary">
<msg time="2024-10-23T10:58:15.709671" level="INFO">Typing text 'P@ssWord456' into text field '//input[@name="password"]'.</msg>
<arg>${indentity_txt_password}</arg>
<arg>${password}</arg>
<doc>Types the given ``text`` into the text field identified by ``locator``.</doc>
<status status="PASS" start="2024-10-23T10:58:15.704836" elapsed="0.395631"/>
</kw>
<kw name="Input Text" owner="SeleniumLibrary">
<msg time="2024-10-23T10:58:16.101715" level="INFO">Typing text 'P@ssWord456' into text field '//input[@name="confirm_password"]'.</msg>
<arg>${indentity_txt_confirm_password}</arg>
<arg>${password}</arg>
<doc>Types the given ``text`` into the text field identified by ``locator``.</doc>
<status status="PASS" start="2024-10-23T10:58:16.100939" elapsed="0.353693"/>
</kw>
<kw name="Press Keys" owner="SeleniumLibrary">
<msg time="2024-10-23T10:58:16.456702" level="INFO">Sending key(s) ('ENTER',) to //button[@type="submit"] element.</msg>
<msg time="2024-10-23T10:58:16.921006" level="INFO">Pressing special key ENTER to element.</msg>
<msg time="2024-10-23T10:58:16.921975" level="INFO">Releasing special key ENTER.</msg>
<arg>//button[@type="submit"]</arg>
<arg>ENTER</arg>
<doc>Simulates the user pressing key(s) to an element or on the active browser.</doc>
<status status="PASS" start="2024-10-23T10:58:16.454972" elapsed="0.491944"/>
</kw>
<arg>${user}</arg>
<status status="PASS" start="2024-10-23T10:58:12.010613" elapsed="4.936527"/>
</kw>
<kw name="Wait Until Page Contains" owner="SeleniumLibrary">
<arg>Delete</arg>
<doc>Waits until ``text`` appears on the current page.</doc>
<status status="PASS" start="2024-10-23T10:58:16.947412" elapsed="0.775477"/>
</kw>
<var name="${user}">{'id': 7, 'name': 'Kurtis Weissnat', 'username': 'Elwyn.Skiles', 'email': 'Telly.Hoeger@billy.biz', 'address': {'street': 'Rex Trail', 'suite': 'Suite 280', 'city': 'Howemouth', 'zipcode': '58804-1099...</var>
<status status="PASS" start="2024-10-23T10:58:10.783427" elapsed="6.939637"/>
</iter>
<iter>
<kw name="Go To Link">
<kw name="Click Element" owner="SeleniumLibrary">
<msg time="2024-10-23T10:58:17.727374" level="INFO">Clicking element '//a[text()="Customers"]'.</msg>
<arg>//a[text()="${text}"]</arg>
<doc>Click the element identified by ``locator``.</doc>
<status status="PASS" start="2024-10-23T10:58:17.726915" elapsed="1.027563"/>
</kw>
<kw name="Wait Until Element Is Visible" owner="SeleniumLibrary">
<arg>//tbody//tr</arg>
<arg>5s</arg>
<doc>Waits until the element ``locator`` is visible.</doc>
<status status="PASS" start="2024-10-23T10:58:18.754826" elapsed="0.412269"/>
</kw>
<arg>Customers</arg>
<status status="PASS" start="2024-10-23T10:58:17.725894" elapsed="1.441402"/>
</kw>
<kw name="Open Add Identity">
<kw name="Click Element" owner="SeleniumLibrary">
<msg time="2024-10-23T10:58:19.169901" level="INFO">Clicking element '//a[@aria-label="Create"]'.</msg>
<arg>//a[@aria-label="Create"]</arg>
<doc>Click the element identified by ``locator``.</doc>
<status status="PASS" start="2024-10-23T10:58:19.169540" elapsed="0.234390"/>
</kw>
<kw name="Wait Until Element Is Visible" owner="SeleniumLibrary">
<arg>${indentity_txt_firstname}</arg>
<arg>10s</arg>
<doc>Waits until the element ``locator`` is visible.</doc>
<status status="PASS" start="2024-10-23T10:58:19.404206" elapsed="0.033537"/>
</kw>
<status status="PASS" start="2024-10-23T10:58:19.167642" elapsed="0.270296"/>
</kw>
<kw name="Add User">
<kw name="Evaluate" owner="BuiltIn">
<msg time="2024-10-23T10:58:19.442571" level="INFO">${firstname} = Nicholas Runolfsdottir</msg>
<var>${firstname}</var>
<arg>" ".join("${user['name']}".split()[:-1]).strip()</arg>
<doc>Evaluates the given expression in Python and returns the result.</doc>
<status status="PASS" start="2024-10-23T10:58:19.441454" elapsed="0.001185"/>
</kw>
<kw name="Evaluate" owner="BuiltIn">
<msg time="2024-10-23T10:58:19.444622" level="INFO">${lastname} = V</msg>
<var>${lastname}</var>
<arg>" ".join("${user['name']}".split()[-1:]).strip()</arg>
<doc>Evaluates the given expression in Python and returns the result.</doc>
<status status="PASS" start="2024-10-23T10:58:19.442898" elapsed="0.001808"/>
</kw>
<kw name="Evaluate" owner="BuiltIn">
<msg time="2024-10-23T10:58:19.445990" level="INFO">${address} = Ellsworth Summit</msg>
<var>${address}</var>
<arg>f"${user['address']['street']}"</arg>
<doc>Evaluates the given expression in Python and returns the result.</doc>
<status status="PASS" start="2024-10-23T10:58:19.444971" elapsed="0.001081"/>
</kw>
<kw name="Set Variable" owner="BuiltIn">
<msg time="2024-10-23T10:58:19.446532" level="INFO">${password} = P@ssWord456</msg>
<var>${password}</var>
<arg>P@ssWord456</arg>
<doc>Returns the given values which can then be assigned to a variables.</doc>
<status status="PASS" start="2024-10-23T10:58:19.446277" elapsed="0.000309"/>
</kw>
<kw name="Input Text" owner="SeleniumLibrary">
<msg time="2024-10-23T10:58:19.447147" level="INFO">Typing text 'Nicholas Runolfsdottir' into text field '//input[@name="first_name"]'.</msg>
<arg>${indentity_txt_firstname}</arg>
<arg>${firstname}</arg>
<doc>Types the given ``text`` into the text field identified by ``locator``.</doc>
<status status="PASS" start="2024-10-23T10:58:19.446790" elapsed="0.408471"/>
</kw>
<kw name="Input Text" owner="SeleniumLibrary">
<msg time="2024-10-23T10:58:19.857386" level="INFO">Typing text 'V' into text field '//input[@name="last_name"]'.</msg>
<arg>${indentity_txt_lastname}</arg>
<arg>${lastname}</arg>
<doc>Types the given ``text`` into the text field identified by ``locator``.</doc>
<status status="PASS" start="2024-10-23T10:58:19.856299" elapsed="0.200529"/>
</kw>
<kw name="Input Text" owner="SeleniumLibrary">
<msg time="2024-10-23T10:58:20.059906" level="INFO">Typing text 'Sherwood@rosamond.me' into text field '//input[@name="email"]'.</msg>
<arg>${indentity_txt_email}</arg>
<arg>${user['email']}</arg>
<doc>Types the given ``text`` into the text field identified by ``locator``.</doc>
<status status="PASS" start="2024-10-23T10:58:20.058225" elapsed="0.563265"/>
</kw>
<kw name="Input Date">
<kw name="Click Element At Coordinates" owner="SeleniumLibrary">
<msg time="2024-10-23T10:58:20.625800" level="INFO">Clicking element '//input[@name="birthday"]' at coordinates x=0, y=0.</msg>
<arg>${locator}</arg>
<arg>0</arg>
<arg>0</arg>
<doc>Click the element ``locator`` at ``xoffset/yoffset``.</doc>
<status status="PASS" start="2024-10-23T10:58:20.625347" elapsed="0.595044"/>
</kw>
<kw name="Press Keys" owner="SeleniumLibrary">
<msg time="2024-10-23T10:58:21.222967" level="INFO">Sending key(s) ('01151979',) to page.</msg>
<msg time="2024-10-23T10:58:21.223266" level="INFO">Sending keys 01151979</msg>
<arg>None</arg>
<arg>${date}</arg>
<doc>Simulates the user pressing key(s) to an element or on the active browser.</doc>
<status status="PASS" start="2024-10-23T10:58:21.221467" elapsed="0.269643"/>
</kw>
<arg>${indentity_txt_birthday}</arg>
<arg>${user['birthday']}</arg>
<status status="PASS" start="2024-10-23T10:58:20.622149" elapsed="0.869200"/>
</kw>
<kw name="Input Text" owner="SeleniumLibrary">
<msg time="2024-10-23T10:58:21.492389" level="INFO">Typing text 'Ellsworth Summit' into text field '//textarea[@name="address"]'.</msg>
<arg>${indentity_txt_address}</arg>
<arg>${address}</arg>
<doc>Types the given ``text`` into the text field identified by ``locator``.</doc>
<status status="PASS" start="2024-10-23T10:58:21.491897" elapsed="0.310820"/>
</kw>
<kw name="Input Text" owner="SeleniumLibrary">
<msg time="2024-10-23T10:58:21.804394" level="INFO">Typing text 'Aliyaview' into text field '//input[@name="city"]'.</msg>
<arg>${indentity_txt_city}</arg>
<arg>${user['address']['city']}</arg>
<doc>Types the given ``text`` into the text field identified by ``locator``.</doc>
<status status="PASS" start="2024-10-23T10:58:21.803042" elapsed="0.318679"/>
</kw>
<kw name="Input Text" owner="SeleniumLibrary">
<msg time="2024-10-23T10:58:22.123062" level="INFO">Typing text 'Rendering' into text field '//input[@name="stateAbbr"]'.</msg>
<arg>${indentity_txt_stateAbbr}</arg>
<arg>${user['address']['state']}</arg>
<doc>Types the given ``text`` into the text field identified by ``locator``.</doc>
<status status="PASS" start="2024-10-23T10:58:22.122003" elapsed="0.341177"/>
</kw>
<kw name="Input Text" owner="SeleniumLibrary">
<msg time="2024-10-23T10:58:22.479890" level="INFO">Typing text '45169' into text field '//input[@name="zipcode"]'.</msg>
<arg>${indentity_txt_zipcode}</arg>
<arg>${user['address']['zipcode']}</arg>
<doc>Types the given ``text`` into the text field identified by ``locator``.</doc>
<status status="PASS" start="2024-10-23T10:58:22.463500" elapsed="0.417211"/>
</kw>
<kw name="Input Text" owner="SeleniumLibrary">
<msg time="2024-10-23T10:58:22.881588" level="INFO">Typing text 'P@ssWord456' into text field '//input[@name="password"]'.</msg>
<arg>${indentity_txt_password}</arg>
<arg>${password}</arg>
<doc>Types the given ``text`` into the text field identified by ``locator``.</doc>
<status status="PASS" start="2024-10-23T10:58:22.881053" elapsed="0.303500"/>
</kw>
<kw name="Input Text" owner="SeleniumLibrary">
<msg time="2024-10-23T10:58:23.185239" level="INFO">Typing text 'P@ssWord456' into text field '//input[@name="confirm_password"]'.</msg>
<arg>${indentity_txt_confirm_password}</arg>
<arg>${password}</arg>
<doc>Types the given ``text`` into the text field identified by ``locator``.</doc>
<status status="PASS" start="2024-10-23T10:58:23.184839" elapsed="0.289838"/>
</kw>
<kw name="Press Keys" owner="SeleniumLibrary">
<msg time="2024-10-23T10:58:23.478087" level="INFO">Sending key(s) ('ENTER',) to //button[@type="submit"] element.</msg>
<msg time="2024-10-23T10:58:23.942573" level="INFO">Pressing special key ENTER to element.</msg>
<msg time="2024-10-23T10:58:23.942756" level="INFO">Releasing special key ENTER.</msg>
<arg>//button[@type="submit"]</arg>
<arg>ENTER</arg>
<doc>Simulates the user pressing key(s) to an element or on the active browser.</doc>
<status status="PASS" start="2024-10-23T10:58:23.476940" elapsed="0.507630"/>
</kw>
<arg>${user}</arg>
<status status="PASS" start="2024-10-23T10:58:19.438469" elapsed="4.547280"/>
</kw>
<kw name="Wait Until Page Contains" owner="SeleniumLibrary">
<arg>Delete</arg>
<doc>Waits until ``text`` appears on the current page.</doc>
<status status="PASS" start="2024-10-23T10:58:23.986143" elapsed="0.769786"/>
</kw>
<var name="${user}">{'id': 8, 'name': 'Nicholas Runolfsdottir V', 'username': 'Maxime_Nienow', 'email': 'Sherwood@rosamond.me', 'address': {'street': 'Ellsworth Summit', 'suite': 'Suite 729', 'city': 'Aliyaview', 'zipcod...</var>
<status status="PASS" start="2024-10-23T10:58:17.723395" elapsed="7.032678"/>
</iter>
<iter>
<kw name="Go To Link">
<kw name="Click Element" owner="SeleniumLibrary">
<msg time="2024-10-23T10:58:24.757423" level="INFO">Clicking element '//a[text()="Customers"]'.</msg>
<arg>//a[text()="${text}"]</arg>
<doc>Click the element identified by ``locator``.</doc>
<status status="PASS" start="2024-10-23T10:58:24.757046" elapsed="0.536079"/>
</kw>
<kw name="Wait Until Element Is Visible" owner="SeleniumLibrary">
<arg>//tbody//tr</arg>
<arg>5s</arg>
<doc>Waits until the element ``locator`` is visible.</doc>
<status status="PASS" start="2024-10-23T10:58:25.296147" elapsed="0.182117"/>
</kw>
<arg>Customers</arg>
<status status="PASS" start="2024-10-23T10:58:24.756586" elapsed="0.721899"/>
</kw>
<kw name="Open Add Identity">
<kw name="Click Element" owner="SeleniumLibrary">
<msg time="2024-10-23T10:58:25.483141" level="INFO">Clicking element '//a[@aria-label="Create"]'.</msg>
<arg>//a[@aria-label="Create"]</arg>
<doc>Click the element identified by ``locator``.</doc>
<status status="PASS" start="2024-10-23T10:58:25.481191" elapsed="0.278430"/>
</kw>
<kw name="Wait Until Element Is Visible" owner="SeleniumLibrary">
<arg>${indentity_txt_firstname}</arg>
<arg>10s</arg>
<doc>Waits until the element ``locator`` is visible.</doc>
<status status="PASS" start="2024-10-23T10:58:25.760153" elapsed="0.061633"/>
</kw>
<status status="PASS" start="2024-10-23T10:58:25.480667" elapsed="0.341336"/>
</kw>
<kw name="Add User">
<kw name="Evaluate" owner="BuiltIn">
<msg time="2024-10-23T10:58:25.824149" level="INFO">${firstname} = Glenna</msg>
<var>${firstname}</var>
<arg>" ".join("${user['name']}".split()[:-1]).strip()</arg>
<doc>Evaluates the given expression in Python and returns the result.</doc>
<status status="PASS" start="2024-10-23T10:58:25.823068" elapsed="0.001144"/>
</kw>
<kw name="Evaluate" owner="BuiltIn">
<msg time="2024-10-23T10:58:25.826869" level="INFO">${lastname} = Reichert</msg>
<var>${lastname}</var>
<arg>" ".join("${user['name']}".split()[-1:]).strip()</arg>
<doc>Evaluates the given expression in Python and returns the result.</doc>
<status status="PASS" start="2024-10-23T10:58:25.824878" elapsed="0.002070"/>
</kw>
<kw name="Evaluate" owner="BuiltIn">
<msg time="2024-10-23T10:58:25.828232" level="INFO">${address} = Dayna Park</msg>
<var>${address}</var>
<arg>f"${user['address']['street']}"</arg>
<doc>Evaluates the given expression in Python and returns the result.</doc>
<status status="PASS" start="2024-10-23T10:58:25.827215" elapsed="0.001076"/>
</kw>
<kw name="Set Variable" owner="BuiltIn">
<msg time="2024-10-23T10:58:25.828792" level="INFO">${password} = P@ssWord456</msg>
<var>${password}</var>
<arg>P@ssWord456</arg>
[...]
<arg>${users_with_zero_orders}</arg>
<arg>${CUSTOMERS}[${index}]</arg>
<doc>Adds ``values`` to the end of ``list``.</doc>
<status status="PASS" start="2024-10-23T10:58:59.851508" elapsed="0.002924"/>
</kw>
<status status="PASS" start="2024-10-23T10:58:59.851130" elapsed="0.003439"/>
</branch>
<status status="PASS" start="2024-10-23T10:58:59.851091" elapsed="0.003563"/>
</if>
<var name="${i}">24</var>
<status status="PASS" start="2024-10-23T10:58:59.518670" elapsed="0.336036"/>
</iter>
<iter>
<kw name="Evaluate" owner="BuiltIn">
<msg time="2024-10-23T10:58:59.858864" level="INFO">${index} = 24</msg>
<var>${index}</var>
<arg>${i} - 1</arg>
<doc>Evaluates the given expression in Python and returns the result.</doc>
<status status="PASS" start="2024-10-23T10:58:59.858296" elapsed="0.000635"/>
</kw>
<kw name="Get Text" owner="SeleniumLibrary">
<msg time="2024-10-23T10:58:59.933321" level="INFO">${last_seen_text} = 10/22/2024</msg>
<var>${last_seen_text}</var>
<arg>((//tbody//tr)[${i}]//td)[3]</arg>
<doc>Returns the text value of the element identified by ``locator``.</doc>
<status status="PASS" start="2024-10-23T10:58:59.859204" elapsed="0.074207"/>
</kw>
<kw name="Get Text" owner="SeleniumLibrary">
<msg time="2024-10-23T10:58:59.976358" level="INFO">${order_text} = 0</msg>
<var>${order_text}</var>
<arg>((//tbody//tr)[${i}]//td)[4]</arg>
<doc>Returns the text value of the element identified by ``locator``.</doc>
<status status="PASS" start="2024-10-23T10:58:59.933694" elapsed="0.042761"/>
</kw>
<kw name="Get Text" owner="SeleniumLibrary">
<msg time="2024-10-23T10:59:00.017650" level="INFO">${total_spent_text} = $0.00</msg>
<var>${total_spent_text}</var>
<arg>((//tbody//tr)[${i}]//td)[5]</arg>
<doc>Returns the text value of the element identified by ``locator``.</doc>
<status status="PASS" start="2024-10-23T10:58:59.976766" elapsed="0.040992"/>
</kw>
<kw name="Get Text" owner="SeleniumLibrary">
<msg time="2024-10-23T10:59:00.056018" level="INFO">${latest_purchase_text} = </msg>
<var>${latest_purchase_text}</var>
<arg>((//tbody//tr)[${i}]//td)[6]</arg>
<doc>Returns the text value of the element identified by ``locator``.</doc>
<status status="PASS" start="2024-10-23T10:59:00.018031" elapsed="0.038058"/>
</kw>
<kw name="Get Element Attribute" owner="SeleniumLibrary">
<msg time="2024-10-23T10:59:00.088751" level="INFO">${news_text} = Yes</msg>
<var>${news_text}</var>
<arg>((//tbody//tr)[${i}]//td)[7]//span//*[name()='svg']</arg>
<arg>aria-label</arg>
<doc>Returns the value of ``attribute`` from the element ``locator``.</doc>
<status status="PASS" start="2024-10-23T10:59:00.056360" elapsed="0.032463"/>
</kw>
<kw name="Get Text" owner="SeleniumLibrary">
<msg time="2024-10-23T10:59:00.128306" level="INFO">${segments_text} = </msg>
<var>${segments_text}</var>
<arg>((//tbody//tr)[${i}]//td)[8]</arg>
<doc>Returns the text value of the element identified by ``locator``.</doc>
<status status="PASS" start="2024-10-23T10:59:00.089087" elapsed="0.039288"/>
</kw>
<kw name="Set Variable" owner="BuiltIn">
<msg time="2024-10-23T10:59:00.128958" level="INFO">${is_new_user} = False</msg>
<var>${is_new_user}</var>
<arg>False</arg>
<doc>Returns the given values which can then be assigned to a variables.</doc>
<status status="PASS" start="2024-10-23T10:59:00.128686" elapsed="0.000322"/>
</kw>
<for flavor="IN">
<iter>
<if>
<branch type="IF" condition="&quot;${user['name']}&quot; == &quot;${CUSTOMERS}[${index}]&quot;">
<kw name="Set Variable" owner="BuiltIn">
<var>${is_new_user}</var>
<arg>True</arg>
<doc>Returns the given values which can then be assigned to a variables.</doc>
<status status="NOT RUN" start="2024-10-23T10:59:00.130675" elapsed="0.000067"/>
</kw>
<break>
<status status="NOT RUN" start="2024-10-23T10:59:00.130855" elapsed="0.000048"/>
</break>
<status status="NOT RUN" start="2024-10-23T10:59:00.129604" elapsed="0.001364"/>
</branch>
<status status="PASS" start="2024-10-23T10:59:00.129572" elapsed="0.001463"/>
</if>
<var name="${user}">{'id': 1, 'name': 'Leanne Graham', 'username': 'Bret', 'email': 'Sincere@april.biz', 'address': {'street': 'Kulas Light', 'suite': 'Apt. 556', 'city': 'Gwenborough', 'zipcode': '92998-3874', 'geo': {'...</var>
<status status="PASS" start="2024-10-23T10:59:00.129469" elapsed="0.001612"/>
</iter>
<iter>
<if>
<branch type="IF" condition="&quot;${user['name']}&quot; == &quot;${CUSTOMERS}[${index}]&quot;">
<kw name="Set Variable" owner="BuiltIn">
<var>${is_new_user}</var>
<arg>True</arg>
<doc>Returns the given values which can then be assigned to a variables.</doc>
<status status="NOT RUN" start="2024-10-23T10:59:00.132720" elapsed="0.000066"/>
</kw>
<break>
<status status="NOT RUN" start="2024-10-23T10:59:00.132898" elapsed="0.000047"/>
</break>
<status status="NOT RUN" start="2024-10-23T10:59:00.131643" elapsed="0.001367"/>
</branch>
<status status="PASS" start="2024-10-23T10:59:00.131612" elapsed="0.001464"/>
</if>
<var name="${user}">{'id': 2, 'name': 'Ervin Howell', 'username': 'Antonette', 'email': 'Shanna@melissa.tv', 'address': {'street': 'Victor Plains', 'suite': 'Suite 879', 'city': 'Wisokyburgh', 'zipcode': '90566-7771', 'g...</var>
<status status="PASS" start="2024-10-23T10:59:00.131462" elapsed="0.001662"/>
</iter>
<iter>
<if>
<branch type="IF" condition="&quot;${user['name']}&quot; == &quot;${CUSTOMERS}[${index}]&quot;">
<kw name="Set Variable" owner="BuiltIn">
<var>${is_new_user}</var>
<arg>True</arg>
<doc>Returns the given values which can then be assigned to a variables.</doc>
<status status="NOT RUN" start="2024-10-23T10:59:00.134560" elapsed="0.000066"/>
</kw>
<break>
<status status="NOT RUN" start="2024-10-23T10:59:00.134737" elapsed="0.000043"/>
</break>
<status status="NOT RUN" start="2024-10-23T10:59:00.133528" elapsed="0.001315"/>
</branch>
<status status="PASS" start="2024-10-23T10:59:00.133488" elapsed="0.001419"/>
</if>
<var name="${user}">{'id': 3, 'name': 'Clementine Bauch', 'username': 'Samantha', 'email': 'Nathan@yesenia.net', 'address': {'street': 'Douglas Extension', 'suite': 'Suite 847', 'city': 'McKenziehaven', 'zipcode': '59590...</var>
<status status="PASS" start="2024-10-23T10:59:00.133403" elapsed="0.001551"/>
</iter>
<iter>
<if>
<branch type="IF" condition="&quot;${user['name']}&quot; == &quot;${CUSTOMERS}[${index}]&quot;">
<kw name="Set Variable" owner="BuiltIn">
<var>${is_new_user}</var>
<arg>True</arg>
<doc>Returns the given values which can then be assigned to a variables.</doc>
<status status="NOT RUN" start="2024-10-23T10:59:00.136376" elapsed="0.000074"/>
</kw>
<break>
<status status="NOT RUN" start="2024-10-23T10:59:00.136577" elapsed="0.000046"/>
</break>
<status status="NOT RUN" start="2024-10-23T10:59:00.135343" elapsed="0.001342"/>
</branch>
<status status="PASS" start="2024-10-23T10:59:00.135317" elapsed="0.001434"/>
</if>
<var name="${user}">{'id': 4, 'name': 'Patricia Lebsack', 'username': 'Karianne', 'email': 'Julianne.OConner@kory.org', 'address': {'street': 'Hoeger Mall', 'suite': 'Apt. 692', 'city': 'South Elvis', 'zipcode': '53919-4...</var>
<status status="PASS" start="2024-10-23T10:59:00.135240" elapsed="0.001556"/>
</iter>
<iter>
<if>
<branch type="IF" condition="&quot;${user['name']}&quot; == &quot;${CUSTOMERS}[${index}]&quot;">
<kw name="Set Variable" owner="BuiltIn">
<var>${is_new_user}</var>
<arg>True</arg>
<doc>Returns the given values which can then be assigned to a variables.</doc>
<status status="NOT RUN" start="2024-10-23T10:59:00.138537" elapsed="0.000075"/>
</kw>
<break>
<status status="NOT RUN" start="2024-10-23T10:59:00.138745" elapsed="0.000056"/>
</break>
<status status="NOT RUN" start="2024-10-23T10:59:00.137182" elapsed="0.001692"/>
</branch>
<status status="PASS" start="2024-10-23T10:59:00.137156" elapsed="0.001795"/>
</if>
<var name="${user}">{'id': 5, 'name': 'Chelsey Dietrich', 'username': 'Kamren', 'email': 'Lucio_Hettinger@annie.ca', 'address': {'street': 'Skiles Walks', 'suite': 'Suite 351', 'city': 'Roscoeview', 'zipcode': '33263', '...</var>
<status status="PASS" start="2024-10-23T10:59:00.137078" elapsed="0.001924"/>
</iter>
<iter>
<if>
<branch type="IF" condition="&quot;${user['name']}&quot; == &quot;${CUSTOMERS}[${index}]&quot;">
<kw name="Set Variable" owner="BuiltIn">
<var>${is_new_user}</var>
<arg>True</arg>
<doc>Returns the given values which can then be assigned to a variables.</doc>
<status status="NOT RUN" start="2024-10-23T10:59:00.140538" elapsed="0.000068"/>
</kw>
<break>
<status status="NOT RUN" start="2024-10-23T10:59:00.140720" elapsed="0.000045"/>
</break>
<status status="NOT RUN" start="2024-10-23T10:59:00.139443" elapsed="0.001385"/>
</branch>
<status status="PASS" start="2024-10-23T10:59:00.139415" elapsed="0.001489"/>
</if>
<var name="${user}">{'id': 6, 'name': 'Mrs. Dennis Schulist', 'username': 'Leopoldo_Corkery', 'email': 'Karley_Dach@jasper.info', 'address': {'street': 'Norberto Crossing', 'suite': 'Apt. 950', 'city': 'South Christy', '...</var>
<status status="PASS" start="2024-10-23T10:59:00.139305" elapsed="0.001646"/>
</iter>
<iter>
<if>
<branch type="IF" condition="&quot;${user['name']}&quot; == &quot;${CUSTOMERS}[${index}]&quot;">
<kw name="Set Variable" owner="BuiltIn">
<var>${is_new_user}</var>
<arg>True</arg>
<doc>Returns the given values which can then be assigned to a variables.</doc>
<status status="NOT RUN" start="2024-10-23T10:59:00.142430" elapsed="0.000065"/>
</kw>
<break>
<status status="NOT RUN" start="2024-10-23T10:59:00.142622" elapsed="0.000047"/>
</break>
<status status="NOT RUN" start="2024-10-23T10:59:00.141374" elapsed="0.001368"/>
</branch>
<status status="PASS" start="2024-10-23T10:59:00.141347" elapsed="0.001461"/>
</if>
<var name="${user}">{'id': 7, 'name': 'Kurtis Weissnat', 'username': 'Elwyn.Skiles', 'email': 'Telly.Hoeger@billy.biz', 'address': {'street': 'Rex Trail', 'suite': 'Suite 280', 'city': 'Howemouth', 'zipcode': '58804-1099...</var>
<status status="PASS" start="2024-10-23T10:59:00.141266" elapsed="0.001591"/>
</iter>
<iter>
<if>
<branch type="IF" condition="&quot;${user['name']}&quot; == &quot;${CUSTOMERS}[${index}]&quot;">
<kw name="Set Variable" owner="BuiltIn">
<var>${is_new_user}</var>
<arg>True</arg>
<doc>Returns the given values which can then be assigned to a variables.</doc>
<status status="NOT RUN" start="2024-10-23T10:59:00.144278" elapsed="0.000064"/>
</kw>
<break>
<status status="NOT RUN" start="2024-10-23T10:59:00.144473" elapsed="0.000061"/>
</break>
<status status="NOT RUN" start="2024-10-23T10:59:00.143240" elapsed="0.001361"/>
</branch>
<status status="PASS" start="2024-10-23T10:59:00.143214" elapsed="0.001453"/>
</if>
<var name="${user}">{'id': 8, 'name': 'Nicholas Runolfsdottir V', 'username': 'Maxime_Nienow', 'email': 'Sherwood@rosamond.me', 'address': {'street': 'Ellsworth Summit', 'suite': 'Suite 729', 'city': 'Aliyaview', 'zipcod...</var>
<status status="PASS" start="2024-10-23T10:59:00.143134" elapsed="0.001578"/>
</iter>
<iter>
<if>
<branch type="IF" condition="&quot;${user['name']}&quot; == &quot;${CUSTOMERS}[${index}]&quot;">
<kw name="Set Variable" owner="BuiltIn">
<var>${is_new_user}</var>
<arg>True</arg>
<doc>Returns the given values which can then be assigned to a variables.</doc>
<status status="NOT RUN" start="2024-10-23T10:59:00.146155" elapsed="0.000064"/>
</kw>
<break>
<status status="NOT RUN" start="2024-10-23T10:59:00.146325" elapsed="0.000045"/>
</break>
<status status="NOT RUN" start="2024-10-23T10:59:00.145085" elapsed="0.001349"/>
</branch>
<status status="PASS" start="2024-10-23T10:59:00.145060" elapsed="0.001438"/>
</if>
<var name="${user}">{'id': 9, 'name': 'Glenna Reichert', 'username': 'Delphine', 'email': 'Chaim_McDermott@dana.io', 'address': {'street': 'Dayna Park', 'suite': 'Suite 449', 'city': 'Bartholomebury', 'zipcode': '76495-3...</var>
<status status="PASS" start="2024-10-23T10:59:00.144984" elapsed="0.001575"/>
</iter>
<iter>
<if>
<branch type="IF" condition="&quot;${user['name']}&quot; == &quot;${CUSTOMERS}[${index}]&quot;">
<kw name="Set Variable" owner="BuiltIn">
<var>${is_new_user}</var>
<arg>True</arg>
<doc>Returns the given values which can then be assigned to a variables.</doc>
<status status="NOT RUN" start="2024-10-23T10:59:00.147976" elapsed="0.000063"/>
</kw>
<break>
<status status="NOT RUN" start="2024-10-23T10:59:00.148145" elapsed="0.000045"/>
</break>
<status status="NOT RUN" start="2024-10-23T10:59:00.146932" elapsed="0.001321"/>
</branch>
<status status="PASS" start="2024-10-23T10:59:00.146906" elapsed="0.001494"/>
</if>
<var name="${user}">{'id': 10, 'name': 'Clementina DuBuque', 'username': 'Moriah.Stanton', 'email': 'Rey.Padberg@karina.biz', 'address': {'street': 'Kattie Turnpike', 'suite': 'Suite 198', 'city': 'Lebsackbury', 'zipcode...</var>
<status status="PASS" start="2024-10-23T10:59:00.146831" elapsed="0.001626"/>
</iter>
<var>${user}</var>
<value>@{USERS}</value>
<status status="PASS" start="2024-10-23T10:59:00.129128" elapsed="0.019432"/>
</for>
<kw name="Log To Console" owner="BuiltIn">
<arg>----------User ${i}----------</arg>
<doc>Logs the given message to the console.</doc>
<status status="PASS" start="2024-10-23T10:59:00.148796" elapsed="0.000363"/>
</kw>
<if>
<branch type="IF" condition="${is_new_user}">
<kw name="Log To Console" owner="BuiltIn">
<arg>Test Created User: ${CUSTOMERS}[${index}]</arg>
<doc>Logs the given message to the console.</doc>
<status status="NOT RUN" start="2024-10-23T10:59:00.149769" elapsed="0.000061"/>
</kw>
<status status="NOT RUN" start="2024-10-23T10:59:00.149332" elapsed="0.000583"/>
</branch>
<branch type="ELSE">
<kw name="Log To Console" owner="BuiltIn">
<arg>Existing User: ${CUSTOMERS}[${index}]</arg>
<doc>Logs the given message to the console.</doc>
<status status="PASS" start="2024-10-23T10:59:00.150159" elapsed="0.000396"/>
</kw>
<status status="PASS" start="2024-10-23T10:59:00.149989" elapsed="0.000668"/>
</branch>
<status status="PASS" start="2024-10-23T10:59:00.149295" elapsed="0.001437"/>
</if>
<kw name="Log To Console" owner="BuiltIn">
<arg>Last Seen: ${last_seen_text}</arg>
<doc>Logs the given message to the console.</doc>
<status status="PASS" start="2024-10-23T10:59:00.150930" elapsed="0.000369"/>
</kw>
<kw name="Log To Console" owner="BuiltIn">
<arg>Orders: ${order_text}</arg>
<doc>Logs the given message to the console.</doc>
<status status="PASS" start="2024-10-23T10:59:00.151553" elapsed="0.000335"/>
</kw>
<kw name="Log To Console" owner="BuiltIn">
<arg>Total Spent: ${total_spent_text}</arg>
<doc>Logs the given message to the console.</doc>
<status status="PASS" start="2024-10-23T10:59:00.152130" elapsed="0.000329"/>
</kw>
<kw name="Log To Console" owner="BuiltIn">
<arg>Latest Purchase: ${latest_purchase_text}</arg>
<doc>Logs the given message to the console.</doc>
<status status="PASS" start="2024-10-23T10:59:00.152729" elapsed="0.000367"/>
</kw>
<kw name="Log To Console" owner="BuiltIn">
<arg>News.: ${news_text}</arg>
<doc>Logs the given message to the console.</doc>
<status status="PASS" start="2024-10-23T10:59:00.153332" elapsed="0.000492"/>
</kw>
<kw name="Log To Console" owner="BuiltIn">
<arg>Segments: ${segments_text}</arg>
<doc>Logs the given message to the console.</doc>
<status status="PASS" start="2024-10-23T10:59:00.154134" elapsed="0.000898"/>
</kw>
<if>
<branch type="IF" condition="&quot;${order_text}&quot; == &quot;0&quot;">
<kw name="Append To List" owner="Collections">
<arg>${users_with_zero_orders}</arg>
<arg>${CUSTOMERS}[${index}]</arg>
<doc>Adds ``values`` to the end of ``list``.</doc>
<status status="PASS" start="2024-10-23T10:59:00.155823" elapsed="0.000501"/>
</kw>
<status status="PASS" start="2024-10-23T10:59:00.155319" elapsed="0.001128"/>
</branch>
<status status="PASS" start="2024-10-23T10:59:00.155266" elapsed="0.001288"/>
</if>
<var name="${i}">25</var>
<status status="PASS" start="2024-10-23T10:58:59.857979" elapsed="0.298634"/>
</iter>
<var>${i}</var>
<value>1</value>
<value>${length}+1</value>
<status status="PASS" start="2024-10-23T10:58:51.753927" elapsed="8.402785"/>
</for>
<kw name="Set Global Variable" owner="BuiltIn">
<msg time="2024-10-23T10:59:00.157595" level="INFO">${CUSTOMERS_WITH_ZERO_ORDERS} = ['Clementina DuBuque', 'Glenna Reichert', 'Nicholas Runolfsdottir V', 'Kurtis Weissnat', 'Mrs. Dennis Schulist', 'Chelsey Dietrich', 'Patricia Lebsack', 'Clementine Bauch', 'Ervin Howell', 'Leanne Gra...</msg>
<arg>${CUSTOMERS_WITH_ZERO_ORDERS}</arg>
<arg>${users_with_zero_orders}</arg>
<doc>Makes a variable available globally in all tests and suites.</doc>
<status status="PASS" start="2024-10-23T10:59:00.157006" elapsed="0.000719"/>
</kw>
<status status="PASS" start="2024-10-23T10:58:51.751576" elapsed="8.406356"/>
</kw>
<status status="PASS" start="2024-10-23T10:58:51.517499" elapsed="8.640575"/>
</kw>
<kw name="Sleep" owner="BuiltIn">
<msg time="2024-10-23T10:59:03.158995" level="INFO">Slept 3 seconds.</msg>
<arg>3s</arg>
<doc>Pauses the test executed for the given time.</doc>
<status status="PASS" start="2024-10-23T10:59:00.158399" elapsed="3.000964"/>
</kw>
<status status="PASS" start="2024-10-23T10:57:17.959062" elapsed="105.201207"/>
</test>
<test id="s1-s1-t2" name="Test Case 2" line="27">
<kw name="Login User">
<kw name="Input Text" owner="SeleniumLibrary">
<msg time="2024-10-23T10:59:03.165359" level="INFO">Typing text 'demo' into text field 'name:username'.</msg>
<msg time="2024-10-23T10:59:03.392089" level="INFO" html="true">&lt;/td&gt;&lt;/tr&gt;&lt;tr&gt;&lt;td colspan="3"&gt;&lt;a href="selenium-screenshot-23.png"&gt;&lt;img src="selenium-screenshot-23.png" width="800px"&gt;&lt;/a&gt;</msg>
<msg time="2024-10-23T10:59:03.392304" level="FAIL">Element with locator 'name:username' not found.</msg>
<arg>name:username</arg>
<arg>${user}</arg>
<doc>Types the given ``text`` into the text field identified by ``locator``.</doc>
<status status="FAIL" start="2024-10-23T10:59:03.163319" elapsed="0.267613">Element with locator 'name:username' not found.</status>
</kw>
<kw name="Input Text" owner="SeleniumLibrary">
<arg>name:password</arg>
<arg>${password}</arg>
<doc>Types the given ``text`` into the text field identified by ``locator``.</doc>
<status status="NOT RUN" start="2024-10-23T10:59:03.432854" elapsed="0.000223"/>
</kw>
<kw name="Click Button" owner="SeleniumLibrary">
<arg>//button</arg>
<doc>Clicks the button identified by ``locator``.</doc>
<status status="NOT RUN" start="2024-10-23T10:59:03.433585" elapsed="0.000914"/>
</kw>
<arg>demo</arg>
<arg>demo</arg>
<status status="FAIL" start="2024-10-23T10:59:03.162745" elapsed="0.272543">Element with locator 'name:username' not found.</status>
</kw>
<kw name="Go To Link">
<arg>Customers</arg>
<status status="NOT RUN" start="2024-10-23T10:59:03.436728" elapsed="0.000178"/>
</kw>
<kw name="Display All Names">
<status status="NOT RUN" start="2024-10-23T10:59:03.438353" elapsed="0.000199"/>
</kw>
<kw name="Check Customers With Zero Orders">
<status status="NOT RUN" start="2024-10-23T10:59:03.439441" elapsed="0.000171"/>
</kw>
<kw name="Sleep" owner="BuiltIn">
<arg>3s</arg>
<doc>Pauses the test executed for the given time.</doc>
<status status="NOT RUN" start="2024-10-23T10:59:03.440143" elapsed="0.000124"/>
</kw>
<status status="FAIL" start="2024-10-23T10:59:03.161429" elapsed="0.279582">Element with locator 'name:username' not found.</status>
</test>
<kw name="Close All Browsers" owner="SeleniumLibrary" type="TEARDOWN">
<doc>Closes all open browsers and resets the browser cache.</doc>
<status status="PASS" start="2024-10-23T10:59:03.443261" elapsed="0.335383"/>
</kw>
<status status="FAIL" start="2024-10-23T10:57:09.461615" elapsed="114.317185"/>
</suite>
<status status="FAIL" start="2024-10-23T10:57:09.414503" elapsed="114.366788"/>
</suite>
<statistics>
<total>
<stat pass="1" fail="1" skip="0">All Tests</stat>
</total>
<tag>
</tag>
<suite>
<stat pass="1" fail="1" skip="0" id="s1" name="Test">Test</stat>
<stat pass="1" fail="1" skip="0" id="s1-s1" name="Test">Test.Test</stat>
</suite>
</statistics>
<errors>
</errors>
</robot>
