<?xml version="1.0" encoding="UTF-8"?>
<robot generator="Robot 7.1.1 (Python 3.12.3 on linux)" generated="2024-10-23T12:30:39.541155" rpa="false" schemaversion="5">
<suite id="s1" name="Test" source="/home/citco/Desktop/robo-framework-assessment/test">
<suite id="s1-s1" name="Test" source="/home/citco/Desktop/robo-framework-assessment/test/test.robot">
<kw name="Launch Browser" type="SETUP">
<kw name="Set Variable" owner="BuiltIn">
<msg time="2024-10-23T12:30:39.929056" level="INFO">${options} = add_argument("--start-maximized")</msg>
<var>${options}</var>
<arg>add_argument("--start-maximized")</arg>
<doc>Returns the given values which can then be assigned to a variables.</doc>
<status status="PASS" start="2024-10-23T12:30:39.928708" elapsed="0.000415"/>
</kw>
<kw name="Open Browser" owner="SeleniumLibrary">
<msg time="2024-10-23T12:30:39.929953" level="INFO">Opening browser 'chrome' to base url 'https://marmelab.com/react-admin-demo/' through remote server at 'http://172.17.0.1:4444'.</msg>
<arg>${url}</arg>
<arg>chrome</arg>
<arg>remote_url=http://172.17.0.1:4444</arg>
<arg>options=${options}</arg>
<doc>Opens a new browser instance to the optional ``url``.</doc>
<status status="PASS" start="2024-10-23T12:30:39.929428" elapsed="6.267637"/>
</kw>
<arg>https://marmelab.com/react-admin-demo/</arg>
<status status="PASS" start="2024-10-23T12:30:39.925529" elapsed="6.271797"/>
</kw>
<test id="s1-s1-t1" name="Test Case 1" line="18">
<kw name="Fetch Data">
<kw name="Get Users Via Api" owner="Users">
<msg time="2024-10-23T12:30:51.268162" level="INFO">/home/citco/Desktop/robo-framework-assessment/env/lib/python3.12/site-packages/urllib3/connectionpool.py:1099: InsecureRequestWarning: Unverified HTTPS request is being made to host 'random-word-api.vercel.app'. Adding certificate verification is strongly advised. See: https://urllib3.readthedocs.io/en/latest/advanced-usage.html#tls-warnings
  warnings.warn(
/home/citco/Desktop/robo-framework-assessment/env/lib/python3.12/site-packages/urllib3/connectionpool.py:1099: InsecureRequestWarning: Unverified HTTPS request is being made to host 'random-word-api.vercel.app'. Adding certificate verification is strongly advised. See: https://urllib3.readthedocs.io/en/latest/advanced-usage.html#tls-warnings
  warnings.warn(
/home/citco/Desktop/robo-framework-assessment/env/lib/python3.12/site-packages/urllib3/connectionpool.py:1099: InsecureRequestWarning: Unverified HTTPS request is being made to host 'random-word-api.vercel.app'. Adding certificate verification is strongly advised. See: https://urllib3.readthedocs.io/en/latest/advanced-usage.html#tls-warnings
  warnings.warn(
/home/citco/Desktop/robo-framework-assessment/env/lib/python3.12/site-packages/urllib3/connectionpool.py:1099: InsecureRequestWarning: Unverified HTTPS request is being made to host 'random-word-api.vercel.app'. Adding certificate verification is strongly advised. See: https://urllib3.readthedocs.io/en/latest/advanced-usage.html#tls-warnings
  warnings.warn(
/home/citco/Desktop/robo-framework-assessment/env/lib/python3.12/site-packages/urllib3/connectionpool.py:1099: InsecureRequestWarning: Unverified HTTPS request is being made to host 'random-word-api.vercel.app'. Adding certificate verification is strongly advised. See: https://urllib3.readthedocs.io/en/latest/advanced-usage.html#tls-warnings
  warnings.warn(
/home/citco/Desktop/robo-framework-assessment/env/lib/python3.12/site-packages/urllib3/connectionpool.py:1099: InsecureRequestWarning: Unverified HTTPS request is being made to host 'random-word-api.vercel.app'. Adding certificate verification is strongly advised. See: https://urllib3.readthedocs.io/en/latest/advanced-usage.html#tls-warnings
  warnings.warn(
/home/citco/Desktop/robo-framework-assessment/env/lib/python3.12/site-packages/urllib3/connectionpool.py:1099: InsecureRequestWarning: Unverified HTTPS request is being made to host 'random-word-api.vercel.app'. Adding certificate verification is strongly advised. See: https://urllib3.readthedocs.io/en/latest/advanced-usage.html#tls-warnings
  warnings.warn(
/home/citco/Desktop/robo-framework-assessment/env/lib/python3.12/site-packages/urllib3/connectionpool.py:1099: InsecureRequestWarning: Unverified HTTPS request is being made to host 'random-word-api.vercel.app'. Adding certificate verification is strongly advised. See: https://urllib3.readthedocs.io/en/latest/advanced-usage.html#tls-warnings
  warnings.warn(
/home/citco/Desktop/robo-framework-assessment/env/lib/python3.12/site-packages/urllib3/connectionpool.py:1099: InsecureRequestWarning: Unverified HTTPS request is being made to host 'random-word-api.vercel.app'. Adding certificate verification is strongly advised. See: https://urllib3.readthedocs.io/en/latest/advanced-usage.html#tls-warnings
  warnings.warn(
/home/citco/Desktop/robo-framework-assessment/env/lib/python3.12/site-packages/urllib3/connectionpool.py:1099: InsecureRequestWarning: Unverified HTTPS request is being made to host 'random-word-api.vercel.app'. Adding certificate verification is strongly advised. See: https://urllib3.readthedocs.io/en/latest/advanced-usage.html#tls-warnings
  warnings.warn(</msg>
<msg time="2024-10-23T12:30:51.269172" level="INFO">${users} = [{'id': 1, 'name': 'Leanne Graham', 'username': 'Bret', 'email': 'Sincere@april.biz', 'address': {'street': 'Kulas Light', 'suite': 'Apt. 556', 'city': 'Gwenborough', 'zipcode': '92998-3874', 'geo': {...</msg>
<var>${users}</var>
<status status="PASS" start="2024-10-23T12:30:46.199504" elapsed="5.069821"/>
</kw>
<kw name="Set Suite Variable" owner="BuiltIn">
<msg time="2024-10-23T12:30:51.271378" level="INFO">${USERS} = [{'id': 1, 'name': 'Leanne Graham', 'username': 'Bret', 'email': 'Sincere@april.biz', 'address': {'street': 'Kulas Light', 'suite': 'Apt. 556', 'city': 'Gwenborough', 'zipcode': '92998-3874', 'geo': {...</msg>
<arg>${USERS}</arg>
<arg>${users}</arg>
<doc>Makes a variable available everywhere within the scope of the current suite.</doc>
<status status="PASS" start="2024-10-23T12:30:51.269968" elapsed="0.001645"/>
</kw>
<status status="PASS" start="2024-10-23T12:30:46.198912" elapsed="5.073046"/>
</kw>
<kw name="Login User">
<kw name="Input Text" owner="SeleniumLibrary">
<msg time="2024-10-23T12:30:51.275043" level="INFO">Typing text 'demo' into text field 'name:username'.</msg>
<arg>name:username</arg>
<arg>${user}</arg>
<doc>Types the given ``text`` into the text field identified by ``locator``.</doc>
<status status="PASS" start="2024-10-23T12:30:51.273821" elapsed="0.301220"/>
</kw>
<kw name="Input Text" owner="SeleniumLibrary">
<msg time="2024-10-23T12:30:51.576054" level="INFO">Typing text 'demo' into text field 'name:password'.</msg>
<arg>name:password</arg>
<arg>${password}</arg>
<doc>Types the given ``text`` into the text field identified by ``locator``.</doc>
<status status="PASS" start="2024-10-23T12:30:51.575415" elapsed="0.218696"/>
</kw>
<kw name="Click Button" owner="SeleniumLibrary">
<msg time="2024-10-23T12:30:51.796485" level="INFO">Clicking button '//button'.</msg>
<arg>//button</arg>
<doc>Clicks the button identified by ``locator``.</doc>
<status status="PASS" start="2024-10-23T12:30:51.794450" elapsed="0.653522"/>
</kw>
<arg>demo</arg>
<arg>demo</arg>
<status status="PASS" start="2024-10-23T12:30:51.272680" elapsed="1.175522"/>
</kw>
<kw name="Add All User">
<for flavor="IN">
<iter>
<kw name="Go To Link">
<kw name="Click Element" owner="SeleniumLibrary">
<msg time="2024-10-23T12:30:52.467351" level="INFO">Clicking element '//a[text()="Customers"]'.</msg>
<arg>//a[text()="${text}"]</arg>
<doc>Click the element identified by ``locator``.</doc>
<status status="PASS" start="2024-10-23T12:30:52.466936" elapsed="0.565072"/>
</kw>
<kw name="Wait Until Element Is Visible" owner="SeleniumLibrary">
<arg>//tbody//tr</arg>
<arg>5s</arg>
<doc>Waits until the element ``locator`` is visible.</doc>
<status status="PASS" start="2024-10-23T12:30:53.032317" elapsed="1.058898"/>
</kw>
<arg>Customers</arg>
<status status="PASS" start="2024-10-23T12:30:52.463093" elapsed="1.628322"/>
</kw>
<kw name="Open Add Identity">
<kw name="Click Element" owner="SeleniumLibrary">
<msg time="2024-10-23T12:30:54.093283" level="INFO">Clicking element '//a[@aria-label="Create"]'.</msg>
<arg>//a[@aria-label="Create"]</arg>
<doc>Click the element identified by ``locator``.</doc>
<status status="PASS" start="2024-10-23T12:30:54.092238" elapsed="0.809618"/>
</kw>
<kw name="Wait Until Element Is Visible" owner="SeleniumLibrary">
<arg>${indentity_txt_firstname}</arg>
<arg>10s</arg>
<doc>Waits until the element ``locator`` is visible.</doc>
<status status="PASS" start="2024-10-23T12:30:54.902168" elapsed="0.090142"/>
</kw>
<status status="PASS" start="2024-10-23T12:30:54.091762" elapsed="0.900746"/>
</kw>
<kw name="Add User">
<kw name="Evaluate" owner="BuiltIn">
<msg time="2024-10-23T12:30:54.994639" level="INFO">${firstname} = Leanne</msg>
<var>${firstname}</var>
<arg>" ".join("${user['name']}".split()[:-1]).strip()</arg>
<doc>Evaluates the given expression in Python and returns the result.</doc>
<status status="PASS" start="2024-10-23T12:30:54.993455" elapsed="0.001259"/>
</kw>
<kw name="Evaluate" owner="BuiltIn">
<msg time="2024-10-23T12:30:54.996024" level="INFO">${lastname} = Graham</msg>
<var>${lastname}</var>
<arg>" ".join("${user['name']}".split()[-1:]).strip()</arg>
<doc>Evaluates the given expression in Python and returns the result.</doc>
<status status="PASS" start="2024-10-23T12:30:54.994976" elapsed="0.001109"/>
</kw>
<kw name="Evaluate" owner="BuiltIn">
<msg time="2024-10-23T12:30:54.997506" level="INFO">${address} = Kulas Light</msg>
<var>${address}</var>
<arg>f"${user['address']['street']}"</arg>
<doc>Evaluates the given expression in Python and returns the result.</doc>
<status status="PASS" start="2024-10-23T12:30:54.996318" elapsed="0.001262"/>
</kw>
<kw name="Set Variable" owner="BuiltIn">
<msg time="2024-10-23T12:30:54.998058" level="INFO">${password} = P@ssWord456</msg>
<var>${password}</var>
<arg>P@ssWord456</arg>
<doc>Returns the given values which can then be assigned to a variables.</doc>
<status status="PASS" start="2024-10-23T12:30:54.997813" elapsed="0.000296"/>
</kw>
<kw name="Input Text" owner="SeleniumLibrary">
<msg time="2024-10-23T12:30:54.998682" level="INFO">Typing text 'Leanne' into text field '//input[@name="first_name"]'.</msg>
<arg>${indentity_txt_firstname}</arg>
<arg>${firstname}</arg>
<doc>Types the given ``text`` into the text field identified by ``locator``.</doc>
<status status="PASS" start="2024-10-23T12:30:54.998308" elapsed="0.532769"/>
</kw>
<kw name="Input Text" owner="SeleniumLibrary">
<msg time="2024-10-23T12:30:55.532918" level="INFO">Typing text 'Graham' into text field '//input[@name="last_name"]'.</msg>
<arg>${indentity_txt_lastname}</arg>
<arg>${lastname}</arg>
<doc>Types the given ``text`` into the text field identified by ``locator``.</doc>
<status status="PASS" start="2024-10-23T12:30:55.531363" elapsed="0.343556"/>
</kw>
<kw name="Input Text" owner="SeleniumLibrary">
<msg time="2024-10-23T12:30:55.877572" level="INFO">Typing text 'Sincere@april.biz' into text field '//input[@name="email"]'.</msg>
<arg>${indentity_txt_email}</arg>
<arg>${user['email']}</arg>
<doc>Types the given ``text`` into the text field identified by ``locator``.</doc>
<status status="PASS" start="2024-10-23T12:30:55.875225" elapsed="0.411853"/>
</kw>
<kw name="Input Date">
<kw name="Click Element At Coordinates" owner="SeleniumLibrary">
<msg time="2024-10-23T12:30:56.289690" level="INFO">Clicking element '//input[@name="birthday"]' at coordinates x=0, y=0.</msg>
<arg>${locator}</arg>
<arg>0</arg>
<arg>0</arg>
<doc>Click the element ``locator`` at ``xoffset/yoffset``.</doc>
<status status="PASS" start="2024-10-23T12:30:56.289194" elapsed="0.626243"/>
</kw>
<kw name="Press Keys" owner="SeleniumLibrary">
<msg time="2024-10-23T12:30:56.916505" level="INFO">Sending key(s) ('11201993',) to page.</msg>
<msg time="2024-10-23T12:30:56.916845" level="INFO">Sending keys 11201993</msg>
<arg>None</arg>
<arg>${date}</arg>
<doc>Simulates the user pressing key(s) to an element or on the active browser.</doc>
<status status="PASS" start="2024-10-23T12:30:56.915794" elapsed="0.240127"/>
</kw>
<arg>${indentity_txt_birthday}</arg>
<arg>${user['birthday']}</arg>
<status status="PASS" start="2024-10-23T12:30:56.287401" elapsed="0.869014"/>
</kw>
<kw name="Input Text" owner="SeleniumLibrary">
<msg time="2024-10-23T12:30:57.157642" level="INFO">Typing text 'Kulas Light' into text field '//textarea[@name="address"]'.</msg>
<arg>${indentity_txt_address}</arg>
<arg>${address}</arg>
<doc>Types the given ``text`` into the text field identified by ``locator``.</doc>
<status status="PASS" start="2024-10-23T12:30:57.157040" elapsed="0.434042"/>
</kw>
<kw name="Input Text" owner="SeleniumLibrary">
<msg time="2024-10-23T12:30:57.592902" level="INFO">Typing text 'Gwenborough' into text field '//input[@name="city"]'.</msg>
<arg>${indentity_txt_city}</arg>
<arg>${user['address']['city']}</arg>
<doc>Types the given ``text`` into the text field identified by ``locator``.</doc>
<status status="PASS" start="2024-10-23T12:30:57.591391" elapsed="0.438008"/>
</kw>
<kw name="Input Text" owner="SeleniumLibrary">
<msg time="2024-10-23T12:30:58.032240" level="INFO">Typing text 'Diffuser' into text field '//input[@name="stateAbbr"]'.</msg>
<arg>${indentity_txt_stateAbbr}</arg>
<arg>${user['address']['state']}</arg>
<doc>Types the given ``text`` into the text field identified by ``locator``.</doc>
<status status="PASS" start="2024-10-23T12:30:58.031067" elapsed="0.368032"/>
</kw>
<kw name="Input Text" owner="SeleniumLibrary">
<msg time="2024-10-23T12:30:58.406487" level="INFO">Typing text '92998-3874' into text field '//input[@name="zipcode"]'.</msg>
<arg>${indentity_txt_zipcode}</arg>
<arg>${user['address']['zipcode']}</arg>
<doc>Types the given ``text`` into the text field identified by ``locator``.</doc>
<status status="PASS" start="2024-10-23T12:30:58.399601" elapsed="0.462469"/>
</kw>
<kw name="Input Text" owner="SeleniumLibrary">
<msg time="2024-10-23T12:30:58.862894" level="INFO">Typing text 'P@ssWord456' into text field '//input[@name="password"]'.</msg>
<arg>${indentity_txt_password}</arg>
<arg>${password}</arg>
<doc>Types the given ``text`` into the text field identified by ``locator``.</doc>
<status status="PASS" start="2024-10-23T12:30:58.862408" elapsed="0.258986"/>
</kw>
<kw name="Input Text" owner="SeleniumLibrary">
<msg time="2024-10-23T12:30:59.122121" level="INFO">Typing text 'P@ssWord456' into text field '//input[@name="confirm_password"]'.</msg>
<arg>${indentity_txt_confirm_password}</arg>
<arg>${password}</arg>
<doc>Types the given ``text`` into the text field identified by ``locator``.</doc>
<status status="PASS" start="2024-10-23T12:30:59.121715" elapsed="0.232420"/>
</kw>
<kw name="Press Keys" owner="SeleniumLibrary">
<msg time="2024-10-23T12:30:59.355012" level="INFO">Sending key(s) ('ENTER',) to //button[@type="submit"] element.</msg>
<msg time="2024-10-23T12:31:00.036432" level="INFO">Pressing special key ENTER to element.</msg>
<msg time="2024-10-23T12:31:00.036903" level="INFO">Releasing special key ENTER.</msg>
<arg>//button[@type="submit"]</arg>
<arg>ENTER</arg>
<doc>Simulates the user pressing key(s) to an element or on the active browser.</doc>
<status status="PASS" start="2024-10-23T12:30:59.354436" elapsed="0.754643"/>
</kw>
<arg>${user}</arg>
<status status="PASS" start="2024-10-23T12:30:54.992898" elapsed="5.116369"/>
</kw>
<kw name="Wait Until Page Contains" owner="SeleniumLibrary">
<arg>Delete</arg>
<doc>Waits until ``text`` appears on the current page.</doc>
<status status="PASS" start="2024-10-23T12:31:00.109506" elapsed="0.776973"/>
</kw>
<var name="${user}">{'id': 1, 'name': 'Leanne Graham', 'username': 'Bret', 'email': 'Sincere@april.biz', 'address': {'street': 'Kulas Light', 'suite': 'Apt. 556', 'city': 'Gwenborough', 'zipcode': '92998-3874', 'geo': {'...</var>
<status status="PASS" start="2024-10-23T12:30:52.462751" elapsed="8.423908"/>
</iter>
<iter>
<kw name="Go To Link">
<kw name="Click Element" owner="SeleniumLibrary">
<msg time="2024-10-23T12:31:00.889805" level="INFO">Clicking element '//a[text()="Customers"]'.</msg>
<arg>//a[text()="${text}"]</arg>
<doc>Click the element identified by ``locator``.</doc>
<status status="PASS" start="2024-10-23T12:31:00.889353" elapsed="1.176718"/>
</kw>
<kw name="Wait Until Element Is Visible" owner="SeleniumLibrary">
<arg>//tbody//tr</arg>
<arg>5s</arg>
<doc>Waits until the element ``locator`` is visible.</doc>
<status status="PASS" start="2024-10-23T12:31:02.070213" elapsed="0.099709"/>
</kw>
<arg>Customers</arg>
<status status="PASS" start="2024-10-23T12:31:00.887463" elapsed="1.282684"/>
</kw>
<kw name="Open Add Identity">
<kw name="Click Element" owner="SeleniumLibrary">
<msg time="2024-10-23T12:31:02.171484" level="INFO">Clicking element '//a[@aria-label="Create"]'.</msg>
<arg>//a[@aria-label="Create"]</arg>
<doc>Click the element identified by ``locator``.</doc>
<status status="PASS" start="2024-10-23T12:31:02.171184" elapsed="0.498076"/>
</kw>
<kw name="Wait Until Element Is Visible" owner="SeleniumLibrary">
<arg>${indentity_txt_firstname}</arg>
<arg>10s</arg>
<doc>Waits until the element ``locator`` is visible.</doc>
<status status="PASS" start="2024-10-23T12:31:02.669571" elapsed="0.034889"/>
</kw>
<status status="PASS" start="2024-10-23T12:31:02.170488" elapsed="0.534200"/>
</kw>
<kw name="Add User">
<kw name="Evaluate" owner="BuiltIn">
<msg time="2024-10-23T12:31:02.706494" level="INFO">${firstname} = Ervin</msg>
<var>${firstname}</var>
<arg>" ".join("${user['name']}".split()[:-1]).strip()</arg>
<doc>Evaluates the given expression in Python and returns the result.</doc>
<status status="PASS" start="2024-10-23T12:31:02.705547" elapsed="0.001021"/>
</kw>
<kw name="Evaluate" owner="BuiltIn">
<msg time="2024-10-23T12:31:02.707764" level="INFO">${lastname} = Howell</msg>
<var>${lastname}</var>
<arg>" ".join("${user['name']}".split()[-1:]).strip()</arg>
<doc>Evaluates the given expression in Python and returns the result.</doc>
<status status="PASS" start="2024-10-23T12:31:02.706790" elapsed="0.001033"/>
</kw>
<kw name="Evaluate" owner="BuiltIn">
<msg time="2024-10-23T12:31:02.708997" level="INFO">${address} = Victor Plains</msg>
<var>${address}</var>
<arg>f"${user['address']['street']}"</arg>
<doc>Evaluates the given expression in Python and returns the result.</doc>
<status status="PASS" start="2024-10-23T12:31:02.708042" elapsed="0.001015"/>
</kw>
<kw name="Set Variable" owner="BuiltIn">
<msg time="2024-10-23T12:31:02.709651" level="INFO">${password} = P@ssWord456</msg>
<var>${password}</var>
<arg>P@ssWord456</arg>
<doc>Returns the given values which can then be assigned to a variables.</doc>
<status status="PASS" start="2024-10-23T12:31:02.709312" elapsed="0.000401"/>
</kw>
<kw name="Input Text" owner="SeleniumLibrary">
<msg time="2024-10-23T12:31:02.710425" level="INFO">Typing text 'Ervin' into text field '//input[@name="first_name"]'.</msg>
<arg>${indentity_txt_firstname}</arg>
<arg>${firstname}</arg>
<doc>Types the given ``text`` into the text field identified by ``locator``.</doc>
<status status="PASS" start="2024-10-23T12:31:02.709972" elapsed="0.231127"/>
</kw>
<kw name="Input Text" owner="SeleniumLibrary">
<msg time="2024-10-23T12:31:02.941924" level="INFO">Typing text 'Howell' into text field '//input[@name="last_name"]'.</msg>
<arg>${indentity_txt_lastname}</arg>
<arg>${lastname}</arg>
<doc>Types the given ``text`` into the text field identified by ``locator``.</doc>
<status status="PASS" start="2024-10-23T12:31:02.941418" elapsed="0.280240"/>
</kw>
<kw name="Input Text" owner="SeleniumLibrary">
<msg time="2024-10-23T12:31:03.223607" level="INFO">Typing text 'Shanna@melissa.tv' into text field '//input[@name="email"]'.</msg>
<arg>${indentity_txt_email}</arg>
<arg>${user['email']}</arg>
<doc>Types the given ``text`` into the text field identified by ``locator``.</doc>
<status status="PASS" start="2024-10-23T12:31:03.222276" elapsed="0.355101"/>
</kw>
<kw name="Input Date">
<kw name="Click Element At Coordinates" owner="SeleniumLibrary">
<msg time="2024-10-23T12:31:03.580417" level="INFO">Clicking element '//input[@name="birthday"]' at coordinates x=0, y=0.</msg>
<arg>${locator}</arg>
<arg>0</arg>
<arg>0</arg>
<doc>Click the element ``locator`` at ``xoffset/yoffset``.</doc>
<status status="PASS" start="2024-10-23T12:31:03.579867" elapsed="0.610527"/>
</kw>
<kw name="Press Keys" owner="SeleniumLibrary">
<msg time="2024-10-23T12:31:04.192823" level="INFO">Sending key(s) ('06131971',) to page.</msg>
<msg time="2024-10-23T12:31:04.193136" level="INFO">Sending keys 06131971</msg>
<arg>None</arg>
<arg>${date}</arg>
<doc>Simulates the user pressing key(s) to an element or on the active browser.</doc>
<status status="PASS" start="2024-10-23T12:31:04.191072" elapsed="0.166882"/>
</kw>
<arg>${indentity_txt_birthday}</arg>
<arg>${user['birthday']}</arg>
<status status="PASS" start="2024-10-23T12:31:03.577780" elapsed="0.780370"/>
</kw>
<kw name="Input Text" owner="SeleniumLibrary">
<msg time="2024-10-23T12:31:04.358821" level="INFO">Typing text 'Victor Plains' into text field '//textarea[@name="address"]'.</msg>
<arg>${indentity_txt_address}</arg>
<arg>${address}</arg>
<doc>Types the given ``text`` into the text field identified by ``locator``.</doc>
<status status="PASS" start="2024-10-23T12:31:04.358386" elapsed="0.283896"/>
</kw>
<kw name="Input Text" owner="SeleniumLibrary">
<msg time="2024-10-23T12:31:04.643686" level="INFO">Typing text 'Wisokyburgh' into text field '//input[@name="city"]'.</msg>
<arg>${indentity_txt_city}</arg>
<arg>${user['address']['city']}</arg>
<doc>Types the given ``text`` into the text field identified by ``locator``.</doc>
<status status="PASS" start="2024-10-23T12:31:04.642584" elapsed="0.301760"/>
</kw>
<kw name="Input Text" owner="SeleniumLibrary">
<msg time="2024-10-23T12:31:04.946153" level="INFO">Typing text 'Yanking' into text field '//input[@name="stateAbbr"]'.</msg>
<arg>${indentity_txt_stateAbbr}</arg>
<arg>${user['address']['state']}</arg>
<doc>Types the given ``text`` into the text field identified by ``locator``.</doc>
<status status="PASS" start="2024-10-23T12:31:04.944700" elapsed="0.287998"/>
</kw>
<kw name="Input Text" owner="SeleniumLibrary">
<msg time="2024-10-23T12:31:05.234478" level="INFO">Typing text '90566-7771' into text field '//input[@name="zipcode"]'.</msg>
<arg>${indentity_txt_zipcode}</arg>
<arg>${user['address']['zipcode']}</arg>
<doc>Types the given ``text`` into the text field identified by ``locator``.</doc>
<status status="PASS" start="2024-10-23T12:31:05.233054" elapsed="0.290503"/>
</kw>
<kw name="Input Text" owner="SeleniumLibrary">
<msg time="2024-10-23T12:31:05.524254" level="INFO">Typing text 'P@ssWord456' into text field '//input[@name="password"]'.</msg>
<arg>${indentity_txt_password}</arg>
<arg>${password}</arg>
<doc>Types the given ``text`` into the text field identified by ``locator``.</doc>
<status status="PASS" start="2024-10-23T12:31:05.523850" elapsed="0.317393"/>
</kw>
<kw name="Input Text" owner="SeleniumLibrary">
<msg time="2024-10-23T12:31:05.841996" level="INFO">Typing text 'P@ssWord456' into text field '//input[@name="confirm_password"]'.</msg>
<arg>${indentity_txt_confirm_password}</arg>
<arg>${password}</arg>
<doc>Types the given ``text`` into the text field identified by ``locator``.</doc>
<status status="PASS" start="2024-10-23T12:31:05.841588" elapsed="0.301448"/>
</kw>
<kw name="Press Keys" owner="SeleniumLibrary">
<msg time="2024-10-23T12:31:06.144115" level="INFO">Sending key(s) ('ENTER',) to //button[@type="submit"] element.</msg>
<msg time="2024-10-23T12:31:06.596089" level="INFO">Pressing special key ENTER to element.</msg>
<msg time="2024-10-23T12:31:06.596230" level="INFO">Releasing special key ENTER.</msg>
<arg>//button[@type="submit"]</arg>
<arg>ENTER</arg>
<doc>Simulates the user pressing key(s) to an element or on the active browser.</doc>
<status status="PASS" start="2024-10-23T12:31:06.143351" elapsed="0.482932"/>
</kw>
<arg>${user}</arg>
<status status="PASS" start="2024-10-23T12:31:02.705018" elapsed="3.921459"/>
</kw>
<kw name="Wait Until Page Contains" owner="SeleniumLibrary">
<arg>Delete</arg>
<doc>Waits until ``text`` appears on the current page.</doc>
<status status="PASS" start="2024-10-23T12:31:06.626731" elapsed="0.746747"/>
</kw>
<var name="${user}">{'id': 2, 'name': 'Ervin Howell', 'username': 'Antonette', 'email': 'Shanna@melissa.tv', 'address': {'street': 'Victor Plains', 'suite': 'Suite 879', 'city': 'Wisokyburgh', 'zipcode': '90566-7771', 'g...</var>
<status status="PASS" start="2024-10-23T12:31:00.887011" elapsed="6.487868"/>
</iter>
<iter>
<kw name="Go To Link">
<kw name="Click Element" owner="SeleniumLibrary">
<msg time="2024-10-23T12:31:07.377204" level="INFO">Clicking element '//a[text()="Customers"]'.</msg>
<arg>//a[text()="${text}"]</arg>
<doc>Click the element identified by ``locator``.</doc>
<status status="PASS" start="2024-10-23T12:31:07.376826" elapsed="0.637078"/>
</kw>
<kw name="Wait Until Element Is Visible" owner="SeleniumLibrary">
<arg>//tbody//tr</arg>
<arg>5s</arg>
<doc>Waits until the element ``locator`` is visible.</doc>
<status status="PASS" start="2024-10-23T12:31:08.014227" elapsed="0.196910"/>
</kw>
<arg>Customers</arg>
<status status="PASS" start="2024-10-23T12:31:07.376314" elapsed="0.835032"/>
</kw>
<kw name="Open Add Identity">
<kw name="Click Element" owner="SeleniumLibrary">
<msg time="2024-10-23T12:31:08.212559" level="INFO">Clicking element '//a[@aria-label="Create"]'.</msg>
<arg>//a[@aria-label="Create"]</arg>
<doc>Click the element identified by ``locator``.</doc>
<status status="PASS" start="2024-10-23T12:31:08.212180" elapsed="0.297995"/>
</kw>
<kw name="Wait Until Element Is Visible" owner="SeleniumLibrary">
<arg>${indentity_txt_firstname}</arg>
<arg>10s</arg>
<doc>Waits until the element ``locator`` is visible.</doc>
<status status="PASS" start="2024-10-23T12:31:08.510497" elapsed="0.059484"/>
</kw>
<status status="PASS" start="2024-10-23T12:31:08.211677" elapsed="0.358492"/>
</kw>
<kw name="Add User">
<kw name="Evaluate" owner="BuiltIn">
<msg time="2024-10-23T12:31:08.572019" level="INFO">${firstname} = Clementine</msg>
<var>${firstname}</var>
<arg>" ".join("${user['name']}".split()[:-1]).strip()</arg>
<doc>Evaluates the given expression in Python and returns the result.</doc>
<status status="PASS" start="2024-10-23T12:31:08.571047" elapsed="0.001032"/>
</kw>
<kw name="Evaluate" owner="BuiltIn">
<msg time="2024-10-23T12:31:08.573293" level="INFO">${lastname} = Bauch</msg>
<var>${lastname}</var>
<arg>" ".join("${user['name']}".split()[-1:]).strip()</arg>
<doc>Evaluates the given expression in Python and returns the result.</doc>
<status status="PASS" start="2024-10-23T12:31:08.572309" elapsed="0.001043"/>
</kw>
<kw name="Evaluate" owner="BuiltIn">
<msg time="2024-10-23T12:31:08.574544" level="INFO">${address} = Douglas Extension</msg>
<var>${address}</var>
<arg>f"${user['address']['street']}"</arg>
<doc>Evaluates the given expression in Python and returns the result.</doc>
<status status="PASS" start="2024-10-23T12:31:08.573600" elapsed="0.001006"/>
</kw>
<kw name="Set Variable" owner="BuiltIn">
<msg time="2024-10-23T12:31:08.575061" level="INFO">${password} = P@ssWord456</msg>
<var>${password}</var>
<arg>P@ssWord456</arg>
<doc>Returns the given values which can then be assigned to a variables.</doc>
<status status="PASS" start="2024-10-23T12:31:08.574823" elapsed="0.000287"/>
</kw>
<kw name="Input Text" owner="SeleniumLibrary">
<msg time="2024-10-23T12:31:08.575673" level="INFO">Typing text 'Clementine' into text field '//input[@name="first_name"]'.</msg>
<arg>${indentity_txt_firstname}</arg>
<arg>${firstname}</arg>
<doc>Types the given ``text`` into the text field identified by ``locator``.</doc>
<status status="PASS" start="2024-10-23T12:31:08.575306" elapsed="0.264833"/>
</kw>
<kw name="Input Text" owner="SeleniumLibrary">
<msg time="2024-10-23T12:31:08.841538" level="INFO">Typing text 'Bauch' into text field '//input[@name="last_name"]'.</msg>
<arg>${indentity_txt_lastname}</arg>
<arg>${lastname}</arg>
<doc>Types the given ``text`` into the text field identified by ``locator``.</doc>
<status status="PASS" start="2024-10-23T12:31:08.840463" elapsed="0.268486"/>
</kw>
<kw name="Input Text" owner="SeleniumLibrary">
<msg time="2024-10-23T12:31:09.110215" level="INFO">Typing text 'Nathan@yesenia.net' into text field '//input[@name="email"]'.</msg>
<arg>${indentity_txt_email}</arg>
<arg>${user['email']}</arg>
<doc>Types the given ``text`` into the text field identified by ``locator``.</doc>
<status status="PASS" start="2024-10-23T12:31:09.109229" elapsed="0.348680"/>
</kw>
<kw name="Input Date">
<kw name="Click Element At Coordinates" owner="SeleniumLibrary">
<msg time="2024-10-23T12:31:09.459913" level="INFO">Clicking element '//input[@name="birthday"]' at coordinates x=0, y=0.</msg>
<arg>${locator}</arg>
<arg>0</arg>
<arg>0</arg>
<doc>Click the element ``locator`` at ``xoffset/yoffset``.</doc>
<status status="PASS" start="2024-10-23T12:31:09.459496" elapsed="0.616695"/>
</kw>
<kw name="Press Keys" owner="SeleniumLibrary">
<msg time="2024-10-23T12:31:10.080201" level="INFO">Sending key(s) ('12251979',) to page.</msg>
<msg time="2024-10-23T12:31:10.080495" level="INFO">Sending keys 12251979</msg>
<arg>None</arg>
<arg>${date}</arg>
<doc>Simulates the user pressing key(s) to an element or on the active browser.</doc>
<status status="PASS" start="2024-10-23T12:31:10.078213" elapsed="0.185792"/>
</kw>
<arg>${indentity_txt_birthday}</arg>
<arg>${user['birthday']}</arg>
<status status="PASS" start="2024-10-23T12:31:09.458271" elapsed="0.805917"/>
</kw>
<kw name="Input Text" owner="SeleniumLibrary">
<msg time="2024-10-23T12:31:10.265626" level="INFO">Typing text 'Douglas Extension' into text field '//textarea[@name="address"]'.</msg>
<arg>${indentity_txt_address}</arg>
<arg>${address}</arg>
<doc>Types the given ``text`` into the text field identified by ``locator``.</doc>
<status status="PASS" start="2024-10-23T12:31:10.264417" elapsed="0.281154"/>
</kw>
<kw name="Input Text" owner="SeleniumLibrary">
<msg time="2024-10-23T12:31:10.546873" level="INFO">Typing text 'McKenziehaven' into text field '//input[@name="city"]'.</msg>
<arg>${indentity_txt_city}</arg>
<arg>${user['address']['city']}</arg>
<doc>Types the given ``text`` into the text field identified by ``locator``.</doc>
<status status="PASS" start="2024-10-23T12:31:10.545847" elapsed="0.301027"/>
</kw>
<kw name="Input Text" owner="SeleniumLibrary">
<msg time="2024-10-23T12:31:10.848496" level="INFO">Typing text 'Singer' into text field '//input[@name="stateAbbr"]'.</msg>
<arg>${indentity_txt_stateAbbr}</arg>
<arg>${user['address']['state']}</arg>
<doc>Types the given ``text`` into the text field identified by ``locator``.</doc>
<status status="PASS" start="2024-10-23T12:31:10.847153" elapsed="0.260991"/>
</kw>
<kw name="Input Text" owner="SeleniumLibrary">
<msg time="2024-10-23T12:31:11.109527" level="INFO">Typing text '59590-4157' into text field '//input[@name="zipcode"]'.</msg>
<arg>${indentity_txt_zipcode}</arg>
<arg>${user['address']['zipcode']}</arg>
<doc>Types the given ``text`` into the text field identified by ``locator``.</doc>
<status status="PASS" start="2024-10-23T12:31:11.108462" elapsed="0.297496"/>
</kw>
<kw name="Input Text" owner="SeleniumLibrary">
<msg time="2024-10-23T12:31:11.406818" level="INFO">Typing text 'P@ssWord456' into text field '//input[@name="password"]'.</msg>
<arg>${indentity_txt_password}</arg>
<arg>${password}</arg>
<doc>Types the given ``text`` into the text field identified by ``locator``.</doc>
<status status="PASS" start="2024-10-23T12:31:11.406307" elapsed="0.304117"/>
</kw>
<kw name="Input Text" owner="SeleniumLibrary">
<msg time="2024-10-23T12:31:11.711165" level="INFO">Typing text 'P@ssWord456' into text field '//input[@name="confirm_password"]'.</msg>
<arg>${indentity_txt_confirm_password}</arg>
<arg>${password}</arg>
<doc>Types the given ``text`` into the text field identified by ``locator``.</doc>
<status status="PASS" start="2024-10-23T12:31:11.710766" elapsed="0.335634"/>
</kw>
<kw name="Press Keys" owner="SeleniumLibrary">
<msg time="2024-10-23T12:31:12.047333" level="INFO">Sending key(s) ('ENTER',) to //button[@type="submit"] element.</msg>
<msg time="2024-10-23T12:31:12.505955" level="INFO">Pressing special key ENTER to element.</msg>
<msg time="2024-10-23T12:31:12.506088" level="INFO">Releasing special key ENTER.</msg>
<arg>//button[@type="submit"]</arg>
<arg>ENTER</arg>
<doc>Simulates the user pressing key(s) to an element or on the active browser.</doc>
<status status="PASS" start="2024-10-23T12:31:12.046747" elapsed="0.483169"/>
</kw>
<arg>${user}</arg>
<status status="PASS" start="2024-10-23T12:31:08.570494" elapsed="3.959609"/>
</kw>
<kw name="Wait Until Page Contains" owner="SeleniumLibrary">
<arg>Delete</arg>
<doc>Waits until ``text`` appears on the current page.</doc>
<status status="PASS" start="2024-10-23T12:31:12.530331" elapsed="0.732857"/>
</kw>
<var name="${user}">{'id': 3, 'name': 'Clementine Bauch', 'username': 'Samantha', 'email': 'Nathan@yesenia.net', 'address': {'street': 'Douglas Extension', 'suite': 'Suite 847', 'city': 'McKenziehaven', 'zipcode': '59590...</var>
<status status="PASS" start="2024-10-23T12:31:07.376011" elapsed="5.887303"/>
</iter>
<iter>
<kw name="Go To Link">
<kw name="Click Element" owner="SeleniumLibrary">
<msg time="2024-10-23T12:31:13.266103" level="INFO">Clicking element '//a[text()="Customers"]'.</msg>
<arg>//a[text()="${text}"]</arg>
<doc>Click the element identified by ``locator``.</doc>
<status status="PASS" start="2024-10-23T12:31:13.265203" elapsed="0.603952"/>
</kw>
<kw name="Wait Until Element Is Visible" owner="SeleniumLibrary">
<arg>//tbody//tr</arg>
<arg>5s</arg>
<doc>Waits until the element ``locator`` is visible.</doc>
<status status="PASS" start="2024-10-23T12:31:13.869452" elapsed="0.077024"/>
</kw>
<arg>Customers</arg>
<status status="PASS" start="2024-10-23T12:31:13.264614" elapsed="0.682107"/>
</kw>
<kw name="Open Add Identity">
<kw name="Click Element" owner="SeleniumLibrary">
<msg time="2024-10-23T12:31:13.947923" level="INFO">Clicking element '//a[@aria-label="Create"]'.</msg>
<arg>//a[@aria-label="Create"]</arg>
<doc>Click the element identified by ``locator``.</doc>
<status status="PASS" start="2024-10-23T12:31:13.947466" elapsed="0.312757"/>
</kw>
<kw name="Wait Until Element Is Visible" owner="SeleniumLibrary">
<arg>${indentity_txt_firstname}</arg>
<arg>10s</arg>
<doc>Waits until the element ``locator`` is visible.</doc>
<status status="PASS" start="2024-10-23T12:31:14.260501" elapsed="0.054684"/>
</kw>
<status status="PASS" start="2024-10-23T12:31:13.947005" elapsed="0.368364"/>
</kw>
<kw name="Add User">
<kw name="Evaluate" owner="BuiltIn">
<msg time="2024-10-23T12:31:14.318041" level="INFO">${firstname} = Patricia</msg>
<var>${firstname}</var>
<arg>" ".join("${user['name']}".split()[:-1]).strip()</arg>
<doc>Evaluates the given expression in Python and returns the result.</doc>
<status status="PASS" start="2024-10-23T12:31:14.316361" elapsed="0.001771"/>
</kw>
<kw name="Evaluate" owner="BuiltIn">
<msg time="2024-10-23T12:31:14.320298" level="INFO">${lastname} = Lebsack</msg>
<var>${lastname}</var>
<arg>" ".join("${user['name']}".split()[-1:]).strip()</arg>
<doc>Evaluates the given expression in Python and returns the result.</doc>
<status status="PASS" start="2024-10-23T12:31:14.318409" elapsed="0.001955"/>
</kw>
<kw name="Evaluate" owner="BuiltIn">
<msg time="2024-10-23T12:31:14.321656" level="INFO">${address} = Hoeger Mall</msg>
<var>${address}</var>
<arg>f"${user['address']['street']}"</arg>
<doc>Evaluates the given expression in Python and returns the result.</doc>
<status status="PASS" start="2024-10-23T12:31:14.320637" elapsed="0.001079"/>
</kw>
<kw name="Set Variable" owner="BuiltIn">
<msg time="2024-10-23T12:31:14.322186" level="INFO">${password} = P@ssWord456</msg>
<var>${password}</var>
<arg>P@ssWord456</arg>
<doc>Returns the given values which can then be assigned to a variables.</doc>
<status status="PASS" start="2024-10-23T12:31:14.321945" elapsed="0.000290"/>
</kw>
<kw name="Input Text" owner="SeleniumLibrary">
<msg time="2024-10-23T12:31:14.322800" level="INFO">Typing text 'Patricia' into text field '//input[@name="first_name"]'.</msg>
<arg>${indentity_txt_firstname}</arg>
<arg>${firstname}</arg>
<doc>Types the given ``text`` into the text field identified by ``locator``.</doc>
<status status="PASS" start="2024-10-23T12:31:14.322431" elapsed="0.237537"/>
</kw>
<kw name="Input Text" owner="SeleniumLibrary">
<msg time="2024-10-23T12:31:14.561247" level="INFO">Typing text 'Lebsack' into text field '//input[@name="last_name"]'.</msg>
<arg>${indentity_txt_lastname}</arg>
<arg>${lastname}</arg>
<doc>Types the given ``text`` into the text field identified by ``locator``.</doc>
<status status="PASS" start="2024-10-23T12:31:14.560283" elapsed="0.285797"/>
</kw>
<kw name="Input Text" owner="SeleniumLibrary">
<msg time="2024-10-23T12:31:14.847535" level="INFO">Typing text 'Julianne.OConner@kory.org' into text field '//input[@name="email"]'.</msg>
<arg>${indentity_txt_email}</arg>
<arg>${user['email']}</arg>
<doc>Types the given ``text`` into the text field identified by ``locator``.</doc>
<status status="PASS" start="2024-10-23T12:31:14.846398" elapsed="0.368228"/>
</kw>
<kw name="Input Date">
<kw name="Click Element At Coordinates" owner="SeleniumLibrary">
<msg time="2024-10-23T12:31:15.216689" level="INFO">Clicking element '//input[@name="birthday"]' at coordinates x=0, y=0.</msg>
<arg>${locator}</arg>
<arg>0</arg>
<arg>0</arg>
<doc>Click the element ``locator`` at ``xoffset/yoffset``.</doc>
<status status="PASS" start="2024-10-23T12:31:15.216249" elapsed="0.597584"/>
</kw>
<kw name="Press Keys" owner="SeleniumLibrary">
<msg time="2024-10-23T12:31:15.815768" level="INFO">Sending key(s) ('07272004',) to page.</msg>
<msg time="2024-10-23T12:31:15.816031" level="INFO">Sending keys 07272004</msg>
<arg>None</arg>
<arg>${date}</arg>
<doc>Simulates the user pressing key(s) to an element or on the active browser.</doc>
<status status="PASS" start="2024-10-23T12:31:15.814456" elapsed="0.197643"/>
</kw>
<arg>${indentity_txt_birthday}</arg>
<arg>${user['birthday']}</arg>
<status status="PASS" start="2024-10-23T12:31:15.214979" elapsed="0.797314"/>
</kw>
<kw name="Input Text" owner="SeleniumLibrary">
<msg time="2024-10-23T12:31:16.012941" level="INFO">Typing text 'Hoeger Mall' into text field '//textarea[@name="address"]'.</msg>
<arg>${indentity_txt_address}</arg>
<arg>${address}</arg>
<doc>Types the given ``text`` into the text field identified by ``locator``.</doc>
<status status="PASS" start="2024-10-23T12:31:16.012549" elapsed="0.250910"/>
</kw>
<kw name="Input Text" owner="SeleniumLibrary">
<msg time="2024-10-23T12:31:16.264896" level="INFO">Typing text 'South Elvis' into text field '//input[@name="city"]'.</msg>
<arg>${indentity_txt_city}</arg>
<arg>${user['address']['city']}</arg>
<doc>Types the given ``text`` into the text field identified by ``locator``.</doc>
<status status="PASS" start="2024-10-23T12:31:16.263807" elapsed="0.310472"/>
</kw>
<kw name="Input Text" owner="SeleniumLibrary">
<msg time="2024-10-23T12:31:16.575864" level="INFO">Typing text 'Gaffe' into text field '//input[@name="stateAbbr"]'.</msg>
<arg>${indentity_txt_stateAbbr}</arg>
<arg>${user['address']['state']}</arg>
<doc>Types the given ``text`` into the text field identified by ``locator``.</doc>
<status status="PASS" start="2024-10-23T12:31:16.574652" elapsed="0.279162"/>
</kw>
<kw name="Input Text" owner="SeleniumLibrary">
<msg time="2024-10-23T12:31:16.862707" level="INFO">Typing text '53919-4257' into text field '//input[@name="zipcode"]'.</msg>
<arg>${indentity_txt_zipcode}</arg>
<arg>${user['address']['zipcode']}</arg>
<doc>Types the given ``text`` into the text field identified by ``locator``.</doc>
<status status="PASS" start="2024-10-23T12:31:16.857822" elapsed="0.344416"/>
</kw>
<kw name="Input Text" owner="SeleniumLibrary">
<msg time="2024-10-23T12:31:17.203504" level="INFO">Typing text 'P@ssWord456' into text field '//input[@name="password"]'.</msg>
<arg>${indentity_txt_password}</arg>
<arg>${password}</arg>
<doc>Types the given ``text`` into the text field identified by ``locator``.</doc>
<status status="PASS" start="2024-10-23T12:31:17.202628" elapsed="0.296400"/>
</kw>
<kw name="Input Text" owner="SeleniumLibrary">
<msg time="2024-10-23T12:31:17.499811" level="INFO">Typing text 'P@ssWord456' into text field '//input[@name="confirm_password"]'.</msg>
<arg>${indentity_txt_confirm_password}</arg>
<arg>${password}</arg>
<doc>Types the given ``text`` into the text field identified by ``locator``.</doc>
<status status="PASS" start="2024-10-23T12:31:17.499347" elapsed="0.315891"/>
</kw>
<kw name="Press Keys" owner="SeleniumLibrary">
<msg time="2024-10-23T12:31:17.816473" level="INFO">Sending key(s) ('ENTER',) to //button[@type="submit"] element.</msg>
<msg time="2024-10-23T12:31:18.281374" level="INFO">Pressing special key ENTER to element.</msg>
<msg time="2024-10-23T12:31:18.281544" level="INFO">Releasing special key ENTER.</msg>
<arg>//button[@type="submit"]</arg>
<arg>ENTER</arg>
<doc>Simulates the user pressing key(s) to an element or on the active browser.</doc>
<status status="PASS" start="2024-10-23T12:31:17.815643" elapsed="0.492411"/>
</kw>
<arg>${user}</arg>
<status status="PASS" start="2024-10-23T12:31:14.315746" elapsed="3.992538"/>
</kw>
<kw name="Wait Until Page Contains" owner="SeleniumLibrary">
<arg>Delete</arg>
<doc>Waits until ``text`` appears on the current page.</doc>
<status status="PASS" start="2024-10-23T12:31:18.308572" elapsed="0.747613"/>
</kw>
<var name="${user}">{'id': 4, 'name': 'Patricia Lebsack', 'username': 'Karianne', 'email': 'Julianne.OConner@kory.org', 'address': {'street': 'Hoeger Mall', 'suite': 'Apt. 692', 'city': 'South Elvis', 'zipcode': '53919-4...</var>
<status status="PASS" start="2024-10-23T12:31:13.263613" elapsed="5.792811"/>
</iter>
<iter>
<kw name="Go To Link">
<kw name="Click Element" owner="SeleniumLibrary">
<msg time="2024-10-23T12:31:19.058975" level="INFO">Clicking element '//a[text()="Customers"]'.</msg>
<arg>//a[text()="${text}"]</arg>
<doc>Click the element identified by ``locator``.</doc>
<status status="PASS" start="2024-10-23T12:31:19.058243" elapsed="0.611600"/>
</kw>
<kw name="Wait Until Element Is Visible" owner="SeleniumLibrary">
<arg>//tbody//tr</arg>
<arg>5s</arg>
<doc>Waits until the element ``locator`` is visible.</doc>
<status status="PASS" start="2024-10-23T12:31:19.670328" elapsed="0.080984"/>
</kw>
<arg>Customers</arg>
<status status="PASS" start="2024-10-23T12:31:19.057318" elapsed="0.694270"/>
</kw>
<kw name="Open Add Identity">
<kw name="Click Element" owner="SeleniumLibrary">
<msg time="2024-10-23T12:31:19.753029" level="INFO">Clicking element '//a[@aria-label="Create"]'.</msg>
<arg>//a[@aria-label="Create"]</arg>
<doc>Click the element identified by ``locator``.</doc>
<status status="PASS" start="2024-10-23T12:31:19.752409" elapsed="0.294068"/>
</kw>
<kw name="Wait Until Element Is Visible" owner="SeleniumLibrary">
<arg>${indentity_txt_firstname}</arg>
<arg>10s</arg>
<doc>Waits until the element ``locator`` is visible.</doc>
<status status="PASS" start="2024-10-23T12:31:20.048573" elapsed="0.050739"/>
</kw>
<status status="PASS" start="2024-10-23T12:31:19.751901" elapsed="0.347595"/>
</kw>
<kw name="Add User">
<kw name="Evaluate" owner="BuiltIn">
<msg time="2024-10-23T12:31:20.101355" level="INFO">${firstname} = Chelsey</msg>
<var>${firstname}</var>
<arg>" ".join("${user['name']}".split()[:-1]).strip()</arg>
<doc>Evaluates the given expression in Python and returns the result.</doc>
<status status="PASS" start="2024-10-23T12:31:20.100368" elapsed="0.001048"/>
</kw>
<kw name="Evaluate" owner="BuiltIn">
<msg time="2024-10-23T12:31:20.103542" level="INFO">${lastname} = Dietrich</msg>
<var>${lastname}</var>
<arg>" ".join("${user['name']}".split()[-1:]).strip()</arg>
<doc>Evaluates the given expression in Python and returns the result.</doc>
<status status="PASS" start="2024-10-23T12:31:20.101698" elapsed="0.001952"/>
</kw>
<kw name="Evaluate" owner="BuiltIn">
<msg time="2024-10-23T12:31:20.105838" level="INFO">${address} = Skiles Walks</msg>
<var>${address}</var>
<arg>f"${user['address']['street']}"</arg>
<doc>Evaluates the given expression in Python and returns the result.</doc>
<status status="PASS" start="2024-10-23T12:31:20.103949" elapsed="0.001955"/>
</kw>
<kw name="Set Variable" owner="BuiltIn">
<msg time="2024-10-23T12:31:20.106402" level="INFO">${password} = P@ssWord456</msg>
<var>${password}</var>
<arg>P@ssWord456</arg>
<doc>Returns the given values which can then be assigned to a variables.</doc>
<status status="PASS" start="2024-10-23T12:31:20.106150" elapsed="0.000301"/>
</kw>
<kw name="Input Text" owner="SeleniumLibrary">
<msg time="2024-10-23T12:31:20.107058" level="INFO">Typing text 'Chelsey' into text field '//input[@name="first_name"]'.</msg>
<arg>${indentity_txt_firstname}</arg>
<arg>${firstname}</arg>
<doc>Types the given ``text`` into the text field identified by ``locator``.</doc>
<status status="PASS" start="2024-10-23T12:31:20.106668" elapsed="0.291215"/>
</kw>
<kw name="Input Text" owner="SeleniumLibrary">
<msg time="2024-10-23T12:31:20.398622" level="INFO">Typing text 'Dietrich' into text field '//input[@name="last_name"]'.</msg>
<arg>${indentity_txt_lastname}</arg>
<arg>${lastname}</arg>
<doc>Types the given ``text`` into the text field identified by ``locator``.</doc>
<status status="PASS" start="2024-10-23T12:31:20.398181" elapsed="0.292561"/>
</kw>
<kw name="Input Text" owner="SeleniumLibrary">
<msg time="2024-10-23T12:31:20.694638" level="INFO">Typing text 'Lucio_Hettinger@annie.ca' into text field '//input[@name="email"]'.</msg>
<arg>${indentity_txt_email}</arg>
<arg>${user['email']}</arg>
<doc>Types the given ``text`` into the text field identified by ``locator``.</doc>
<status status="PASS" start="2024-10-23T12:31:20.691072" elapsed="0.321385"/>
</kw>
<kw name="Input Date">
<kw name="Click Element At Coordinates" owner="SeleniumLibrary">
<msg time="2024-10-23T12:31:21.015866" level="INFO">Clicking element '//input[@name="birthday"]' at coordinates x=0, y=0.</msg>
<arg>${locator}</arg>
<arg>0</arg>
<arg>0</arg>
<doc>Click the element ``locator`` at ``xoffset/yoffset``.</doc>
<status status="PASS" start="2024-10-23T12:31:21.015100" elapsed="0.640221"/>
</kw>
<kw name="Press Keys" owner="SeleniumLibrary">
<msg time="2024-10-23T12:31:21.660415" level="INFO">Sending key(s) ('12072006',) to page.</msg>
<msg time="2024-10-23T12:31:21.660763" level="INFO">Sending keys 12072006</msg>
<arg>None</arg>
<arg>${date}</arg>
<doc>Simulates the user pressing key(s) to an element or on the active browser.</doc>
<status status="PASS" start="2024-10-23T12:31:21.658378" elapsed="0.209695"/>
</kw>
<arg>${indentity_txt_birthday}</arg>
<arg>${user['birthday']}</arg>
<status status="PASS" start="2024-10-23T12:31:21.013110" elapsed="0.855152"/>
</kw>
<kw name="Input Text" owner="SeleniumLibrary">
<msg time="2024-10-23T12:31:21.869473" level="INFO">Typing text 'Skiles Walks' into text field '//textarea[@name="address"]'.</msg>
<arg>${indentity_txt_address}</arg>
<arg>${address}</arg>
<doc>Types the given ``text`` into the text field identified by ``locator``.</doc>
<status status="PASS" start="2024-10-23T12:31:21.868490" elapsed="0.280422"/>
</kw>
<kw name="Input Text" owner="SeleniumLibrary">
<msg time="2024-10-23T12:31:22.150220" level="INFO">Typing text 'Roscoeview' into text field '//input[@name="city"]'.</msg>
<arg>${indentity_txt_city}</arg>
<arg>${user['address']['city']}</arg>
<doc>Types the given ``text`` into the text field identified by ``locator``.</doc>
<status status="PASS" start="2024-10-23T12:31:22.149192" elapsed="0.265410"/>
</kw>
<kw name="Input Text" owner="SeleniumLibrary">
<msg time="2024-10-23T12:31:22.416052" level="INFO">Typing text 'Pancake' into text field '//input[@name="stateAbbr"]'.</msg>
<arg>${indentity_txt_stateAbbr}</arg>
<arg>${user['address']['state']}</arg>
<doc>Types the given ``text`` into the text field identified by ``locator``.</doc>
<status status="PASS" start="2024-10-23T12:31:22.415008" elapsed="0.278190"/>
</kw>
<kw name="Input Text" owner="SeleniumLibrary">
<msg time="2024-10-23T12:31:22.695906" level="INFO">Typing text '33263' into text field '//input[@name="zipcode"]'.</msg>
<arg>${indentity_txt_zipcode}</arg>
<arg>${user['address']['zipcode']}</arg>
<doc>Types the given ``text`` into the text field identified by ``locator``.</doc>
<status status="PASS" start="2024-10-23T12:31:22.693506" elapsed="0.278278"/>
</kw>
<kw name="Input Text" owner="SeleniumLibrary">
<msg time="2024-10-23T12:31:22.972614" level="INFO">Typing text 'P@ssWord456' into text field '//input[@name="password"]'.</msg>
<arg>${indentity_txt_password}</arg>
<arg>${password}</arg>
<doc>Types the given ``text`` into the text field identified by ``locator``.</doc>
<status status="PASS" start="2024-10-23T12:31:22.972102" elapsed="0.336198"/>
</kw>
<kw name="Input Text" owner="SeleniumLibrary">
<msg time="2024-10-23T12:31:23.313039" level="INFO">Typing text 'P@ssWord456' into text field '//input[@name="confirm_password"]'.</msg>
<arg>${indentity_txt_confirm_password}</arg>
<arg>${password}</arg>
<doc>Types the given ``text`` into the text field identified by ``locator``.</doc>
<status status="PASS" start="2024-10-23T12:31:23.308687" elapsed="0.291350"/>
</kw>
<kw name="Press Keys" owner="SeleniumLibrary">
<msg time="2024-10-23T12:31:23.600917" level="INFO">Sending key(s) ('ENTER',) to //button[@type="submit"] element.</msg>
<msg time="2024-10-23T12:31:24.059962" level="INFO">Pressing special key ENTER to element.</msg>
<msg time="2024-10-23T12:31:24.060128" level="INFO">Releasing special key ENTER.</msg>
<arg>//button[@type="submit"]</arg>
<arg>ENTER</arg>
<doc>Simulates the user pressing key(s) to an element or on the active browser.</doc>
<status status="PASS" start="2024-10-23T12:31:23.600324" elapsed="0.484770"/>
</kw>
<arg>${user}</arg>
<status status="PASS" start="2024-10-23T12:31:20.099834" elapsed="3.985561"/>
</kw>
<kw name="Wait Until Page Contains" owner="SeleniumLibrary">
<arg>Delete</arg>
<doc>Waits until ``text`` appears on the current page.</doc>
<status status="PASS" start="2024-10-23T12:31:24.085814" elapsed="0.753044"/>
</kw>
<var name="${user}">{'id': 5, 'name': 'Chelsey Dietrich', 'username': 'Kamren', 'email': 'Lucio_Hettinger@annie.ca', 'address': {'street': 'Skiles Walks', 'suite': 'Suite 351', 'city': 'Roscoeview', 'zipcode': '33263', '...</var>
<status status="PASS" start="2024-10-23T12:31:19.057044" elapsed="5.781970"/>
</iter>
<iter>
<kw name="Go To Link">
<kw name="Click Element" owner="SeleniumLibrary">
<msg time="2024-10-23T12:31:24.841925" level="INFO">Clicking element '//a[text()="Customers"]'.</msg>
<arg>//a[text()="${text}"]</arg>
<doc>Click the element identified by ``locator``.</doc>
<status status="PASS" start="2024-10-23T12:31:24.841481" elapsed="0.589512"/>
</kw>
<kw name="Wait Until Element Is Visible" owner="SeleniumLibrary">
<arg>//tbody//tr</arg>
<arg>5s</arg>
<doc>Waits until the element ``locator`` is visible.</doc>
<status status="PASS" start="2024-10-23T12:31:25.431292" elapsed="0.068080"/>
</kw>
<arg>Customers</arg>
<status status="PASS" start="2024-10-23T12:31:24.840900" elapsed="0.658700"/>
</kw>
<kw name="Open Add Identity">
<kw name="Click Element" owner="SeleniumLibrary">
<msg time="2024-10-23T12:31:25.500695" level="INFO">Clicking element '//a[@aria-label="Create"]'.</msg>
<arg>//a[@aria-label="Create"]</arg>
<doc>Click the element identified by ``locator``.</doc>
<status status="PASS" start="2024-10-23T12:31:25.500365" elapsed="0.300075"/>
</kw>
<kw name="Wait Until Element Is Visible" owner="SeleniumLibrary">
<arg>${indentity_txt_firstname}</arg>
<arg>10s</arg>
<doc>Waits until the element ``locator`` is visible.</doc>
<status status="PASS" start="2024-10-23T12:31:25.801052" elapsed="0.051992"/>
</kw>
<status status="PASS" start="2024-10-23T12:31:25.499894" elapsed="0.353336"/>
</kw>
<kw name="Add User">
<kw name="Evaluate" owner="BuiltIn">
<msg time="2024-10-23T12:31:25.856165" level="INFO">${firstname} = Mrs. Dennis</msg>
<var>${firstname}</var>
<arg>" ".join("${user['name']}".split()[:-1]).strip()</arg>
<doc>Evaluates the given expression in Python and returns the result.</doc>
<status status="PASS" start="2024-10-23T12:31:25.854530" elapsed="0.001708"/>
</kw>
<kw name="Evaluate" owner="BuiltIn">
<msg time="2024-10-23T12:31:25.858053" level="INFO">${lastname} = Schulist</msg>
<var>${lastname}</var>
<arg>" ".join("${user['name']}".split()[-1:]).strip()</arg>
<doc>Evaluates the given expression in Python and returns the result.</doc>
<status status="PASS" start="2024-10-23T12:31:25.856544" elapsed="0.001573"/>
</kw>
<kw name="Evaluate" owner="BuiltIn">
<msg time="2024-10-23T12:31:25.859336" level="INFO">${address} = Norberto Crossing</msg>
<var>${address}</var>
<arg>f"${user['address']['street']}"</arg>
<doc>Evaluates the given expression in Python and returns the result.</doc>
<status status="PASS" start="2024-10-23T12:31:25.858364" elapsed="0.001030"/>
</kw>
<kw name="Set Variable" owner="BuiltIn">
<msg time="2024-10-23T12:31:25.859871" level="INFO">${password} = P@ssWord456</msg>
<var>${password}</var>
<arg>P@ssWord456</arg>
<doc>Returns the given values which can then be assigned to a variables.</doc>
<status status="PASS" start="2024-10-23T12:31:25.859632" elapsed="0.000288"/>
</kw>
<kw name="Input Text" owner="SeleniumLibrary">
<msg time="2024-10-23T12:31:25.860473" level="INFO">Typing text 'Mrs. Dennis' into text field '//input[@name="first_name"]'.</msg>
<arg>${indentity_txt_firstname}</arg>
<arg>${firstname}</arg>
<doc>Types the given ``text`` into the text field identified by ``locator``.</doc>
<status status="PASS" start="2024-10-23T12:31:25.860117" elapsed="0.241004"/>
</kw>
<kw name="Input Text" owner="SeleniumLibrary">
<msg time="2024-10-23T12:31:26.101896" level="INFO">Typing text 'Schulist' into text field '//input[@name="last_name"]'.</msg>
<arg>${indentity_txt_lastname}</arg>
<arg>${lastname}</arg>
<doc>Types the given ``text`` into the text field identified by ``locator``.</doc>
<status status="PASS" start="2024-10-23T12:31:26.101414" elapsed="0.307703"/>
</kw>
<kw name="Input Text" owner="SeleniumLibrary">
<msg time="2024-10-23T12:31:26.412290" level="INFO">Typing text 'Karley_Dach@jasper.info' into text field '//input[@name="email"]'.</msg>
<arg>${indentity_txt_email}</arg>
<arg>${user['email']}</arg>
<doc>Types the given ``text`` into the text field identified by ``locator``.</doc>
<status status="PASS" start="2024-10-23T12:31:26.409459" elapsed="0.342257"/>
</kw>
<kw name="Input Date">
<kw name="Click Element At Coordinates" owner="SeleniumLibrary">
<msg time="2024-10-23T12:31:26.753651" level="INFO">Clicking element '//input[@name="birthday"]' at coordinates x=0, y=0.</msg>
<arg>${locator}</arg>
<arg>0</arg>
<arg>0</arg>
<doc>Click the element ``locator`` at ``xoffset/yoffset``.</doc>
<status status="PASS" start="2024-10-23T12:31:26.753254" elapsed="0.628382"/>
</kw>
<kw name="Press Keys" owner="SeleniumLibrary">
<msg time="2024-10-23T12:31:27.386243" level="INFO">Sending key(s) ('04222011',) to page.</msg>
<msg time="2024-10-23T12:31:27.386537" level="INFO">Sending keys 04222011</msg>
<arg>None</arg>
<arg>${date}</arg>
<doc>Simulates the user pressing key(s) to an element or on the active browser.</doc>
<status status="PASS" start="2024-10-23T12:31:27.382252" elapsed="0.167882"/>
</kw>
<arg>${indentity_txt_birthday}</arg>
<arg>${user['birthday']}</arg>
<status status="PASS" start="2024-10-23T12:31:26.752038" elapsed="0.798282"/>
</kw>
<kw name="Input Text" owner="SeleniumLibrary">
<msg time="2024-10-23T12:31:27.550956" level="INFO">Typing text 'Norberto Crossing' into text field '//textarea[@name="address"]'.</msg>
<arg>${indentity_txt_address}</arg>
<arg>${address}</arg>
<doc>Types the given ``text`` into the text field identified by ``locator``.</doc>
<status status="PASS" start="2024-10-23T12:31:27.550571" elapsed="0.299935"/>
</kw>
<kw name="Input Text" owner="SeleniumLibrary">
<msg time="2024-10-23T12:31:27.851925" level="INFO">Typing text 'South Christy' into text field '//input[@name="city"]'.</msg>
<arg>${indentity_txt_city}</arg>
<arg>${user['address']['city']}</arg>
<doc>Types the given ``text`` into the text field identified by ``locator``.</doc>
<status status="PASS" start="2024-10-23T12:31:27.850816" elapsed="0.310443"/>
</kw>
<kw name="Input Text" owner="SeleniumLibrary">
<msg time="2024-10-23T12:31:28.168206" level="INFO">Typing text 'Explicit' into text field '//input[@name="stateAbbr"]'.</msg>
<arg>${indentity_txt_stateAbbr}</arg>
<arg>${user['address']['state']}</arg>
<doc>Types the given ``text`` into the text field identified by ``locator``.</doc>
<status status="PASS" start="2024-10-23T12:31:28.161576" elapsed="0.313843"/>
</kw>
<kw name="Input Text" owner="SeleniumLibrary">
<msg time="2024-10-23T12:31:28.478569" level="INFO">Typing text '23505-1337' into text field '//input[@name="zipcode"]'.</msg>
<arg>${indentity_txt_zipcode}</arg>
<arg>${user['address']['zipcode']}</arg>
<doc>Types the given ``text`` into the text field identified by ``locator``.</doc>
<status status="PASS" start="2024-10-23T12:31:28.476042" elapsed="0.279608"/>
</kw>
<kw name="Input Text" owner="SeleniumLibrary">
<msg time="2024-10-23T12:31:28.756750" level="INFO">Typing text 'P@ssWord456' into text field '//input[@name="password"]'.</msg>
<arg>${indentity_txt_password}</arg>
<arg>${password}</arg>
<doc>Types the given ``text`` into the text field identified by ``locator``.</doc>
<status status="PASS" start="2024-10-23T12:31:28.755943" elapsed="0.302672"/>
</kw>
<kw name="Input Text" owner="SeleniumLibrary">
<msg time="2024-10-23T12:31:29.059452" level="INFO">Typing text 'P@ssWord456' into text field '//input[@name="confirm_password"]'.</msg>
<arg>${indentity_txt_confirm_password}</arg>
<arg>${password}</arg>
<doc>Types the given ``text`` into the text field identified by ``locator``.</doc>
<status status="PASS" start="2024-10-23T12:31:29.058963" elapsed="0.292278"/>
</kw>
<kw name="Press Keys" owner="SeleniumLibrary">
<msg time="2024-10-23T12:31:29.352139" level="INFO">Sending key(s) ('ENTER',) to //button[@type="submit"] element.</msg>
<msg time="2024-10-23T12:31:29.811184" level="INFO">Pressing special key ENTER to element.</msg>
<msg time="2024-10-23T12:31:29.811316" level="INFO">Releasing special key ENTER.</msg>
<arg>//button[@type="submit"]</arg>
<arg>ENTER</arg>
<doc>Simulates the user pressing key(s) to an element or on the active browser.</doc>
<status status="PASS" start="2024-10-23T12:31:29.351568" elapsed="0.482613"/>
</kw>
<arg>${user}</arg>
<status status="PASS" start="2024-10-23T12:31:25.853598" elapsed="3.980786"/>
</kw>
<kw name="Wait Until Page Contains" owner="SeleniumLibrary">
<arg>Delete</arg>
<doc>Waits until ``text`` appears on the current page.</doc>
<status status="PASS" start="2024-10-23T12:31:29.834641" elapsed="0.748778"/>
</kw>
<var name="${user}">{'id': 6, 'name': 'Mrs. Dennis Schulist', 'username': 'Leopoldo_Corkery', 'email': 'Karley_Dach@jasper.info', 'address': {'street': 'Norberto Crossing', 'suite': 'Apt. 950', 'city': 'South Christy', '...</var>
<status status="PASS" start="2024-10-23T12:31:24.840421" elapsed="5.743153"/>
</iter>
<iter>
<kw name="Go To Link">
<kw name="Click Element" owner="SeleniumLibrary">
<msg time="2024-10-23T12:31:30.584918" level="INFO">Clicking element '//a[text()="Customers"]'.</msg>
<arg>//a[text()="${text}"]</arg>
<doc>Click the element identified by ``locator``.</doc>
<status status="PASS" start="2024-10-23T12:31:30.584572" elapsed="0.594206"/>
</kw>
<kw name="Wait Until Element Is Visible" owner="SeleniumLibrary">
<arg>//tbody//tr</arg>
<arg>5s</arg>
<doc>Waits until the element ``locator`` is visible.</doc>
<status status="PASS" start="2024-10-23T12:31:31.179124" elapsed="0.056520"/>
</kw>
<arg>Customers</arg>
<status status="PASS" start="2024-10-23T12:31:30.584074" elapsed="0.651759"/>
</kw>
<kw name="Open Add Identity">
<kw name="Click Element" owner="SeleniumLibrary">
<msg time="2024-10-23T12:31:31.236808" level="INFO">Clicking element '//a[@aria-label="Create"]'.</msg>
<arg>//a[@aria-label="Create"]</arg>
<doc>Click the element identified by ``locator``.</doc>
<status status="PASS" start="2024-10-23T12:31:31.236532" elapsed="0.301070"/>
</kw>
<kw name="Wait Until Element Is Visible" owner="SeleniumLibrary">
<arg>${indentity_txt_firstname}</arg>
<arg>10s</arg>
<doc>Waits until the element ``locator`` is visible.</doc>
<status status="PASS" start="2024-10-23T12:31:31.537925" elapsed="0.065398"/>
</kw>
<status status="PASS" start="2024-10-23T12:31:31.236091" elapsed="0.367414"/>
</kw>
<kw name="Add User">
<kw name="Evaluate" owner="BuiltIn">
<msg time="2024-10-23T12:31:31.605363" level="INFO">${firstname} = Kurtis</msg>
<var>${firstname}</var>
<arg>" ".join("${user['name']}".split()[:-1]).strip()</arg>
<doc>Evaluates the given expression in Python and returns the result.</doc>
<status status="PASS" start="2024-10-23T12:31:31.604373" elapsed="0.001049"/>
</kw>
<kw name="Evaluate" owner="BuiltIn">
<msg time="2024-10-23T12:31:31.606723" level="INFO">${lastname} = Weissnat</msg>
<var>${lastname}</var>
<arg>" ".join("${user['name']}".split()[-1:]).strip()</arg>
<doc>Evaluates the given expression in Python and returns the result.</doc>
<status status="PASS" start="2024-10-23T12:31:31.605673" elapsed="0.001114"/>
</kw>
<kw name="Evaluate" owner="BuiltIn">
<msg time="2024-10-23T12:31:31.608157" level="INFO">${address} = Rex Trail</msg>
<var>${address}</var>
<arg>f"${user['address']['street']}"</arg>
<doc>Evaluates the given expression in Python and returns the result.</doc>
<status status="PASS" start="2024-10-23T12:31:31.607088" elapsed="0.001131"/>
</kw>
<kw name="Set Variable" owner="BuiltIn">
<msg time="2024-10-23T12:31:31.608712" level="INFO">${password} = P@ssWord456</msg>
<var>${password}</var>
<arg>P@ssWord456</arg>
<doc>Returns the given values which can then be assigned to a variables.</doc>
<status status="PASS" start="2024-10-23T12:31:31.608455" elapsed="0.000308"/>
</kw>
<kw name="Input Text" owner="SeleniumLibrary">
<msg time="2024-10-23T12:31:31.609314" level="INFO">Typing text 'Kurtis' into text field '//input[@name="first_name"]'.</msg>
<arg>${indentity_txt_firstname}</arg>
<arg>${firstname}</arg>
<doc>Types the given ``text`` into the text field identified by ``locator``.</doc>
<status status="PASS" start="2024-10-23T12:31:31.608965" elapsed="0.224221"/>
</kw>
<kw name="Input Text" owner="SeleniumLibrary">
<msg time="2024-10-23T12:31:31.833941" level="INFO">Typing text 'Weissnat' into text field '//input[@name="last_name"]'.</msg>
<arg>${indentity_txt_lastname}</arg>
<arg>${lastname}</arg>
<doc>Types the given ``text`` into the text field identified by ``locator``.</doc>
<status status="PASS" start="2024-10-23T12:31:31.833464" elapsed="0.321559"/>
</kw>
<kw name="Input Text" owner="SeleniumLibrary">
<msg time="2024-10-23T12:31:32.156428" level="INFO">Typing text 'Telly.Hoeger@billy.biz' into text field '//input[@name="email"]'.</msg>
<arg>${indentity_txt_email}</arg>
<arg>${user['email']}</arg>
<doc>Types the given ``text`` into the text field identified by ``locator``.</doc>
<status status="PASS" start="2024-10-23T12:31:32.155304" elapsed="0.354270"/>
</kw>
<kw name="Input Date">
<kw name="Click Element At Coordinates" owner="SeleniumLibrary">
<msg time="2024-10-23T12:31:32.514715" level="INFO">Clicking element '//input[@name="birthday"]' at coordinates x=0, y=0.</msg>
<arg>${locator}</arg>
<arg>0</arg>
<arg>0</arg>
<doc>Click the element ``locator`` at ``xoffset/yoffset``.</doc>
<status status="PASS" start="2024-10-23T12:31:32.514228" elapsed="0.609840"/>
</kw>
<kw name="Press Keys" owner="SeleniumLibrary">
<msg time="2024-10-23T12:31:33.126746" level="INFO">Sending key(s) ('04031998',) to page.</msg>
<msg time="2024-10-23T12:31:33.127084" level="INFO">Sending keys 04031998</msg>
<arg>None</arg>
<arg>${date}</arg>
<doc>Simulates the user pressing key(s) to an element or on the active browser.</doc>
<status status="PASS" start="2024-10-23T12:31:33.124778" elapsed="0.182410"/>
</kw>
<arg>${indentity_txt_birthday}</arg>
<arg>${user['birthday']}</arg>
<status status="PASS" start="2024-10-23T12:31:32.509936" elapsed="0.797650"/>
</kw>
<kw name="Input Text" owner="SeleniumLibrary">
<msg time="2024-10-23T12:31:33.309414" level="INFO">Typing text 'Rex Trail' into text field '//textarea[@name="address"]'.</msg>
<arg>${indentity_txt_address}</arg>
<arg>${address}</arg>
<doc>Types the given ``text`` into the text field identified by ``locator``.</doc>
<status status="PASS" start="2024-10-23T12:31:33.308886" elapsed="0.233261"/>
</kw>
<kw name="Input Text" owner="SeleniumLibrary">
<msg time="2024-10-23T12:31:33.544623" level="INFO">Typing text 'Howemouth' into text field '//input[@name="city"]'.</msg>
<arg>${indentity_txt_city}</arg>
<arg>${user['address']['city']}</arg>
<doc>Types the given ``text`` into the text field identified by ``locator``.</doc>
<status status="PASS" start="2024-10-23T12:31:33.542459" elapsed="0.290858"/>
</kw>
<kw name="Input Text" owner="SeleniumLibrary">
<msg time="2024-10-23T12:31:33.835390" level="INFO">Typing text 'Lavish' into text field '//input[@name="stateAbbr"]'.</msg>
<arg>${indentity_txt_stateAbbr}</arg>
<arg>${user['address']['state']}</arg>
<doc>Types the given ``text`` into the text field identified by ``locator``.</doc>
<status status="PASS" start="2024-10-23T12:31:33.833910" elapsed="0.281331"/>
</kw>
<kw name="Input Text" owner="SeleniumLibrary">
<msg time="2024-10-23T12:31:34.118165" level="INFO">Typing text '58804-1099' into text field '//input[@name="zipcode"]'.</msg>
<arg>${indentity_txt_zipcode}</arg>
<arg>${user['address']['zipcode']}</arg>
<doc>Types the given ``text`` into the text field identified by ``locator``.</doc>
<status status="PASS" start="2024-10-23T12:31:34.115622" elapsed="0.337422"/>
</kw>
<kw name="Input Text" owner="SeleniumLibrary">
<msg time="2024-10-23T12:31:34.453774" level="INFO">Typing text 'P@ssWord456' into text field '//input[@name="password"]'.</msg>
<arg>${indentity_txt_password}</arg>
<arg>${password}</arg>
<doc>Types the given ``text`` into the text field identified by ``locator``.</doc>
<status status="PASS" start="2024-10-23T12:31:34.453330" elapsed="0.285570"/>
</kw>
<kw name="Input Text" owner="SeleniumLibrary">
<msg time="2024-10-23T12:31:34.739761" level="INFO">Typing text 'P@ssWord456' into text field '//input[@name="confirm_password"]'.</msg>
<arg>${indentity_txt_confirm_password}</arg>
<arg>${password}</arg>
<doc>Types the given ``text`` into the text field identified by ``locator``.</doc>
<status status="PASS" start="2024-10-23T12:31:34.739250" elapsed="0.300706"/>
</kw>
<kw name="Press Keys" owner="SeleniumLibrary">
<msg time="2024-10-23T12:31:35.040919" level="INFO">Sending key(s) ('ENTER',) to //button[@type="submit"] element.</msg>
<msg time="2024-10-23T12:31:35.480729" level="INFO">Pressing special key ENTER to element.</msg>
<msg time="2024-10-23T12:31:35.480865" level="INFO">Releasing special key ENTER.</msg>
<arg>//button[@type="submit"]</arg>
<arg>ENTER</arg>
<doc>Simulates the user pressing key(s) to an element or on the active browser.</doc>
<status status="PASS" start="2024-10-23T12:31:35.040235" elapsed="0.461962"/>
</kw>
<arg>${user}</arg>
<status status="PASS" start="2024-10-23T12:31:31.603857" elapsed="3.898526"/>
</kw>
<kw name="Wait Until Page Contains" owner="SeleniumLibrary">
<arg>Delete</arg>
<doc>Waits until ``text`` appears on the current page.</doc>
<status status="PASS" start="2024-10-23T12:31:35.502628" elapsed="0.802832"/>
</kw>
<var name="${user}">{'id': 7, 'name': 'Kurtis Weissnat', 'username': 'Elwyn.Skiles', 'email': 'Telly.Hoeger@billy.biz', 'address': {'street': 'Rex Trail', 'suite': 'Suite 280', 'city': 'Howemouth', 'zipcode': '58804-1099...</var>
<status status="PASS" start="2024-10-23T12:31:30.583853" elapsed="5.721783"/>
</iter>
<iter>
<kw name="Go To Link">
<kw name="Click Element" owner="SeleniumLibrary">
<msg time="2024-10-23T12:31:36.307168" level="INFO">Clicking element '//a[text()="Customers"]'.</msg>
<arg>//a[text()="${text}"]</arg>
<doc>Click the element identified by ``locator``.</doc>
<status status="PASS" start="2024-10-23T12:31:36.306761" elapsed="0.598624"/>
</kw>
<kw name="Wait Until Element Is Visible" owner="SeleniumLibrary">
<arg>//tbody//tr</arg>
<arg>5s</arg>
<doc>Waits until the element ``locator`` is visible.</doc>
<status status="PASS" start="2024-10-23T12:31:36.905755" elapsed="0.076321"/>
</kw>
<arg>Customers</arg>
<status status="PASS" start="2024-10-23T12:31:36.306189" elapsed="0.676073"/>
</kw>
<kw name="Open Add Identity">
<kw name="Click Element" owner="SeleniumLibrary">
<msg time="2024-10-23T12:31:36.983284" level="INFO">Clicking element '//a[@aria-label="Create"]'.</msg>
<arg>//a[@aria-label="Create"]</arg>
<doc>Click the element identified by ``locator``.</doc>
<status status="PASS" start="2024-10-23T12:31:36.982988" elapsed="0.305805"/>
</kw>
<kw name="Wait Until Element Is Visible" owner="SeleniumLibrary">
<arg>${indentity_txt_firstname}</arg>
<arg>10s</arg>
<doc>Waits until the element ``locator`` is visible.</doc>
<status status="PASS" start="2024-10-23T12:31:37.289091" elapsed="0.063441"/>
</kw>
<status status="PASS" start="2024-10-23T12:31:36.982548" elapsed="0.370179"/>
</kw>
<kw name="Add User">
<kw name="Evaluate" owner="BuiltIn">
<msg time="2024-10-23T12:31:37.354728" level="INFO">${firstname} = Nicholas Runolfsdottir</msg>
<var>${firstname}</var>
<arg>" ".join("${user['name']}".split()[:-1]).strip()</arg>
<doc>Evaluates the given expression in Python and returns the result.</doc>
<status status="PASS" start="2024-10-23T12:31:37.353708" elapsed="0.001082"/>
</kw>
<kw name="Evaluate" owner="BuiltIn">
<msg time="2024-10-23T12:31:37.356096" level="INFO">${lastname} = V</msg>
<var>${lastname}</var>
<arg>" ".join("${user['name']}".split()[-1:]).strip()</arg>
<doc>Evaluates the given expression in Python and returns the result.</doc>
<status status="PASS" start="2024-10-23T12:31:37.355029" elapsed="0.001129"/>
</kw>
<kw name="Evaluate" owner="BuiltIn">
<msg time="2024-10-23T12:31:37.357330" level="INFO">${address} = Ellsworth Summit</msg>
<var>${address}</var>
<arg>f"${user['address']['street']}"</arg>
<doc>Evaluates the given expression in Python and returns the result.</doc>
<status status="PASS" start="2024-10-23T12:31:37.356384" elapsed="0.001005"/>
</kw>
<kw name="Set Variable" owner="BuiltIn">
<msg time="2024-10-23T12:31:37.357876" level="INFO">${password} = P@ssWord456</msg>
<var>${password}</var>
<arg>P@ssWord456</arg>
<doc>Returns the given values which can then be assigned to a variables.</doc>
<status status="PASS" start="2024-10-23T12:31:37.357622" elapsed="0.000305"/>
</kw>
<kw name="Input Text" owner="SeleniumLibrary">
<msg time="2024-10-23T12:31:37.359574" level="INFO">Typing text 'Nicholas Runolfsdottir' into text field '//input[@name="first_name"]'.</msg>
<arg>${indentity_txt_firstname}</arg>
<arg>${firstname}</arg>
<doc>Types the given ``text`` into the text field identified by ``locator``.</doc>
<status status="PASS" start="2024-10-23T12:31:37.358550" elapsed="0.307842"/>
</kw>
<kw name="Input Text" owner="SeleniumLibrary">
<msg time="2024-10-23T12:31:37.669613" level="INFO">Typing text 'V' into text field '//input[@name="last_name"]'.</msg>
<arg>${indentity_txt_lastname}</arg>
<arg>${lastname}</arg>
<doc>Types the given ``text`` into the text field identified by ``locator``.</doc>
<status status="PASS" start="2024-10-23T12:31:37.669096" elapsed="0.215066"/>
</kw>
<kw name="Input Text" owner="SeleniumLibrary">
<msg time="2024-10-23T12:31:37.885855" level="INFO">Typing text 'Sherwood@rosamond.me' into text field '//input[@name="email"]'.</msg>
<arg>${indentity_txt_email}</arg>
<arg>${user['email']}</arg>
<doc>Types the given ``text`` into the text field identified by ``locator``.</doc>
<status status="PASS" start="2024-10-23T12:31:37.884728" elapsed="0.369001"/>
</kw>
<kw name="Input Date">
<kw name="Click Element At Coordinates" owner="SeleniumLibrary">
<msg time="2024-10-23T12:31:38.255696" level="INFO">Clicking element '//input[@name="birthday"]' at coordinates x=0, y=0.</msg>
<arg>${locator}</arg>
<arg>0</arg>
<arg>0</arg>
<doc>Click the element ``locator`` at ``xoffset/yoffset``.</doc>
<status status="PASS" start="2024-10-23T12:31:38.255277" elapsed="0.605506"/>
</kw>
<kw name="Press Keys" owner="SeleniumLibrary">
<msg time="2024-10-23T12:31:38.865439" level="INFO">Sending key(s) ('09151986',) to page.</msg>
<msg time="2024-10-23T12:31:38.865807" level="INFO">Sending keys 09151986</msg>
<arg>None</arg>
<arg>${date}</arg>
<doc>Simulates the user pressing key(s) to an element or on the active browser.</doc>
<status status="PASS" start="2024-10-23T12:31:38.863917" elapsed="0.210323"/>
</kw>
<arg>${indentity_txt_birthday}</arg>
<arg>${user['birthday']}</arg>
<status status="PASS" start="2024-10-23T12:31:38.254069" elapsed="0.820357"/>
</kw>
<kw name="Input Text" owner="SeleniumLibrary">
<msg time="2024-10-23T12:31:39.075220" level="INFO">Typing text 'Ellsworth Summit' into text field '//textarea[@name="address"]'.</msg>
<arg>${indentity_txt_address}</arg>
<arg>${address}</arg>
<doc>Types the given ``text`` into the text field identified by ``locator``.</doc>
<status status="PASS" start="2024-10-23T12:31:39.074767" elapsed="0.296510"/>
</kw>
<kw name="Input Text" owner="SeleniumLibrary">
<msg time="2024-10-23T12:31:39.373544" level="INFO">Typing text 'Aliyaview' into text field '//input[@name="city"]'.</msg>
<arg>${indentity_txt_city}</arg>
<arg>${user['address']['city']}</arg>
<doc>Types the given ``text`` into the text field identified by ``locator``.</doc>
<status status="PASS" start="2024-10-23T12:31:39.372009" elapsed="0.279172"/>
</kw>
<kw name="Input Text" owner="SeleniumLibrary">
<msg time="2024-10-23T12:31:39.653070" level="INFO">Typing text 'Patchy' into text field '//input[@name="stateAbbr"]'.</msg>
<arg>${indentity_txt_stateAbbr}</arg>
<arg>${user['address']['state']}</arg>
<doc>Types the given ``text`` into the text field identified by ``locator``.</doc>
<status status="PASS" start="2024-10-23T12:31:39.651674" elapsed="0.259536"/>
</kw>
<kw name="Input Text" owner="SeleniumLibrary">
<msg time="2024-10-23T12:31:39.916672" level="INFO">Typing text '45169' into text field '//input[@name="zipcode"]'.</msg>
<arg>${indentity_txt_zipcode}</arg>
<arg>${user['address']['zipcode']}</arg>
<doc>Types the given ``text`` into the text field identified by ``locator``.</doc>
<status status="PASS" start="2024-10-23T12:31:39.911577" elapsed="0.272773"/>
</kw>
<kw name="Input Text" owner="SeleniumLibrary">
<msg time="2024-10-23T12:31:40.186242" level="INFO">Typing text 'P@ssWord456' into text field '//input[@name="password"]'.</msg>
<arg>${indentity_txt_password}</arg>
<arg>${password}</arg>
<doc>Types the given ``text`` into the text field identified by ``locator``.</doc>
<status status="PASS" start="2024-10-23T12:31:40.184876" elapsed="0.323501"/>
</kw>
<kw name="Input Text" owner="SeleniumLibrary">
<msg time="2024-10-23T12:31:40.509115" level="INFO">Typing text 'P@ssWord456' into text field '//input[@name="confirm_password"]'.</msg>
<arg>${indentity_txt_confirm_password}</arg>
<arg>${password}</arg>
<doc>Types the given ``text`` into the text field identified by ``locator``.</doc>
<status status="PASS" start="2024-10-23T12:31:40.508692" elapsed="0.319127"/>
</kw>
<kw name="Press Keys" owner="SeleniumLibrary">
<msg time="2024-10-23T12:31:40.828877" level="INFO">Sending key(s) ('ENTER',) to //button[@type="submit"] element.</msg>
<msg time="2024-10-23T12:31:41.336812" level="INFO">Pressing special key ENTER to element.</msg>
<msg time="2024-10-23T12:31:41.336948" level="INFO">Releasing special key ENTER.</msg>
<arg>//button[@type="submit"]</arg>
<arg>ENTER</arg>
<doc>Simulates the user pressing key(s) to an element or on the active browser.</doc>
<status status="PASS" start="2024-10-23T12:31:40.828210" elapsed="0.540398"/>
</kw>
<arg>${user}</arg>
<status status="PASS" start="2024-10-23T12:31:37.353069" elapsed="4.015739"/>
</kw>
<kw name="Wait Until Page Contains" owner="SeleniumLibrary">
<arg>Delete</arg>
<doc>Waits until ``text`` appears on the current page.</doc>
<status status="PASS" start="2024-10-23T12:31:41.369120" elapsed="0.740539"/>
</kw>
<var name="${user}">{'id': 8, 'name': 'Nicholas Runolfsdottir V', 'username': 'Maxime_Nienow', 'email': 'Sherwood@rosamond.me', 'address': {'street': 'Ellsworth Summit', 'suite': 'Suite 729', 'city': 'Aliyaview', 'zipcod...</var>
<status status="PASS" start="2024-10-23T12:31:36.305941" elapsed="5.803852"/>
</iter>
<iter>
<kw name="Go To Link">
<kw name="Click Element" owner="SeleniumLibrary">
<msg time="2024-10-23T12:31:42.114144" level="INFO">Clicking element '//a[text()="Customers"]'.</msg>
<arg>//a[text()="${text}"]</arg>
<doc>Click the element identified by ``locator``.</doc>
<status status="PASS" start="2024-10-23T12:31:42.113642" elapsed="0.682706"/>
</kw>
<kw name="Wait Until Element Is Visible" owner="SeleniumLibrary">
<arg>//tbody//tr</arg>
<arg>5s</arg>
<doc>Waits until the element ``locator`` is visible.</doc>
<status status="PASS" start="2024-10-23T12:31:42.799091" elapsed="0.155792"/>
</kw>
<arg>Customers</arg>
<status status="PASS" start="2024-10-23T12:31:42.110901" elapsed="0.844164"/>
</kw>
<kw name="Open Add Identity">
<kw name="Click Element" owner="SeleniumLibrary">
<msg time="2024-10-23T12:31:42.956122" level="INFO">Clicking element '//a[@aria-label="Create"]'.</msg>
<arg>//a[@aria-label="Create"]</arg>
<doc>Click the element identified by ``locator``.</doc>
<status status="PASS" start="2024-10-23T12:31:42.955841" elapsed="0.484978"/>
</kw>
<kw name="Wait Until Element Is Visible" owner="SeleniumLibrary">
<arg>${indentity_txt_firstname}</arg>
<arg>10s</arg>
<doc>Waits until the element ``locator`` is visible.</doc>
<status status="PASS" start="2024-10-23T12:31:43.441106" elapsed="0.044390"/>
</kw>
<status status="PASS" start="2024-10-23T12:31:42.955323" elapsed="0.530381"/>
</kw>
<kw name="Add User">
<kw name="Evaluate" owner="BuiltIn">
<msg time="2024-10-23T12:31:43.487561" level="INFO">${firstname} = Glenna</msg>
<var>${firstname}</var>
<arg>" ".join("${user['name']}".split()[:-1]).strip()</arg>
<doc>Evaluates the given expression in Python and returns the result.</doc>
<status status="PASS" start="2024-10-23T12:31:43.486575" elapsed="0.001048"/>
</kw>
<kw name="Evaluate" owner="BuiltIn">
<msg time="2024-10-23T12:31:43.488803" level="INFO">${lastname} = Reichert</msg>
<var>${lastname}</var>
<arg>" ".join("${user['name']}".split()[-1:]).strip()</arg>
<doc>Evaluates the given expression in Python and returns the result.</doc>
<status status="PASS" start="2024-10-23T12:31:43.487849" elapsed="0.001011"/>
</kw>
<kw name="Evaluate" owner="BuiltIn">
<msg time="2024-10-23T12:31:43.490054" level="INFO">${address} = Dayna Park</msg>
<var>${address}</var>
<arg>f"${user['address']['street']}"</arg>
<doc>Evaluates the given expression in Python and returns the result.</doc>
<status status="PASS" start="2024-10-23T12:31:43.489107" elapsed="0.001004"/>
</kw>
<kw name="Set Variable" owner="BuiltIn">
<msg time="2024-10-23T12:31:43.490591" level="INFO">${password} = P@ssWord456</msg>
<var>${password}</var>
<arg>P@ssWord456</arg>
[...]
<doc>Logs the given message to the console.</doc>
<status status="PASS" start="2024-10-23T12:32:12.962336" elapsed="0.000352"/>
</kw>
<if>
<branch type="IF" condition="&quot;${order_text}&quot; == &quot;0&quot;">
<kw name="Append To List" owner="Collections">
<arg>${users_with_zero_orders}</arg>
<arg>${CUSTOMERS}[${index}]</arg>
<doc>Adds ``values`` to the end of ``list``.</doc>
<status status="PASS" start="2024-10-23T12:32:12.963835" elapsed="0.000474"/>
</kw>
<status status="PASS" start="2024-10-23T12:32:12.962872" elapsed="0.001566"/>
</branch>
<status status="PASS" start="2024-10-23T12:32:12.962830" elapsed="0.001712"/>
</if>
<var name="${i}">24</var>
<status status="PASS" start="2024-10-23T12:32:12.681074" elapsed="0.283526"/>
</iter>
<iter>
<kw name="Evaluate" owner="BuiltIn">
<msg time="2024-10-23T12:32:12.966404" level="INFO">${index} = 24</msg>
<var>${index}</var>
<arg>${i} - 1</arg>
<doc>Evaluates the given expression in Python and returns the result.</doc>
<status status="PASS" start="2024-10-23T12:32:12.965550" elapsed="0.000928"/>
</kw>
<kw name="Get Text" owner="SeleniumLibrary">
<msg time="2024-10-23T12:32:13.016798" level="INFO">${last_seen_text} = 10/22/2024</msg>
<var>${last_seen_text}</var>
<arg>((//tbody//tr)[${i}]//td)[3]</arg>
<doc>Returns the text value of the element identified by ``locator``.</doc>
<status status="PASS" start="2024-10-23T12:32:12.966787" elapsed="0.050084"/>
</kw>
<kw name="Get Text" owner="SeleniumLibrary">
<msg time="2024-10-23T12:32:13.057089" level="INFO">${order_text} = 0</msg>
<var>${order_text}</var>
<arg>((//tbody//tr)[${i}]//td)[4]</arg>
<doc>Returns the text value of the element identified by ``locator``.</doc>
<status status="PASS" start="2024-10-23T12:32:13.017158" elapsed="0.040002"/>
</kw>
<kw name="Get Text" owner="SeleniumLibrary">
<msg time="2024-10-23T12:32:13.096746" level="INFO">${total_spent_text} = $0.00</msg>
<var>${total_spent_text}</var>
<arg>((//tbody//tr)[${i}]//td)[5]</arg>
<doc>Returns the text value of the element identified by ``locator``.</doc>
<status status="PASS" start="2024-10-23T12:32:13.057420" elapsed="0.039400"/>
</kw>
<kw name="Get Text" owner="SeleniumLibrary">
<msg time="2024-10-23T12:32:13.134882" level="INFO">${latest_purchase_text} = </msg>
<var>${latest_purchase_text}</var>
<arg>((//tbody//tr)[${i}]//td)[6]</arg>
<doc>Returns the text value of the element identified by ``locator``.</doc>
<status status="PASS" start="2024-10-23T12:32:13.097093" elapsed="0.037860"/>
</kw>
<kw name="Get Element Attribute" owner="SeleniumLibrary">
<msg time="2024-10-23T12:32:13.167839" level="INFO">${news_text} = Yes</msg>
<var>${news_text}</var>
<arg>((//tbody//tr)[${i}]//td)[7]//span//*[name()='svg']</arg>
<arg>aria-label</arg>
<doc>Returns the value of ``attribute`` from the element ``locator``.</doc>
<status status="PASS" start="2024-10-23T12:32:13.135221" elapsed="0.032690"/>
</kw>
<kw name="Get Text" owner="SeleniumLibrary">
<msg time="2024-10-23T12:32:13.206437" level="INFO">${segments_text} = </msg>
<var>${segments_text}</var>
<arg>((//tbody//tr)[${i}]//td)[8]</arg>
<doc>Returns the text value of the element identified by ``locator``.</doc>
<status status="PASS" start="2024-10-23T12:32:13.168172" elapsed="0.038368"/>
</kw>
<kw name="Set Variable" owner="BuiltIn">
<msg time="2024-10-23T12:32:13.207202" level="INFO">${is_new_user} = False</msg>
<var>${is_new_user}</var>
<arg>False</arg>
<doc>Returns the given values which can then be assigned to a variables.</doc>
<status status="PASS" start="2024-10-23T12:32:13.206900" elapsed="0.000363"/>
</kw>
<for flavor="IN">
<iter>
<if>
<branch type="IF" condition="&quot;${user['name']}&quot; == &quot;${CUSTOMERS}[${index}]&quot;">
<kw name="Set Variable" owner="BuiltIn">
<var>${is_new_user}</var>
<arg>True</arg>
<doc>Returns the given values which can then be assigned to a variables.</doc>
<status status="NOT RUN" start="2024-10-23T12:32:13.209220" elapsed="0.000080"/>
</kw>
<break>
<status status="NOT RUN" start="2024-10-23T12:32:13.209598" elapsed="0.000060"/>
</break>
<status status="NOT RUN" start="2024-10-23T12:32:13.208005" elapsed="0.001725"/>
</branch>
<status status="PASS" start="2024-10-23T12:32:13.207968" elapsed="0.001833"/>
</if>
<var name="${user}">{'id': 1, 'name': 'Leanne Graham', 'username': 'Bret', 'email': 'Sincere@april.biz', 'address': {'street': 'Kulas Light', 'suite': 'Apt. 556', 'city': 'Gwenborough', 'zipcode': '92998-3874', 'geo': {'...</var>
<status status="PASS" start="2024-10-23T12:32:13.207845" elapsed="0.002012"/>
</iter>
<iter>
<if>
<branch type="IF" condition="&quot;${user['name']}&quot; == &quot;${CUSTOMERS}[${index}]&quot;">
<kw name="Set Variable" owner="BuiltIn">
<var>${is_new_user}</var>
<arg>True</arg>
<doc>Returns the given values which can then be assigned to a variables.</doc>
<status status="NOT RUN" start="2024-10-23T12:32:13.211627" elapsed="0.000094"/>
</kw>
<break>
<status status="NOT RUN" start="2024-10-23T12:32:13.211857" elapsed="0.000049"/>
</break>
<status status="NOT RUN" start="2024-10-23T12:32:13.210332" elapsed="0.001882"/>
</branch>
<status status="PASS" start="2024-10-23T12:32:13.210301" elapsed="0.002018"/>
</if>
<var name="${user}">{'id': 2, 'name': 'Ervin Howell', 'username': 'Antonette', 'email': 'Shanna@melissa.tv', 'address': {'street': 'Victor Plains', 'suite': 'Suite 879', 'city': 'Wisokyburgh', 'zipcode': '90566-7771', 'g...</var>
<status status="PASS" start="2024-10-23T12:32:13.210205" elapsed="0.002170"/>
</iter>
<iter>
<if>
<branch type="IF" condition="&quot;${user['name']}&quot; == &quot;${CUSTOMERS}[${index}]&quot;">
<kw name="Set Variable" owner="BuiltIn">
<var>${is_new_user}</var>
<arg>True</arg>
<doc>Returns the given values which can then be assigned to a variables.</doc>
<status status="NOT RUN" start="2024-10-23T12:32:13.214027" elapsed="0.000093"/>
</kw>
<break>
<status status="NOT RUN" start="2024-10-23T12:32:13.214244" elapsed="0.000046"/>
</break>
<status status="NOT RUN" start="2024-10-23T12:32:13.212864" elapsed="0.001490"/>
</branch>
<status status="PASS" start="2024-10-23T12:32:13.212831" elapsed="0.001591"/>
</if>
<var name="${user}">{'id': 3, 'name': 'Clementine Bauch', 'username': 'Samantha', 'email': 'Nathan@yesenia.net', 'address': {'street': 'Douglas Extension', 'suite': 'Suite 847', 'city': 'McKenziehaven', 'zipcode': '59590...</var>
<status status="PASS" start="2024-10-23T12:32:13.212730" elapsed="0.001741"/>
</iter>
<iter>
<if>
<branch type="IF" condition="&quot;${user['name']}&quot; == &quot;${CUSTOMERS}[${index}]&quot;">
<kw name="Set Variable" owner="BuiltIn">
<var>${is_new_user}</var>
<arg>True</arg>
<doc>Returns the given values which can then be assigned to a variables.</doc>
<status status="NOT RUN" start="2024-10-23T12:32:13.216320" elapsed="0.000078"/>
</kw>
<break>
<status status="NOT RUN" start="2024-10-23T12:32:13.216535" elapsed="0.000046"/>
</break>
<status status="NOT RUN" start="2024-10-23T12:32:13.214935" elapsed="0.001712"/>
</branch>
<status status="PASS" start="2024-10-23T12:32:13.214904" elapsed="0.001820"/>
</if>
<var name="${user}">{'id': 4, 'name': 'Patricia Lebsack', 'username': 'Karianne', 'email': 'Julianne.OConner@kory.org', 'address': {'street': 'Hoeger Mall', 'suite': 'Apt. 692', 'city': 'South Elvis', 'zipcode': '53919-4...</var>
<status status="PASS" start="2024-10-23T12:32:13.214814" elapsed="0.001960"/>
</iter>
<iter>
<if>
<branch type="IF" condition="&quot;${user['name']}&quot; == &quot;${CUSTOMERS}[${index}]&quot;">
<kw name="Set Variable" owner="BuiltIn">
<var>${is_new_user}</var>
<arg>True</arg>
<doc>Returns the given values which can then be assigned to a variables.</doc>
<status status="NOT RUN" start="2024-10-23T12:32:13.218448" elapsed="0.000086"/>
</kw>
<break>
<status status="NOT RUN" start="2024-10-23T12:32:13.218658" elapsed="0.000046"/>
</break>
<status status="NOT RUN" start="2024-10-23T12:32:13.217201" elapsed="0.001567"/>
</branch>
<status status="PASS" start="2024-10-23T12:32:13.217172" elapsed="0.001661"/>
</if>
<var name="${user}">{'id': 5, 'name': 'Chelsey Dietrich', 'username': 'Kamren', 'email': 'Lucio_Hettinger@annie.ca', 'address': {'street': 'Skiles Walks', 'suite': 'Suite 351', 'city': 'Roscoeview', 'zipcode': '33263', '...</var>
<status status="PASS" start="2024-10-23T12:32:13.217082" elapsed="0.001800"/>
</iter>
<iter>
<if>
<branch type="IF" condition="&quot;${user['name']}&quot; == &quot;${CUSTOMERS}[${index}]&quot;">
<kw name="Set Variable" owner="BuiltIn">
<var>${is_new_user}</var>
<arg>True</arg>
<doc>Returns the given values which can then be assigned to a variables.</doc>
<status status="NOT RUN" start="2024-10-23T12:32:13.220439" elapsed="0.000084"/>
</kw>
<break>
<status status="NOT RUN" start="2024-10-23T12:32:13.220644" elapsed="0.000045"/>
</break>
<status status="NOT RUN" start="2024-10-23T12:32:13.219290" elapsed="0.001464"/>
</branch>
<status status="PASS" start="2024-10-23T12:32:13.219263" elapsed="0.001555"/>
</if>
<var name="${user}">{'id': 6, 'name': 'Mrs. Dennis Schulist', 'username': 'Leopoldo_Corkery', 'email': 'Karley_Dach@jasper.info', 'address': {'street': 'Norberto Crossing', 'suite': 'Apt. 950', 'city': 'South Christy', '...</var>
<status status="PASS" start="2024-10-23T12:32:13.219178" elapsed="0.001688"/>
</iter>
<iter>
<if>
<branch type="IF" condition="&quot;${user['name']}&quot; == &quot;${CUSTOMERS}[${index}]&quot;">
<kw name="Set Variable" owner="BuiltIn">
<var>${is_new_user}</var>
<arg>True</arg>
<doc>Returns the given values which can then be assigned to a variables.</doc>
<status status="NOT RUN" start="2024-10-23T12:32:13.222406" elapsed="0.000126"/>
</kw>
<break>
<status status="NOT RUN" start="2024-10-23T12:32:13.222656" elapsed="0.000045"/>
</break>
<status status="NOT RUN" start="2024-10-23T12:32:13.221302" elapsed="0.001466"/>
</branch>
<status status="PASS" start="2024-10-23T12:32:13.221272" elapsed="0.001562"/>
</if>
<var name="${user}">{'id': 7, 'name': 'Kurtis Weissnat', 'username': 'Elwyn.Skiles', 'email': 'Telly.Hoeger@billy.biz', 'address': {'street': 'Rex Trail', 'suite': 'Suite 280', 'city': 'Howemouth', 'zipcode': '58804-1099...</var>
<status status="PASS" start="2024-10-23T12:32:13.221182" elapsed="0.001701"/>
</iter>
<iter>
<if>
<branch type="IF" condition="&quot;${user['name']}&quot; == &quot;${CUSTOMERS}[${index}]&quot;">
<kw name="Set Variable" owner="BuiltIn">
<var>${is_new_user}</var>
<arg>True</arg>
<doc>Returns the given values which can then be assigned to a variables.</doc>
<status status="NOT RUN" start="2024-10-23T12:32:13.224454" elapsed="0.000088"/>
</kw>
<break>
<status status="NOT RUN" start="2024-10-23T12:32:13.224670" elapsed="0.000048"/>
</break>
<status status="NOT RUN" start="2024-10-23T12:32:13.223300" elapsed="0.001484"/>
</branch>
<status status="PASS" start="2024-10-23T12:32:13.223270" elapsed="0.001582"/>
</if>
<var name="${user}">{'id': 8, 'name': 'Nicholas Runolfsdottir V', 'username': 'Maxime_Nienow', 'email': 'Sherwood@rosamond.me', 'address': {'street': 'Ellsworth Summit', 'suite': 'Suite 729', 'city': 'Aliyaview', 'zipcod...</var>
<status status="PASS" start="2024-10-23T12:32:13.223182" elapsed="0.001718"/>
</iter>
<iter>
<if>
<branch type="IF" condition="&quot;${user['name']}&quot; == &quot;${CUSTOMERS}[${index}]&quot;">
<kw name="Set Variable" owner="BuiltIn">
<var>${is_new_user}</var>
<arg>True</arg>
<doc>Returns the given values which can then be assigned to a variables.</doc>
<status status="NOT RUN" start="2024-10-23T12:32:13.226660" elapsed="0.000080"/>
</kw>
<break>
<status status="NOT RUN" start="2024-10-23T12:32:13.226868" elapsed="0.000049"/>
</break>
<status status="NOT RUN" start="2024-10-23T12:32:13.225344" elapsed="0.001636"/>
</branch>
<status status="PASS" start="2024-10-23T12:32:13.225313" elapsed="0.001733"/>
</if>
<var name="${user}">{'id': 9, 'name': 'Glenna Reichert', 'username': 'Delphine', 'email': 'Chaim_McDermott@dana.io', 'address': {'street': 'Dayna Park', 'suite': 'Suite 449', 'city': 'Bartholomebury', 'zipcode': '76495-3...</var>
<status status="PASS" start="2024-10-23T12:32:13.225224" elapsed="0.001873"/>
</iter>
<iter>
<if>
<branch type="IF" condition="&quot;${user['name']}&quot; == &quot;${CUSTOMERS}[${index}]&quot;">
<kw name="Set Variable" owner="BuiltIn">
<var>${is_new_user}</var>
<arg>True</arg>
<doc>Returns the given values which can then be assigned to a variables.</doc>
<status status="NOT RUN" start="2024-10-23T12:32:13.228732" elapsed="0.000076"/>
</kw>
<break>
<status status="NOT RUN" start="2024-10-23T12:32:13.228935" elapsed="0.000051"/>
</break>
<status status="NOT RUN" start="2024-10-23T12:32:13.227577" elapsed="0.001478"/>
</branch>
<status status="PASS" start="2024-10-23T12:32:13.227545" elapsed="0.001590"/>
</if>
<var name="${user}">{'id': 10, 'name': 'Clementina DuBuque', 'username': 'Moriah.Stanton', 'email': 'Rey.Padberg@karina.biz', 'address': {'street': 'Kattie Turnpike', 'suite': 'Suite 198', 'city': 'Lebsackbury', 'zipcode...</var>
<status status="PASS" start="2024-10-23T12:32:13.227400" elapsed="0.001807"/>
</iter>
<var>${user}</var>
<value>@{USERS}</value>
<status status="PASS" start="2024-10-23T12:32:13.207401" elapsed="0.021895"/>
</for>
<kw name="Log To Console" owner="BuiltIn">
<arg>----------User ${i}----------</arg>
<doc>Logs the given message to the console.</doc>
<status status="PASS" start="2024-10-23T12:32:13.229676" elapsed="0.000697"/>
</kw>
<if>
<branch type="IF" condition="${is_new_user}">
<kw name="Log To Console" owner="BuiltIn">
<arg>Test Created User: ${CUSTOMERS}[${index}]</arg>
<doc>Logs the given message to the console.</doc>
<status status="NOT RUN" start="2024-10-23T12:32:13.231049" elapsed="0.000065"/>
</kw>
<status status="NOT RUN" start="2024-10-23T12:32:13.230621" elapsed="0.000584"/>
</branch>
<branch type="ELSE">
<kw name="Log To Console" owner="BuiltIn">
<arg>Existing User: ${CUSTOMERS}[${index}]</arg>
<doc>Logs the given message to the console.</doc>
<status status="PASS" start="2024-10-23T12:32:13.231455" elapsed="0.000547"/>
</kw>
<status status="PASS" start="2024-10-23T12:32:13.231279" elapsed="0.000884"/>
</branch>
<status status="PASS" start="2024-10-23T12:32:13.230579" elapsed="0.001665"/>
</if>
<kw name="Log To Console" owner="BuiltIn">
<arg>Last Seen: ${last_seen_text}</arg>
<doc>Logs the given message to the console.</doc>
<status status="PASS" start="2024-10-23T12:32:13.232458" elapsed="0.000470"/>
</kw>
<kw name="Log To Console" owner="BuiltIn">
<arg>Orders: ${order_text}</arg>
<doc>Logs the given message to the console.</doc>
<status status="PASS" start="2024-10-23T12:32:13.233176" elapsed="0.000390"/>
</kw>
<kw name="Log To Console" owner="BuiltIn">
<arg>Total Spent: ${total_spent_text}</arg>
<doc>Logs the given message to the console.</doc>
<status status="PASS" start="2024-10-23T12:32:13.233884" elapsed="0.000548"/>
</kw>
<kw name="Log To Console" owner="BuiltIn">
<arg>Latest Purchase: ${latest_purchase_text}</arg>
<doc>Logs the given message to the console.</doc>
<status status="PASS" start="2024-10-23T12:32:13.234782" elapsed="0.000407"/>
</kw>
<kw name="Log To Console" owner="BuiltIn">
<arg>News.: ${news_text}</arg>
<doc>Logs the given message to the console.</doc>
<status status="PASS" start="2024-10-23T12:32:13.235429" elapsed="0.002005"/>
</kw>
<kw name="Log To Console" owner="BuiltIn">
<arg>Segments: ${segments_text}</arg>
<doc>Logs the given message to the console.</doc>
<status status="PASS" start="2024-10-23T12:32:13.237742" elapsed="0.001060"/>
</kw>
<if>
<branch type="IF" condition="&quot;${order_text}&quot; == &quot;0&quot;">
<kw name="Append To List" owner="Collections">
<arg>${users_with_zero_orders}</arg>
<arg>${CUSTOMERS}[${index}]</arg>
<doc>Adds ``values`` to the end of ``list``.</doc>
<status status="PASS" start="2024-10-23T12:32:13.240009" elapsed="0.000443"/>
</kw>
<status status="PASS" start="2024-10-23T12:32:13.239384" elapsed="0.001217"/>
</branch>
<status status="PASS" start="2024-10-23T12:32:13.238988" elapsed="0.001700"/>
</if>
<var name="${i}">25</var>
<status status="PASS" start="2024-10-23T12:32:12.965286" elapsed="0.275451"/>
</iter>
<var>${i}</var>
<value>1</value>
<value>${length}+1</value>
<status status="PASS" start="2024-10-23T12:32:05.172281" elapsed="8.068545"/>
</for>
<kw name="Set Global Variable" owner="BuiltIn">
<msg time="2024-10-23T12:32:13.243289" level="INFO">${CUSTOMERS_WITH_ZERO_ORDERS} = ['Clementina DuBuque', 'Glenna Reichert', 'Nicholas Runolfsdottir V', 'Kurtis Weissnat', 'Mrs. Dennis Schulist', 'Chelsey Dietrich', 'Patricia Lebsack', 'Clementine Bauch', 'Ervin Howell', 'Leanne Gra...</msg>
<arg>${CUSTOMERS_WITH_ZERO_ORDERS}</arg>
<arg>${users_with_zero_orders}</arg>
<doc>Makes a variable available globally in all tests and suites.</doc>
<status status="PASS" start="2024-10-23T12:32:13.241087" elapsed="0.002354"/>
</kw>
<status status="PASS" start="2024-10-23T12:32:05.169465" elapsed="8.074165"/>
</kw>
<status status="PASS" start="2024-10-23T12:32:04.978913" elapsed="8.264860"/>
</kw>
<status status="PASS" start="2024-10-23T12:30:46.197507" elapsed="87.047547"/>
</test>
<test id="s1-s1-t2" name="Test Case 2" line="26">
<kw name="Login User">
<kw name="Input Text" owner="SeleniumLibrary">
<msg time="2024-10-23T12:32:13.261007" level="INFO">Typing text 'demo' into text field 'name:username'.</msg>
<msg time="2024-10-23T12:32:13.486359" level="INFO" html="true">&lt;/td&gt;&lt;/tr&gt;&lt;tr&gt;&lt;td colspan="3"&gt;&lt;a href="selenium-screenshot-22.png"&gt;&lt;img src="selenium-screenshot-22.png" width="800px"&gt;&lt;/a&gt;</msg>
<msg time="2024-10-23T12:32:13.486714" level="FAIL">Element with locator 'name:username' not found.</msg>
<arg>name:username</arg>
<arg>${user}</arg>
<doc>Types the given ``text`` into the text field identified by ``locator``.</doc>
<status status="FAIL" start="2024-10-23T12:32:13.260503" elapsed="0.263701">Element with locator 'name:username' not found.</status>
</kw>
<kw name="Input Text" owner="SeleniumLibrary">
<arg>name:password</arg>
<arg>${password}</arg>
<doc>Types the given ``text`` into the text field identified by ``locator``.</doc>
<status status="NOT RUN" start="2024-10-23T12:32:13.524545" elapsed="0.000070"/>
</kw>
<kw name="Click Button" owner="SeleniumLibrary">
<arg>//button</arg>
<doc>Clicks the button identified by ``locator``.</doc>
<status status="NOT RUN" start="2024-10-23T12:32:13.524813" elapsed="0.000070"/>
</kw>
<arg>demo</arg>
<arg>demo</arg>
<status status="FAIL" start="2024-10-23T12:32:13.254176" elapsed="0.270921">Element with locator 'name:username' not found.</status>
</kw>
<kw name="Go To Link">
<arg>Customers</arg>
<status status="NOT RUN" start="2024-10-23T12:32:13.525616" elapsed="0.000088"/>
</kw>
<kw name="Display All Names">
<status status="NOT RUN" start="2024-10-23T12:32:13.526216" elapsed="0.000077"/>
</kw>
<kw name="Check Customers With Zero Orders">
<status status="NOT RUN" start="2024-10-23T12:32:13.526775" elapsed="0.000078"/>
</kw>
<kw name="Sleep" owner="BuiltIn">
<arg>3s</arg>
<doc>Pauses the test executed for the given time.</doc>
<status status="NOT RUN" start="2024-10-23T12:32:13.527163" elapsed="0.000074"/>
</kw>
<status status="FAIL" start="2024-10-23T12:32:13.252560" elapsed="0.275413">Element with locator 'name:username' not found.</status>
</test>
<kw name="Close All Browsers" owner="SeleniumLibrary" type="TEARDOWN">
<doc>Closes all open browsers and resets the browser cache.</doc>
<status status="PASS" start="2024-10-23T12:32:13.529182" elapsed="0.290185"/>
</kw>
<status status="FAIL" start="2024-10-23T12:30:39.587576" elapsed="94.231967"/>
</suite>
<status status="FAIL" start="2024-10-23T12:30:39.543046" elapsed="94.278147"/>
</suite>
<statistics>
<total>
<stat pass="1" fail="1" skip="0">All Tests</stat>
</total>
<tag>
</tag>
<suite>
<stat pass="1" fail="1" skip="0" id="s1" name="Test">Test</stat>
<stat pass="1" fail="1" skip="0" id="s1-s1" name="Test">Test.Test</stat>
</suite>
</statistics>
<errors>
</errors>
</robot>
