<?xml version="1.0" encoding="UTF-8"?>
<robot generator="Robot 7.1.1 (Python 3.12.3 on linux)" generated="2024-10-23T12:39:14.507448" rpa="false" schemaversion="5">
<suite id="s1" name="Robo-Framework-Assessment" source="/home/citco/Desktop/robo-framework-assessment">
<suite id="s1-s1" name="Test" source="/home/citco/Desktop/robo-framework-assessment/test">
<suite id="s1-s1-s1" name="Test" source="/home/citco/Desktop/robo-framework-assessment/test/test.robot">
<kw name="Launch Browser" type="SETUP">
<kw name="Set Variable" owner="BuiltIn">
<msg time="2024-10-23T12:39:15.558998" level="INFO">${options} = add_argument("--start-maximized")</msg>
<var>${options}</var>
<arg>add_argument("--start-maximized")</arg>
<doc>Returns the given values which can then be assigned to a variables.</doc>
<status status="PASS" start="2024-10-23T12:39:15.558651" elapsed="0.000416"/>
</kw>
<kw name="Open Browser" owner="SeleniumLibrary">
<msg time="2024-10-23T12:39:15.559941" level="INFO">Opening browser 'chrome' to base url 'https://marmelab.com/react-admin-demo/' through remote server at 'http://172.17.0.1:4444'.</msg>
<arg>${url}</arg>
<arg>chrome</arg>
<arg>remote_url=http://172.17.0.1:4444</arg>
<arg>options=${options}</arg>
<doc>Opens a new browser instance to the optional ``url``.</doc>
<status status="PASS" start="2024-10-23T12:39:15.559382" elapsed="11.732877"/>
</kw>
<arg>https://marmelab.com/react-admin-demo/</arg>
<status status="PASS" start="2024-10-23T12:39:15.557323" elapsed="11.735209"/>
</kw>
<test id="s1-s1-s1-t1" name="Test Case 1" line="18">
<kw name="Fetch Data">
<kw name="Get Users Via Api" owner="Users">
<msg time="2024-10-23T12:39:32.523102" level="INFO">/home/citco/Desktop/robo-framework-assessment/env/lib/python3.12/site-packages/urllib3/connectionpool.py:1099: InsecureRequestWarning: Unverified HTTPS request is being made to host 'random-word-api.vercel.app'. Adding certificate verification is strongly advised. See: https://urllib3.readthedocs.io/en/latest/advanced-usage.html#tls-warnings
  warnings.warn(
/home/citco/Desktop/robo-framework-assessment/env/lib/python3.12/site-packages/urllib3/connectionpool.py:1099: InsecureRequestWarning: Unverified HTTPS request is being made to host 'random-word-api.vercel.app'. Adding certificate verification is strongly advised. See: https://urllib3.readthedocs.io/en/latest/advanced-usage.html#tls-warnings
  warnings.warn(
/home/citco/Desktop/robo-framework-assessment/env/lib/python3.12/site-packages/urllib3/connectionpool.py:1099: InsecureRequestWarning: Unverified HTTPS request is being made to host 'random-word-api.vercel.app'. Adding certificate verification is strongly advised. See: https://urllib3.readthedocs.io/en/latest/advanced-usage.html#tls-warnings
  warnings.warn(
/home/citco/Desktop/robo-framework-assessment/env/lib/python3.12/site-packages/urllib3/connectionpool.py:1099: InsecureRequestWarning: Unverified HTTPS request is being made to host 'random-word-api.vercel.app'. Adding certificate verification is strongly advised. See: https://urllib3.readthedocs.io/en/latest/advanced-usage.html#tls-warnings
  warnings.warn(
/home/citco/Desktop/robo-framework-assessment/env/lib/python3.12/site-packages/urllib3/connectionpool.py:1099: InsecureRequestWarning: Unverified HTTPS request is being made to host 'random-word-api.vercel.app'. Adding certificate verification is strongly advised. See: https://urllib3.readthedocs.io/en/latest/advanced-usage.html#tls-warnings
  warnings.warn(
/home/citco/Desktop/robo-framework-assessment/env/lib/python3.12/site-packages/urllib3/connectionpool.py:1099: InsecureRequestWarning: Unverified HTTPS request is being made to host 'random-word-api.vercel.app'. Adding certificate verification is strongly advised. See: https://urllib3.readthedocs.io/en/latest/advanced-usage.html#tls-warnings
  warnings.warn(
/home/citco/Desktop/robo-framework-assessment/env/lib/python3.12/site-packages/urllib3/connectionpool.py:1099: InsecureRequestWarning: Unverified HTTPS request is being made to host 'random-word-api.vercel.app'. Adding certificate verification is strongly advised. See: https://urllib3.readthedocs.io/en/latest/advanced-usage.html#tls-warnings
  warnings.warn(
/home/citco/Desktop/robo-framework-assessment/env/lib/python3.12/site-packages/urllib3/connectionpool.py:1099: InsecureRequestWarning: Unverified HTTPS request is being made to host 'random-word-api.vercel.app'. Adding certificate verification is strongly advised. See: https://urllib3.readthedocs.io/en/latest/advanced-usage.html#tls-warnings
  warnings.warn(
/home/citco/Desktop/robo-framework-assessment/env/lib/python3.12/site-packages/urllib3/connectionpool.py:1099: InsecureRequestWarning: Unverified HTTPS request is being made to host 'random-word-api.vercel.app'. Adding certificate verification is strongly advised. See: https://urllib3.readthedocs.io/en/latest/advanced-usage.html#tls-warnings
  warnings.warn(
/home/citco/Desktop/robo-framework-assessment/env/lib/python3.12/site-packages/urllib3/connectionpool.py:1099: InsecureRequestWarning: Unverified HTTPS request is being made to host 'random-word-api.vercel.app'. Adding certificate verification is strongly advised. See: https://urllib3.readthedocs.io/en/latest/advanced-usage.html#tls-warnings
  warnings.warn(</msg>
<msg time="2024-10-23T12:39:32.525671" level="INFO">${users} = [{'id': 1, 'name': 'Leanne Graham', 'username': 'Bret', 'email': 'Sincere@april.biz', 'address': {'street': 'Kulas Light', 'suite': 'Apt. 556', 'city': 'Gwenborough', 'zipcode': '92998-3874', 'geo': {...</msg>
<var>${users}</var>
<status status="PASS" start="2024-10-23T12:39:27.300159" elapsed="5.225677"/>
</kw>
<kw name="Set Suite Variable" owner="BuiltIn">
<msg time="2024-10-23T12:39:32.529261" level="INFO">${USERS} = [{'id': 1, 'name': 'Leanne Graham', 'username': 'Bret', 'email': 'Sincere@april.biz', 'address': {'street': 'Kulas Light', 'suite': 'Apt. 556', 'city': 'Gwenborough', 'zipcode': '92998-3874', 'geo': {...</msg>
<arg>${USERS}</arg>
<arg>${users}</arg>
<doc>Makes a variable available everywhere within the scope of the current suite.</doc>
<status status="PASS" start="2024-10-23T12:39:32.527759" elapsed="0.001724"/>
</kw>
<status status="PASS" start="2024-10-23T12:39:27.298097" elapsed="5.231762"/>
</kw>
<kw name="Login User">
<kw name="Input Text" owner="SeleniumLibrary">
<msg time="2024-10-23T12:39:32.533493" level="INFO">Typing text 'demo' into text field 'name:username'.</msg>
<arg>name:username</arg>
<arg>${user}</arg>
<doc>Types the given ``text`` into the text field identified by ``locator``.</doc>
<status status="PASS" start="2024-10-23T12:39:32.532214" elapsed="0.483612"/>
</kw>
<kw name="Input Text" owner="SeleniumLibrary">
<msg time="2024-10-23T12:39:33.016498" level="INFO">Typing text 'demo' into text field 'name:password'.</msg>
<arg>name:password</arg>
<arg>${password}</arg>
<doc>Types the given ``text`` into the text field identified by ``locator``.</doc>
<status status="PASS" start="2024-10-23T12:39:33.016137" elapsed="0.310451"/>
</kw>
<kw name="Click Button" owner="SeleniumLibrary">
<msg time="2024-10-23T12:39:33.328340" level="INFO">Clicking button '//button'.</msg>
<arg>//button</arg>
<doc>Clicks the button identified by ``locator``.</doc>
<status status="PASS" start="2024-10-23T12:39:33.327956" elapsed="0.568872"/>
</kw>
<arg>demo</arg>
<arg>demo</arg>
<status status="PASS" start="2024-10-23T12:39:32.531066" elapsed="1.365953"/>
</kw>
<kw name="Add All User">
<for flavor="IN">
<iter>
<kw name="Go To Link">
<kw name="Click Element" owner="SeleniumLibrary">
<msg time="2024-10-23T12:39:33.900756" level="INFO">Clicking element '//a[text()="Customers"]'.</msg>
<arg>//a[text()="${text}"]</arg>
<doc>Click the element identified by ``locator``.</doc>
<status status="PASS" start="2024-10-23T12:39:33.900228" elapsed="0.360078"/>
</kw>
<kw name="Wait Until Element Is Visible" owner="SeleniumLibrary">
<arg>//tbody//tr</arg>
<arg>5s</arg>
<doc>Waits until the element ``locator`` is visible.</doc>
<status status="PASS" start="2024-10-23T12:39:34.260655" elapsed="1.179970"/>
</kw>
<arg>Customers</arg>
<status status="PASS" start="2024-10-23T12:39:33.899648" elapsed="1.541364"/>
</kw>
<kw name="Open Add Identity">
<kw name="Click Element" owner="SeleniumLibrary">
<msg time="2024-10-23T12:39:35.449334" level="INFO">Clicking element '//a[@aria-label="Create"]'.</msg>
<arg>//a[@aria-label="Create"]</arg>
<doc>Click the element identified by ``locator``.</doc>
<status status="PASS" start="2024-10-23T12:39:35.447275" elapsed="0.595971"/>
</kw>
<kw name="Wait Until Element Is Visible" owner="SeleniumLibrary">
<arg>${indentity_txt_firstname}</arg>
<arg>10s</arg>
<doc>Waits until the element ``locator`` is visible.</doc>
<status status="PASS" start="2024-10-23T12:39:36.043552" elapsed="0.055756"/>
</kw>
<status status="PASS" start="2024-10-23T12:39:35.444839" elapsed="0.654700"/>
</kw>
<kw name="Add User">
<kw name="Evaluate" owner="BuiltIn">
<msg time="2024-10-23T12:39:36.101502" level="INFO">${firstname} = Leanne</msg>
<var>${firstname}</var>
<arg>" ".join("${user['name']}".split()[:-1]).strip()</arg>
<doc>Evaluates the given expression in Python and returns the result.</doc>
<status status="PASS" start="2024-10-23T12:39:36.100414" elapsed="0.001166"/>
</kw>
<kw name="Evaluate" owner="BuiltIn">
<msg time="2024-10-23T12:39:36.102867" level="INFO">${lastname} = Graham</msg>
<var>${lastname}</var>
<arg>" ".join("${user['name']}".split()[-1:]).strip()</arg>
<doc>Evaluates the given expression in Python and returns the result.</doc>
<status status="PASS" start="2024-10-23T12:39:36.101821" elapsed="0.001108"/>
</kw>
<kw name="Evaluate" owner="BuiltIn">
<msg time="2024-10-23T12:39:36.104163" level="INFO">${address} = Kulas Light</msg>
<var>${address}</var>
<arg>f"${user['address']['street']}"</arg>
<doc>Evaluates the given expression in Python and returns the result.</doc>
<status status="PASS" start="2024-10-23T12:39:36.103176" elapsed="0.001044"/>
</kw>
<kw name="Set Variable" owner="BuiltIn">
<msg time="2024-10-23T12:39:36.104729" level="INFO">${password} = P@ssWord456</msg>
<var>${password}</var>
<arg>P@ssWord456</arg>
<doc>Returns the given values which can then be assigned to a variables.</doc>
<status status="PASS" start="2024-10-23T12:39:36.104450" elapsed="0.000328"/>
</kw>
<kw name="Input Text" owner="SeleniumLibrary">
<msg time="2024-10-23T12:39:36.105350" level="INFO">Typing text 'Leanne' into text field '//input[@name="first_name"]'.</msg>
<arg>${indentity_txt_firstname}</arg>
<arg>${firstname}</arg>
<doc>Types the given ``text`` into the text field identified by ``locator``.</doc>
<status status="PASS" start="2024-10-23T12:39:36.104991" elapsed="0.560214"/>
</kw>
<kw name="Input Text" owner="SeleniumLibrary">
<msg time="2024-10-23T12:39:36.668036" level="INFO">Typing text 'Graham' into text field '//input[@name="last_name"]'.</msg>
<arg>${indentity_txt_lastname}</arg>
<arg>${lastname}</arg>
<doc>Types the given ``text`` into the text field identified by ``locator``.</doc>
<status status="PASS" start="2024-10-23T12:39:36.666918" elapsed="0.339851"/>
</kw>
<kw name="Input Text" owner="SeleniumLibrary">
<msg time="2024-10-23T12:39:37.008116" level="INFO">Typing text 'Sincere@april.biz' into text field '//input[@name="email"]'.</msg>
<arg>${indentity_txt_email}</arg>
<arg>${user['email']}</arg>
<doc>Types the given ``text`` into the text field identified by ``locator``.</doc>
<status status="PASS" start="2024-10-23T12:39:37.007071" elapsed="0.427040"/>
</kw>
<kw name="Input Date">
<kw name="Click Element At Coordinates" owner="SeleniumLibrary">
<msg time="2024-10-23T12:39:37.436599" level="INFO">Clicking element '//input[@name="birthday"]' at coordinates x=0, y=0.</msg>
<arg>${locator}</arg>
<arg>0</arg>
<arg>0</arg>
<doc>Click the element ``locator`` at ``xoffset/yoffset``.</doc>
<status status="PASS" start="2024-10-23T12:39:37.436213" elapsed="0.629935"/>
</kw>
<kw name="Press Keys" owner="SeleniumLibrary">
<msg time="2024-10-23T12:39:38.070981" level="INFO">Sending key(s) ('03252002',) to page.</msg>
<msg time="2024-10-23T12:39:38.071194" level="INFO">Sending keys 03252002</msg>
<arg>None</arg>
<arg>${date}</arg>
<doc>Simulates the user pressing key(s) to an element or on the active browser.</doc>
<status status="PASS" start="2024-10-23T12:39:38.069931" elapsed="0.145801"/>
</kw>
<arg>${indentity_txt_birthday}</arg>
<arg>${user['birthday']}</arg>
<status status="PASS" start="2024-10-23T12:39:37.434448" elapsed="0.781468"/>
</kw>
<kw name="Input Text" owner="SeleniumLibrary">
<msg time="2024-10-23T12:39:38.216607" level="INFO">Typing text 'Kulas Light' into text field '//textarea[@name="address"]'.</msg>
<arg>${indentity_txt_address}</arg>
<arg>${address}</arg>
<doc>Types the given ``text`` into the text field identified by ``locator``.</doc>
<status status="PASS" start="2024-10-23T12:39:38.216144" elapsed="0.289353"/>
</kw>
<kw name="Input Text" owner="SeleniumLibrary">
<msg time="2024-10-23T12:39:38.507134" level="INFO">Typing text 'Gwenborough' into text field '//input[@name="city"]'.</msg>
<arg>${indentity_txt_city}</arg>
<arg>${user['address']['city']}</arg>
<doc>Types the given ``text`` into the text field identified by ``locator``.</doc>
<status status="PASS" start="2024-10-23T12:39:38.505842" elapsed="0.347004"/>
</kw>
<kw name="Input Text" owner="SeleniumLibrary">
<msg time="2024-10-23T12:39:38.854459" level="INFO">Typing text 'Active' into text field '//input[@name="stateAbbr"]'.</msg>
<arg>${indentity_txt_stateAbbr}</arg>
<arg>${user['address']['state']}</arg>
<doc>Types the given ``text`` into the text field identified by ``locator``.</doc>
<status status="PASS" start="2024-10-23T12:39:38.853140" elapsed="0.294570"/>
</kw>
<kw name="Input Text" owner="SeleniumLibrary">
<msg time="2024-10-23T12:39:39.149289" level="INFO">Typing text '92998-3874' into text field '//input[@name="zipcode"]'.</msg>
<arg>${indentity_txt_zipcode}</arg>
<arg>${user['address']['zipcode']}</arg>
<doc>Types the given ``text`` into the text field identified by ``locator``.</doc>
<status status="PASS" start="2024-10-23T12:39:39.148036" elapsed="0.452046"/>
</kw>
<kw name="Input Text" owner="SeleniumLibrary">
<msg time="2024-10-23T12:39:39.605216" level="INFO">Typing text 'P@ssWord456' into text field '//input[@name="password"]'.</msg>
<arg>${indentity_txt_password}</arg>
<arg>${password}</arg>
<doc>Types the given ``text`` into the text field identified by ``locator``.</doc>
<status status="PASS" start="2024-10-23T12:39:39.600415" elapsed="0.566004"/>
</kw>
<kw name="Input Text" owner="SeleniumLibrary">
<msg time="2024-10-23T12:39:40.169273" level="INFO">Typing text 'P@ssWord456' into text field '//input[@name="confirm_password"]'.</msg>
<arg>${indentity_txt_confirm_password}</arg>
<arg>${password}</arg>
<doc>Types the given ``text`` into the text field identified by ``locator``.</doc>
<status status="PASS" start="2024-10-23T12:39:40.168828" elapsed="0.624888"/>
</kw>
<kw name="Press Keys" owner="SeleniumLibrary">
<msg time="2024-10-23T12:39:40.798771" level="INFO">Sending key(s) ('ENTER',) to //button[@type="submit"] element.</msg>
<msg time="2024-10-23T12:39:41.476364" level="INFO">Pressing special key ENTER to element.</msg>
<msg time="2024-10-23T12:39:41.476505" level="INFO">Releasing special key ENTER.</msg>
<arg>//button[@type="submit"]</arg>
<arg>ENTER</arg>
<doc>Simulates the user pressing key(s) to an element or on the active browser.</doc>
<status status="PASS" start="2024-10-23T12:39:40.794072" elapsed="0.809809"/>
</kw>
<arg>${user}</arg>
<status status="PASS" start="2024-10-23T12:39:36.099895" elapsed="5.504254"/>
</kw>
<kw name="Wait Until Page Contains" owner="SeleniumLibrary">
<arg>Delete</arg>
<doc>Waits until ``text`` appears on the current page.</doc>
<status status="PASS" start="2024-10-23T12:39:41.604453" elapsed="1.087054"/>
</kw>
<var name="${user}">{'id': 1, 'name': 'Leanne Graham', 'username': 'Bret', 'email': 'Sincere@april.biz', 'address': {'street': 'Kulas Light', 'suite': 'Apt. 556', 'city': 'Gwenborough', 'zipcode': '92998-3874', 'geo': {'...</var>
<status status="PASS" start="2024-10-23T12:39:33.899324" elapsed="8.796540"/>
</iter>
<iter>
<kw name="Go To Link">
<kw name="Click Element" owner="SeleniumLibrary">
<msg time="2024-10-23T12:39:42.702231" level="INFO">Clicking element '//a[text()="Customers"]'.</msg>
<arg>//a[text()="${text}"]</arg>
<doc>Click the element identified by ``locator``.</doc>
<status status="PASS" start="2024-10-23T12:39:42.701693" elapsed="1.563382"/>
</kw>
<kw name="Wait Until Element Is Visible" owner="SeleniumLibrary">
<arg>//tbody//tr</arg>
<arg>5s</arg>
<doc>Waits until the element ``locator`` is visible.</doc>
<status status="PASS" start="2024-10-23T12:39:44.265661" elapsed="0.073962"/>
</kw>
<arg>Customers</arg>
<status status="PASS" start="2024-10-23T12:39:42.697806" elapsed="1.642016"/>
</kw>
<kw name="Open Add Identity">
<kw name="Click Element" owner="SeleniumLibrary">
<msg time="2024-10-23T12:39:44.340902" level="INFO">Clicking element '//a[@aria-label="Create"]'.</msg>
<arg>//a[@aria-label="Create"]</arg>
<doc>Click the element identified by ``locator``.</doc>
<status status="PASS" start="2024-10-23T12:39:44.340600" elapsed="0.612805"/>
</kw>
<kw name="Wait Until Element Is Visible" owner="SeleniumLibrary">
<arg>${indentity_txt_firstname}</arg>
<arg>10s</arg>
<doc>Waits until the element ``locator`` is visible.</doc>
<status status="PASS" start="2024-10-23T12:39:44.954816" elapsed="0.088245"/>
</kw>
<status status="PASS" start="2024-10-23T12:39:44.340102" elapsed="0.703161"/>
</kw>
<kw name="Add User">
<kw name="Evaluate" owner="BuiltIn">
<msg time="2024-10-23T12:39:45.046301" level="INFO">${firstname} = Ervin</msg>
<var>${firstname}</var>
<arg>" ".join("${user['name']}".split()[:-1]).strip()</arg>
<doc>Evaluates the given expression in Python and returns the result.</doc>
<status status="PASS" start="2024-10-23T12:39:45.044226" elapsed="0.002141"/>
</kw>
<kw name="Evaluate" owner="BuiltIn">
<msg time="2024-10-23T12:39:45.047667" level="INFO">${lastname} = Howell</msg>
<var>${lastname}</var>
<arg>" ".join("${user['name']}".split()[-1:]).strip()</arg>
<doc>Evaluates the given expression in Python and returns the result.</doc>
<status status="PASS" start="2024-10-23T12:39:45.046636" elapsed="0.001089"/>
</kw>
<kw name="Evaluate" owner="BuiltIn">
<msg time="2024-10-23T12:39:45.048907" level="INFO">${address} = Victor Plains</msg>
<var>${address}</var>
<arg>f"${user['address']['street']}"</arg>
<doc>Evaluates the given expression in Python and returns the result.</doc>
<status status="PASS" start="2024-10-23T12:39:45.047958" elapsed="0.001005"/>
</kw>
<kw name="Set Variable" owner="BuiltIn">
<msg time="2024-10-23T12:39:45.049539" level="INFO">${password} = P@ssWord456</msg>
<var>${password}</var>
<arg>P@ssWord456</arg>
<doc>Returns the given values which can then be assigned to a variables.</doc>
<status status="PASS" start="2024-10-23T12:39:45.049268" elapsed="0.000321"/>
</kw>
<kw name="Input Text" owner="SeleniumLibrary">
<msg time="2024-10-23T12:39:45.050137" level="INFO">Typing text 'Ervin' into text field '//input[@name="first_name"]'.</msg>
<arg>${indentity_txt_firstname}</arg>
<arg>${firstname}</arg>
<doc>Types the given ``text`` into the text field identified by ``locator``.</doc>
<status status="PASS" start="2024-10-23T12:39:45.049791" elapsed="0.288306"/>
</kw>
<kw name="Input Text" owner="SeleniumLibrary">
<msg time="2024-10-23T12:39:45.339710" level="INFO">Typing text 'Howell' into text field '//input[@name="last_name"]'.</msg>
<arg>${indentity_txt_lastname}</arg>
<arg>${lastname}</arg>
<doc>Types the given ``text`` into the text field identified by ``locator``.</doc>
<status status="PASS" start="2024-10-23T12:39:45.338382" elapsed="0.483010"/>
</kw>
<kw name="Input Text" owner="SeleniumLibrary">
<msg time="2024-10-23T12:39:45.823076" level="INFO">Typing text 'Shanna@melissa.tv' into text field '//input[@name="email"]'.</msg>
<arg>${indentity_txt_email}</arg>
<arg>${user['email']}</arg>
<doc>Types the given ``text`` into the text field identified by ``locator``.</doc>
<status status="PASS" start="2024-10-23T12:39:45.821999" elapsed="0.389758"/>
</kw>
<kw name="Input Date">
<kw name="Click Element At Coordinates" owner="SeleniumLibrary">
<msg time="2024-10-23T12:39:46.224028" level="INFO">Clicking element '//input[@name="birthday"]' at coordinates x=0, y=0.</msg>
<arg>${locator}</arg>
<arg>0</arg>
<arg>0</arg>
<doc>Click the element ``locator`` at ``xoffset/yoffset``.</doc>
<status status="PASS" start="2024-10-23T12:39:46.213344" elapsed="0.691506"/>
</kw>
<kw name="Press Keys" owner="SeleniumLibrary">
<msg time="2024-10-23T12:39:46.916584" level="INFO">Sending key(s) ('07081976',) to page.</msg>
<msg time="2024-10-23T12:39:46.916864" level="INFO">Sending keys 07081976</msg>
<arg>None</arg>
<arg>${date}</arg>
<doc>Simulates the user pressing key(s) to an element or on the active browser.</doc>
<status status="PASS" start="2024-10-23T12:39:46.905675" elapsed="0.196773"/>
</kw>
<arg>${indentity_txt_birthday}</arg>
<arg>${user['birthday']}</arg>
<status status="PASS" start="2024-10-23T12:39:46.212085" elapsed="0.890582"/>
</kw>
<kw name="Input Text" owner="SeleniumLibrary">
<msg time="2024-10-23T12:39:47.103303" level="INFO">Typing text 'Victor Plains' into text field '//textarea[@name="address"]'.</msg>
<arg>${indentity_txt_address}</arg>
<arg>${address}</arg>
<doc>Types the given ``text`` into the text field identified by ``locator``.</doc>
<status status="PASS" start="2024-10-23T12:39:47.102897" elapsed="0.246282"/>
</kw>
<kw name="Input Text" owner="SeleniumLibrary">
<msg time="2024-10-23T12:39:47.354027" level="INFO">Typing text 'Wisokyburgh' into text field '//input[@name="city"]'.</msg>
<arg>${indentity_txt_city}</arg>
<arg>${user['address']['city']}</arg>
<doc>Types the given ``text`` into the text field identified by ``locator``.</doc>
<status status="PASS" start="2024-10-23T12:39:47.349532" elapsed="0.309673"/>
</kw>
<kw name="Input Text" owner="SeleniumLibrary">
<msg time="2024-10-23T12:39:47.661187" level="INFO">Typing text 'Area' into text field '//input[@name="stateAbbr"]'.</msg>
<arg>${indentity_txt_stateAbbr}</arg>
<arg>${user['address']['state']}</arg>
<doc>Types the given ``text`` into the text field identified by ``locator``.</doc>
<status status="PASS" start="2024-10-23T12:39:47.659509" elapsed="0.654617"/>
</kw>
<kw name="Input Text" owner="SeleniumLibrary">
<msg time="2024-10-23T12:39:48.319694" level="INFO">Typing text '90566-7771' into text field '//input[@name="zipcode"]'.</msg>
<arg>${indentity_txt_zipcode}</arg>
<arg>${user['address']['zipcode']}</arg>
<doc>Types the given ``text`` into the text field identified by ``locator``.</doc>
<status status="PASS" start="2024-10-23T12:39:48.314401" elapsed="0.323735"/>
</kw>
<kw name="Input Text" owner="SeleniumLibrary">
<msg time="2024-10-23T12:39:48.638883" level="INFO">Typing text 'P@ssWord456' into text field '//input[@name="password"]'.</msg>
<arg>${indentity_txt_password}</arg>
<arg>${password}</arg>
<doc>Types the given ``text`` into the text field identified by ``locator``.</doc>
<status status="PASS" start="2024-10-23T12:39:48.638427" elapsed="0.419732"/>
</kw>
<kw name="Input Text" owner="SeleniumLibrary">
<msg time="2024-10-23T12:39:49.058866" level="INFO">Typing text 'P@ssWord456' into text field '//input[@name="confirm_password"]'.</msg>
<arg>${indentity_txt_confirm_password}</arg>
<arg>${password}</arg>
<doc>Types the given ``text`` into the text field identified by ``locator``.</doc>
<status status="PASS" start="2024-10-23T12:39:49.058434" elapsed="0.284070"/>
</kw>
<kw name="Press Keys" owner="SeleniumLibrary">
<msg time="2024-10-23T12:39:49.343347" level="INFO">Sending key(s) ('ENTER',) to //button[@type="submit"] element.</msg>
<msg time="2024-10-23T12:39:49.792596" level="INFO">Pressing special key ENTER to element.</msg>
<msg time="2024-10-23T12:39:49.792723" level="INFO">Releasing special key ENTER.</msg>
<arg>//button[@type="submit"]</arg>
<arg>ENTER</arg>
<doc>Simulates the user pressing key(s) to an element or on the active browser.</doc>
<status status="PASS" start="2024-10-23T12:39:49.342815" elapsed="0.471998"/>
</kw>
<arg>${user}</arg>
<status status="PASS" start="2024-10-23T12:39:45.043644" elapsed="4.771439"/>
</kw>
<kw name="Wait Until Page Contains" owner="SeleniumLibrary">
<arg>Delete</arg>
<doc>Waits until ``text`` appears on the current page.</doc>
<status status="PASS" start="2024-10-23T12:39:49.816056" elapsed="0.743992"/>
</kw>
<var name="${user}">{'id': 2, 'name': 'Ervin Howell', 'username': 'Antonette', 'email': 'Shanna@melissa.tv', 'address': {'street': 'Victor Plains', 'suite': 'Suite 879', 'city': 'Wisokyburgh', 'zipcode': '90566-7771', 'g...</var>
<status status="PASS" start="2024-10-23T12:39:42.696924" elapsed="7.863395"/>
</iter>
<iter>
<kw name="Go To Link">
<kw name="Click Element" owner="SeleniumLibrary">
<msg time="2024-10-23T12:39:50.568262" level="INFO">Clicking element '//a[text()="Customers"]'.</msg>
<arg>//a[text()="${text}"]</arg>
<doc>Click the element identified by ``locator``.</doc>
<status status="PASS" start="2024-10-23T12:39:50.567792" elapsed="0.608076"/>
</kw>
<kw name="Wait Until Element Is Visible" owner="SeleniumLibrary">
<arg>//tbody//tr</arg>
<arg>5s</arg>
<doc>Waits until the element ``locator`` is visible.</doc>
<status status="PASS" start="2024-10-23T12:39:51.176176" elapsed="0.079101"/>
</kw>
<arg>Customers</arg>
<status status="PASS" start="2024-10-23T12:39:50.561059" elapsed="0.694406"/>
</kw>
<kw name="Open Add Identity">
<kw name="Click Element" owner="SeleniumLibrary">
<msg time="2024-10-23T12:39:51.256455" level="INFO">Clicking element '//a[@aria-label="Create"]'.</msg>
<arg>//a[@aria-label="Create"]</arg>
<doc>Click the element identified by ``locator``.</doc>
<status status="PASS" start="2024-10-23T12:39:51.256178" elapsed="0.287727"/>
</kw>
<kw name="Wait Until Element Is Visible" owner="SeleniumLibrary">
<arg>${indentity_txt_firstname}</arg>
<arg>10s</arg>
<doc>Waits until the element ``locator`` is visible.</doc>
<status status="PASS" start="2024-10-23T12:39:51.544192" elapsed="0.070573"/>
</kw>
<status status="PASS" start="2024-10-23T12:39:51.255758" elapsed="0.359190"/>
</kw>
<kw name="Add User">
<kw name="Evaluate" owner="BuiltIn">
<msg time="2024-10-23T12:39:51.617169" level="INFO">${firstname} = Clementine</msg>
<var>${firstname}</var>
<arg>" ".join("${user['name']}".split()[:-1]).strip()</arg>
<doc>Evaluates the given expression in Python and returns the result.</doc>
<status status="PASS" start="2024-10-23T12:39:51.615813" elapsed="0.001420"/>
</kw>
<kw name="Evaluate" owner="BuiltIn">
<msg time="2024-10-23T12:39:51.618456" level="INFO">${lastname} = Bauch</msg>
<var>${lastname}</var>
<arg>" ".join("${user['name']}".split()[-1:]).strip()</arg>
<doc>Evaluates the given expression in Python and returns the result.</doc>
<status status="PASS" start="2024-10-23T12:39:51.617477" elapsed="0.001049"/>
</kw>
<kw name="Evaluate" owner="BuiltIn">
<msg time="2024-10-23T12:39:51.619695" level="INFO">${address} = Douglas Extension</msg>
<var>${address}</var>
<arg>f"${user['address']['street']}"</arg>
<doc>Evaluates the given expression in Python and returns the result.</doc>
<status status="PASS" start="2024-10-23T12:39:51.618759" elapsed="0.000991"/>
</kw>
<kw name="Set Variable" owner="BuiltIn">
<msg time="2024-10-23T12:39:51.620202" level="INFO">${password} = P@ssWord456</msg>
<var>${password}</var>
<arg>P@ssWord456</arg>
<doc>Returns the given values which can then be assigned to a variables.</doc>
<status status="PASS" start="2024-10-23T12:39:51.619965" elapsed="0.000284"/>
</kw>
<kw name="Input Text" owner="SeleniumLibrary">
<msg time="2024-10-23T12:39:51.620800" level="INFO">Typing text 'Clementine' into text field '//input[@name="first_name"]'.</msg>
<arg>${indentity_txt_firstname}</arg>
<arg>${firstname}</arg>
<doc>Types the given ``text`` into the text field identified by ``locator``.</doc>
<status status="PASS" start="2024-10-23T12:39:51.620441" elapsed="0.255176"/>
</kw>
<kw name="Input Text" owner="SeleniumLibrary">
<msg time="2024-10-23T12:39:51.876398" level="INFO">Typing text 'Bauch' into text field '//input[@name="last_name"]'.</msg>
<arg>${indentity_txt_lastname}</arg>
<arg>${lastname}</arg>
<doc>Types the given ``text`` into the text field identified by ``locator``.</doc>
<status status="PASS" start="2024-10-23T12:39:51.875957" elapsed="0.321740"/>
</kw>
<kw name="Input Text" owner="SeleniumLibrary">
<msg time="2024-10-23T12:39:52.199954" level="INFO">Typing text 'Nathan@yesenia.net' into text field '//input[@name="email"]'.</msg>
<arg>${indentity_txt_email}</arg>
<arg>${user['email']}</arg>
<doc>Types the given ``text`` into the text field identified by ``locator``.</doc>
<status status="PASS" start="2024-10-23T12:39:52.198041" elapsed="0.340057"/>
</kw>
<kw name="Input Date">
<kw name="Click Element At Coordinates" owner="SeleniumLibrary">
<msg time="2024-10-23T12:39:52.544268" level="INFO">Clicking element '//input[@name="birthday"]' at coordinates x=0, y=0.</msg>
<arg>${locator}</arg>
<arg>0</arg>
<arg>0</arg>
<doc>Click the element ``locator`` at ``xoffset/yoffset``.</doc>
<status status="PASS" start="2024-10-23T12:39:52.543843" elapsed="0.676234"/>
</kw>
<kw name="Press Keys" owner="SeleniumLibrary">
<msg time="2024-10-23T12:39:53.224189" level="INFO">Sending key(s) ('06222011',) to page.</msg>
<msg time="2024-10-23T12:39:53.224534" level="INFO">Sending keys 06222011</msg>
<arg>None</arg>
<arg>${date}</arg>
<doc>Simulates the user pressing key(s) to an element or on the active browser.</doc>
<status status="PASS" start="2024-10-23T12:39:53.222226" elapsed="0.187767"/>
</kw>
<arg>${indentity_txt_birthday}</arg>
<arg>${user['birthday']}</arg>
<status status="PASS" start="2024-10-23T12:39:52.538443" elapsed="0.871737"/>
</kw>
<kw name="Input Text" owner="SeleniumLibrary">
<msg time="2024-10-23T12:39:53.410846" level="INFO">Typing text 'Douglas Extension' into text field '//textarea[@name="address"]'.</msg>
<arg>${indentity_txt_address}</arg>
<arg>${address}</arg>
<doc>Types the given ``text`` into the text field identified by ``locator``.</doc>
<status status="PASS" start="2024-10-23T12:39:53.410421" elapsed="0.286754"/>
</kw>
<kw name="Input Text" owner="SeleniumLibrary">
<msg time="2024-10-23T12:39:53.705203" level="INFO">Typing text 'McKenziehaven' into text field '//input[@name="city"]'.</msg>
<arg>${indentity_txt_city}</arg>
<arg>${user['address']['city']}</arg>
<doc>Types the given ``text`` into the text field identified by ``locator``.</doc>
<status status="PASS" start="2024-10-23T12:39:53.697453" elapsed="0.293759"/>
</kw>
<kw name="Input Text" owner="SeleniumLibrary">
<msg time="2024-10-23T12:39:53.992537" level="INFO">Typing text 'Suitable' into text field '//input[@name="stateAbbr"]'.</msg>
<arg>${indentity_txt_stateAbbr}</arg>
<arg>${user['address']['state']}</arg>
<doc>Types the given ``text`` into the text field identified by ``locator``.</doc>
<status status="PASS" start="2024-10-23T12:39:53.991488" elapsed="0.266639"/>
</kw>
<kw name="Input Text" owner="SeleniumLibrary">
<msg time="2024-10-23T12:39:54.259673" level="INFO">Typing text '59590-4157' into text field '//input[@name="zipcode"]'.</msg>
<arg>${indentity_txt_zipcode}</arg>
<arg>${user['address']['zipcode']}</arg>
<doc>Types the given ``text`` into the text field identified by ``locator``.</doc>
<status status="PASS" start="2024-10-23T12:39:54.258416" elapsed="0.296133"/>
</kw>
<kw name="Input Text" owner="SeleniumLibrary">
<msg time="2024-10-23T12:39:54.555357" level="INFO">Typing text 'P@ssWord456' into text field '//input[@name="password"]'.</msg>
<arg>${indentity_txt_password}</arg>
<arg>${password}</arg>
<doc>Types the given ``text`` into the text field identified by ``locator``.</doc>
<status status="PASS" start="2024-10-23T12:39:54.554875" elapsed="0.308776"/>
</kw>
<kw name="Input Text" owner="SeleniumLibrary">
<msg time="2024-10-23T12:39:54.866277" level="INFO">Typing text 'P@ssWord456' into text field '//input[@name="confirm_password"]'.</msg>
<arg>${indentity_txt_confirm_password}</arg>
<arg>${password}</arg>
<doc>Types the given ``text`` into the text field identified by ``locator``.</doc>
<status status="PASS" start="2024-10-23T12:39:54.864288" elapsed="0.312871"/>
</kw>
<kw name="Press Keys" owner="SeleniumLibrary">
<msg time="2024-10-23T12:39:55.178408" level="INFO">Sending key(s) ('ENTER',) to //button[@type="submit"] element.</msg>
<msg time="2024-10-23T12:39:55.635941" level="INFO">Pressing special key ENTER to element.</msg>
<msg time="2024-10-23T12:39:55.636211" level="INFO">Releasing special key ENTER.</msg>
<arg>//button[@type="submit"]</arg>
<arg>ENTER</arg>
<doc>Simulates the user pressing key(s) to an element or on the active browser.</doc>
<status status="PASS" start="2024-10-23T12:39:55.177731" elapsed="0.494439"/>
</kw>
<arg>${user}</arg>
<status status="PASS" start="2024-10-23T12:39:51.615275" elapsed="4.057084"/>
</kw>
<kw name="Wait Until Page Contains" owner="SeleniumLibrary">
<arg>Delete</arg>
<doc>Waits until ``text`` appears on the current page.</doc>
<status status="PASS" start="2024-10-23T12:39:55.672611" elapsed="0.764990"/>
</kw>
<var name="${user}">{'id': 3, 'name': 'Clementine Bauch', 'username': 'Samantha', 'email': 'Nathan@yesenia.net', 'address': {'street': 'Douglas Extension', 'suite': 'Suite 847', 'city': 'McKenziehaven', 'zipcode': '59590...</var>
<status status="PASS" start="2024-10-23T12:39:50.560746" elapsed="5.876986"/>
</iter>
<iter>
<kw name="Go To Link">
<kw name="Click Element" owner="SeleniumLibrary">
<msg time="2024-10-23T12:39:56.439039" level="INFO">Clicking element '//a[text()="Customers"]'.</msg>
<arg>//a[text()="${text}"]</arg>
<doc>Click the element identified by ``locator``.</doc>
<status status="PASS" start="2024-10-23T12:39:56.438702" elapsed="0.606676"/>
</kw>
<kw name="Wait Until Element Is Visible" owner="SeleniumLibrary">
<arg>//tbody//tr</arg>
<arg>5s</arg>
<doc>Waits until the element ``locator`` is visible.</doc>
<status status="PASS" start="2024-10-23T12:39:57.048327" elapsed="0.062506"/>
</kw>
<arg>Customers</arg>
<status status="PASS" start="2024-10-23T12:39:56.438237" elapsed="0.672784"/>
</kw>
<kw name="Open Add Identity">
<kw name="Click Element" owner="SeleniumLibrary">
<msg time="2024-10-23T12:39:57.112348" level="INFO">Clicking element '//a[@aria-label="Create"]'.</msg>
<arg>//a[@aria-label="Create"]</arg>
<doc>Click the element identified by ``locator``.</doc>
<status status="PASS" start="2024-10-23T12:39:57.112070" elapsed="0.302088"/>
</kw>
<kw name="Wait Until Element Is Visible" owner="SeleniumLibrary">
<arg>${indentity_txt_firstname}</arg>
<arg>10s</arg>
<doc>Waits until the element ``locator`` is visible.</doc>
<status status="PASS" start="2024-10-23T12:39:57.414846" elapsed="0.061072"/>
</kw>
<status status="PASS" start="2024-10-23T12:39:57.111285" elapsed="0.364820"/>
</kw>
<kw name="Add User">
<kw name="Evaluate" owner="BuiltIn">
<msg time="2024-10-23T12:39:57.477963" level="INFO">${firstname} = Patricia</msg>
<var>${firstname}</var>
<arg>" ".join("${user['name']}".split()[:-1]).strip()</arg>
<doc>Evaluates the given expression in Python and returns the result.</doc>
<status status="PASS" start="2024-10-23T12:39:57.476976" elapsed="0.001050"/>
</kw>
<kw name="Evaluate" owner="BuiltIn">
<msg time="2024-10-23T12:39:57.479240" level="INFO">${lastname} = Lebsack</msg>
<var>${lastname}</var>
<arg>" ".join("${user['name']}".split()[-1:]).strip()</arg>
<doc>Evaluates the given expression in Python and returns the result.</doc>
<status status="PASS" start="2024-10-23T12:39:57.478253" elapsed="0.001045"/>
</kw>
<kw name="Evaluate" owner="BuiltIn">
<msg time="2024-10-23T12:39:57.480747" level="INFO">${address} = Hoeger Mall</msg>
<var>${address}</var>
<arg>f"${user['address']['street']}"</arg>
<doc>Evaluates the given expression in Python and returns the result.</doc>
<status status="PASS" start="2024-10-23T12:39:57.479602" elapsed="0.001204"/>
</kw>
<kw name="Set Variable" owner="BuiltIn">
<msg time="2024-10-23T12:39:57.481574" level="INFO">${password} = P@ssWord456</msg>
<var>${password}</var>
<arg>P@ssWord456</arg>
<doc>Returns the given values which can then be assigned to a variables.</doc>
<status status="PASS" start="2024-10-23T12:39:57.481064" elapsed="0.000580"/>
</kw>
<kw name="Input Text" owner="SeleniumLibrary">
<msg time="2024-10-23T12:39:57.482958" level="INFO">Typing text 'Patricia' into text field '//input[@name="first_name"]'.</msg>
<arg>${indentity_txt_firstname}</arg>
<arg>${firstname}</arg>
<doc>Types the given ``text`` into the text field identified by ``locator``.</doc>
<status status="PASS" start="2024-10-23T12:39:57.481941" elapsed="0.230314"/>
</kw>
<kw name="Input Text" owner="SeleniumLibrary">
<msg time="2024-10-23T12:39:57.714909" level="INFO">Typing text 'Lebsack' into text field '//input[@name="last_name"]'.</msg>
<arg>${indentity_txt_lastname}</arg>
<arg>${lastname}</arg>
<doc>Types the given ``text`` into the text field identified by ``locator``.</doc>
<status status="PASS" start="2024-10-23T12:39:57.712566" elapsed="0.314484"/>
</kw>
<kw name="Input Text" owner="SeleniumLibrary">
<msg time="2024-10-23T12:39:58.028323" level="INFO">Typing text 'Julianne.OConner@kory.org' into text field '//input[@name="email"]'.</msg>
<arg>${indentity_txt_email}</arg>
<arg>${user['email']}</arg>
<doc>Types the given ``text`` into the text field identified by ``locator``.</doc>
<status status="PASS" start="2024-10-23T12:39:58.027345" elapsed="0.417608"/>
</kw>
<kw name="Input Date">
<kw name="Click Element At Coordinates" owner="SeleniumLibrary">
<msg time="2024-10-23T12:39:58.446882" level="INFO">Clicking element '//input[@name="birthday"]' at coordinates x=0, y=0.</msg>
<arg>${locator}</arg>
<arg>0</arg>
<arg>0</arg>
<doc>Click the element ``locator`` at ``xoffset/yoffset``.</doc>
<status status="PASS" start="2024-10-23T12:39:58.446480" elapsed="0.585820"/>
</kw>
<kw name="Press Keys" owner="SeleniumLibrary">
<msg time="2024-10-23T12:39:59.038278" level="INFO">Sending key(s) ('04221995',) to page.</msg>
<msg time="2024-10-23T12:39:59.038743" level="INFO">Sending keys 04221995</msg>
<arg>None</arg>
<arg>${date}</arg>
<doc>Simulates the user pressing key(s) to an element or on the active browser.</doc>
<status status="PASS" start="2024-10-23T12:39:59.035315" elapsed="0.184923"/>
</kw>
<arg>${indentity_txt_birthday}</arg>
<arg>${user['birthday']}</arg>
<status status="PASS" start="2024-10-23T12:39:58.445263" elapsed="0.775306"/>
</kw>
<kw name="Input Text" owner="SeleniumLibrary">
<msg time="2024-10-23T12:39:59.221594" level="INFO">Typing text 'Hoeger Mall' into text field '//textarea[@name="address"]'.</msg>
<arg>${indentity_txt_address}</arg>
<arg>${address}</arg>
<doc>Types the given ``text`` into the text field identified by ``locator``.</doc>
<status status="PASS" start="2024-10-23T12:39:59.220951" elapsed="0.252208"/>
</kw>
<kw name="Input Text" owner="SeleniumLibrary">
<msg time="2024-10-23T12:39:59.475040" level="INFO">Typing text 'South Elvis' into text field '//input[@name="city"]'.</msg>
<arg>${indentity_txt_city}</arg>
<arg>${user['address']['city']}</arg>
<doc>Types the given ``text`` into the text field identified by ``locator``.</doc>
<status status="PASS" start="2024-10-23T12:39:59.473475" elapsed="0.288606"/>
</kw>
<kw name="Input Text" owner="SeleniumLibrary">
<msg time="2024-10-23T12:39:59.763709" level="INFO">Typing text 'Siesta' into text field '//input[@name="stateAbbr"]'.</msg>
<arg>${indentity_txt_stateAbbr}</arg>
<arg>${user['address']['state']}</arg>
<doc>Types the given ``text`` into the text field identified by ``locator``.</doc>
<status status="PASS" start="2024-10-23T12:39:59.762384" elapsed="0.313734"/>
</kw>
<kw name="Input Text" owner="SeleniumLibrary">
<msg time="2024-10-23T12:40:00.091618" level="INFO">Typing text '53919-4257' into text field '//input[@name="zipcode"]'.</msg>
<arg>${indentity_txt_zipcode}</arg>
<arg>${user['address']['zipcode']}</arg>
<doc>Types the given ``text`` into the text field identified by ``locator``.</doc>
<status status="PASS" start="2024-10-23T12:40:00.076455" elapsed="0.314665"/>
</kw>
<kw name="Input Text" owner="SeleniumLibrary">
<msg time="2024-10-23T12:40:00.392348" level="INFO">Typing text 'P@ssWord456' into text field '//input[@name="password"]'.</msg>
<arg>${indentity_txt_password}</arg>
<arg>${password}</arg>
<doc>Types the given ``text`` into the text field identified by ``locator``.</doc>
<status status="PASS" start="2024-10-23T12:40:00.391820" elapsed="0.301314"/>
</kw>
<kw name="Input Text" owner="SeleniumLibrary">
<msg time="2024-10-23T12:40:00.694181" level="INFO">Typing text 'P@ssWord456' into text field '//input[@name="confirm_password"]'.</msg>
<arg>${indentity_txt_confirm_password}</arg>
<arg>${password}</arg>
<doc>Types the given ``text`` into the text field identified by ``locator``.</doc>
<status status="PASS" start="2024-10-23T12:40:00.693404" elapsed="0.284437"/>
</kw>
<kw name="Press Keys" owner="SeleniumLibrary">
<msg time="2024-10-23T12:40:00.978907" level="INFO">Sending key(s) ('ENTER',) to //button[@type="submit"] element.</msg>
<msg time="2024-10-23T12:40:01.460165" level="INFO">Pressing special key ENTER to element.</msg>
<msg time="2024-10-23T12:40:01.460413" level="INFO">Releasing special key ENTER.</msg>
<arg>//button[@type="submit"]</arg>
<arg>ENTER</arg>
<doc>Simulates the user pressing key(s) to an element or on the active browser.</doc>
<status status="PASS" start="2024-10-23T12:40:00.978171" elapsed="0.515057"/>
</kw>
<arg>${user}</arg>
<status status="PASS" start="2024-10-23T12:39:57.476433" elapsed="4.016983"/>
</kw>
<kw name="Wait Until Page Contains" owner="SeleniumLibrary">
<arg>Delete</arg>
<doc>Waits until ``text`` appears on the current page.</doc>
<status status="PASS" start="2024-10-23T12:40:01.493672" elapsed="0.701219"/>
</kw>
<var name="${user}">{'id': 4, 'name': 'Patricia Lebsack', 'username': 'Karianne', 'email': 'Julianne.OConner@kory.org', 'address': {'street': 'Hoeger Mall', 'suite': 'Apt. 692', 'city': 'South Elvis', 'zipcode': '53919-4...</var>
<status status="PASS" start="2024-10-23T12:39:56.438009" elapsed="5.757013"/>
</iter>
<iter>
<kw name="Go To Link">
<kw name="Click Element" owner="SeleniumLibrary">
<msg time="2024-10-23T12:40:02.196334" level="INFO">Clicking element '//a[text()="Customers"]'.</msg>
<arg>//a[text()="${text}"]</arg>
<doc>Click the element identified by ``locator``.</doc>
<status status="PASS" start="2024-10-23T12:40:02.195997" elapsed="0.605276"/>
</kw>
<kw name="Wait Until Element Is Visible" owner="SeleniumLibrary">
<arg>//tbody//tr</arg>
<arg>5s</arg>
<doc>Waits until the element ``locator`` is visible.</doc>
<status status="PASS" start="2024-10-23T12:40:02.802124" elapsed="0.073835"/>
</kw>
<arg>Customers</arg>
<status status="PASS" start="2024-10-23T12:40:02.195544" elapsed="0.680600"/>
</kw>
<kw name="Open Add Identity">
<kw name="Click Element" owner="SeleniumLibrary">
<msg time="2024-10-23T12:40:02.877132" level="INFO">Clicking element '//a[@aria-label="Create"]'.</msg>
<arg>//a[@aria-label="Create"]</arg>
<doc>Click the element identified by ``locator``.</doc>
<status status="PASS" start="2024-10-23T12:40:02.876865" elapsed="0.293585"/>
</kw>
<kw name="Wait Until Element Is Visible" owner="SeleniumLibrary">
<arg>${indentity_txt_firstname}</arg>
<arg>10s</arg>
<doc>Waits until the element ``locator`` is visible.</doc>
<status status="PASS" start="2024-10-23T12:40:03.171270" elapsed="0.053456"/>
</kw>
<status status="PASS" start="2024-10-23T12:40:02.876410" elapsed="0.348505"/>
</kw>
<kw name="Add User">
<kw name="Evaluate" owner="BuiltIn">
<msg time="2024-10-23T12:40:03.227250" level="INFO">${firstname} = Chelsey</msg>
<var>${firstname}</var>
<arg>" ".join("${user['name']}".split()[:-1]).strip()</arg>
<doc>Evaluates the given expression in Python and returns the result.</doc>
<status status="PASS" start="2024-10-23T12:40:03.225781" elapsed="0.001532"/>
</kw>
<kw name="Evaluate" owner="BuiltIn">
<msg time="2024-10-23T12:40:03.228547" level="INFO">${lastname} = Dietrich</msg>
<var>${lastname}</var>
<arg>" ".join("${user['name']}".split()[-1:]).strip()</arg>
<doc>Evaluates the given expression in Python and returns the result.</doc>
<status status="PASS" start="2024-10-23T12:40:03.227582" elapsed="0.001026"/>
</kw>
<kw name="Evaluate" owner="BuiltIn">
<msg time="2024-10-23T12:40:03.229790" level="INFO">${address} = Skiles Walks</msg>
<var>${address}</var>
<arg>f"${user['address']['street']}"</arg>
<doc>Evaluates the given expression in Python and returns the result.</doc>
<status status="PASS" start="2024-10-23T12:40:03.228836" elapsed="0.001012"/>
</kw>
<kw name="Set Variable" owner="BuiltIn">
<msg time="2024-10-23T12:40:03.230310" level="INFO">${password} = P@ssWord456</msg>
<var>${password}</var>
<arg>P@ssWord456</arg>
<doc>Returns the given values which can then be assigned to a variables.</doc>
<status status="PASS" start="2024-10-23T12:40:03.230071" elapsed="0.000287"/>
</kw>
<kw name="Input Text" owner="SeleniumLibrary">
<msg time="2024-10-23T12:40:03.230984" level="INFO">Typing text 'Chelsey' into text field '//input[@name="first_name"]'.</msg>
<arg>${indentity_txt_firstname}</arg>
<arg>${firstname}</arg>
<doc>Types the given ``text`` into the text field identified by ``locator``.</doc>
<status status="PASS" start="2024-10-23T12:40:03.230612" elapsed="0.239721"/>
</kw>
<kw name="Input Text" owner="SeleniumLibrary">
<msg time="2024-10-23T12:40:03.472312" level="INFO">Typing text 'Dietrich' into text field '//input[@name="last_name"]'.</msg>
<arg>${indentity_txt_lastname}</arg>
<arg>${lastname}</arg>
<doc>Types the given ``text`` into the text field identified by ``locator``.</doc>
<status status="PASS" start="2024-10-23T12:40:03.471325" elapsed="0.279984"/>
</kw>
<kw name="Input Text" owner="SeleniumLibrary">
<msg time="2024-10-23T12:40:03.753011" level="INFO">Typing text 'Lucio_Hettinger@annie.ca' into text field '//input[@name="email"]'.</msg>
<arg>${indentity_txt_email}</arg>
<arg>${user['email']}</arg>
<doc>Types the given ``text`` into the text field identified by ``locator``.</doc>
<status status="PASS" start="2024-10-23T12:40:03.751773" elapsed="0.364272"/>
</kw>
<kw name="Input Date">
<kw name="Click Element At Coordinates" owner="SeleniumLibrary">
<msg time="2024-10-23T12:40:04.120361" level="INFO">Clicking element '//input[@name="birthday"]' at coordinates x=0, y=0.</msg>
<arg>${locator}</arg>
<arg>0</arg>
<arg>0</arg>
<doc>Click the element ``locator`` at ``xoffset/yoffset``.</doc>
<status status="PASS" start="2024-10-23T12:40:04.118386" elapsed="0.586891"/>
</kw>
<kw name="Press Keys" owner="SeleniumLibrary">
<msg time="2024-10-23T12:40:04.708417" level="INFO">Sending key(s) ('12121984',) to page.</msg>
<msg time="2024-10-23T12:40:04.708925" level="INFO">Sending keys 12121984</msg>
<arg>None</arg>
<arg>${date}</arg>
<doc>Simulates the user pressing key(s) to an element or on the active browser.</doc>
<status status="PASS" start="2024-10-23T12:40:04.706324" elapsed="0.184371"/>
</kw>
<arg>${indentity_txt_birthday}</arg>
<arg>${user['birthday']}</arg>
<status status="PASS" start="2024-10-23T12:40:04.116476" elapsed="0.774472"/>
</kw>
<kw name="Input Text" owner="SeleniumLibrary">
<msg time="2024-10-23T12:40:04.891850" level="INFO">Typing text 'Skiles Walks' into text field '//textarea[@name="address"]'.</msg>
<arg>${indentity_txt_address}</arg>
<arg>${address}</arg>
<doc>Types the given ``text`` into the text field identified by ``locator``.</doc>
<status status="PASS" start="2024-10-23T12:40:04.891277" elapsed="0.265680"/>
</kw>
<kw name="Input Text" owner="SeleniumLibrary">
<msg time="2024-10-23T12:40:05.162589" level="INFO">Typing text 'Roscoeview' into text field '//input[@name="city"]'.</msg>
<arg>${indentity_txt_city}</arg>
<arg>${user['address']['city']}</arg>
<doc>Types the given ``text`` into the text field identified by ``locator``.</doc>
<status status="PASS" start="2024-10-23T12:40:05.157281" elapsed="0.286495"/>
</kw>
<kw name="Input Text" owner="SeleniumLibrary">
<msg time="2024-10-23T12:40:05.445074" level="INFO">Typing text 'Define' into text field '//input[@name="stateAbbr"]'.</msg>
<arg>${indentity_txt_stateAbbr}</arg>
<arg>${user['address']['state']}</arg>
<doc>Types the given ``text`` into the text field identified by ``locator``.</doc>
<status status="PASS" start="2024-10-23T12:40:05.444048" elapsed="0.321403"/>
</kw>
<kw name="Input Text" owner="SeleniumLibrary">
<msg time="2024-10-23T12:40:05.768429" level="INFO">Typing text '33263' into text field '//input[@name="zipcode"]'.</msg>
<arg>${indentity_txt_zipcode}</arg>
<arg>${user['address']['zipcode']}</arg>
<doc>Types the given ``text`` into the text field identified by ``locator``.</doc>
<status status="PASS" start="2024-10-23T12:40:05.765868" elapsed="0.248541"/>
</kw>
<kw name="Input Text" owner="SeleniumLibrary">
<msg time="2024-10-23T12:40:06.015306" level="INFO">Typing text 'P@ssWord456' into text field '//input[@name="password"]'.</msg>
<arg>${indentity_txt_password}</arg>
<arg>${password}</arg>
<doc>Types the given ``text`` into the text field identified by ``locator``.</doc>
<status status="PASS" start="2024-10-23T12:40:06.014859" elapsed="0.311890"/>
</kw>
<kw name="Input Text" owner="SeleniumLibrary">
<msg time="2024-10-23T12:40:06.327630" level="INFO">Typing text 'P@ssWord456' into text field '//input[@name="confirm_password"]'.</msg>
<arg>${indentity_txt_confirm_password}</arg>
<arg>${password}</arg>
<doc>Types the given ``text`` into the text field identified by ``locator``.</doc>
<status status="PASS" start="2024-10-23T12:40:06.327111" elapsed="0.282154"/>
</kw>
<kw name="Press Keys" owner="SeleniumLibrary">
<msg time="2024-10-23T12:40:06.610900" level="INFO">Sending key(s) ('ENTER',) to //button[@type="submit"] element.</msg>
<msg time="2024-10-23T12:40:07.072762" level="INFO">Pressing special key ENTER to element.</msg>
<msg time="2024-10-23T12:40:07.072888" level="INFO">Releasing special key ENTER.</msg>
<arg>//button[@type="submit"]</arg>
<arg>ENTER</arg>
<doc>Simulates the user pressing key(s) to an element or on the active browser.</doc>
<status status="PASS" start="2024-10-23T12:40:06.609935" elapsed="0.485831"/>
</kw>
<arg>${user}</arg>
<status status="PASS" start="2024-10-23T12:40:03.225242" elapsed="3.870714"/>
</kw>
<kw name="Wait Until Page Contains" owner="SeleniumLibrary">
<arg>Delete</arg>
<doc>Waits until ``text`` appears on the current page.</doc>
<status status="PASS" start="2024-10-23T12:40:07.096180" elapsed="0.938131"/>
</kw>
<var name="${user}">{'id': 5, 'name': 'Chelsey Dietrich', 'username': 'Kamren', 'email': 'Lucio_Hettinger@annie.ca', 'address': {'street': 'Skiles Walks', 'suite': 'Suite 351', 'city': 'Roscoeview', 'zipcode': '33263', '...</var>
<status status="PASS" start="2024-10-23T12:40:02.195298" elapsed="5.839309"/>
</iter>
<iter>
<kw name="Go To Link">
<kw name="Click Element" owner="SeleniumLibrary">
<msg time="2024-10-23T12:40:08.044903" level="INFO">Clicking element '//a[text()="Customers"]'.</msg>
<arg>//a[text()="${text}"]</arg>
<doc>Click the element identified by ``locator``.</doc>
<status status="PASS" start="2024-10-23T12:40:08.043966" elapsed="0.601146"/>
</kw>
<kw name="Wait Until Element Is Visible" owner="SeleniumLibrary">
<arg>//tbody//tr</arg>
<arg>5s</arg>
<doc>Waits until the element ``locator`` is visible.</doc>
<status status="PASS" start="2024-10-23T12:40:08.645413" elapsed="0.069217"/>
</kw>
<arg>Customers</arg>
<status status="PASS" start="2024-10-23T12:40:08.039252" elapsed="0.675563"/>
</kw>
<kw name="Open Add Identity">
<kw name="Click Element" owner="SeleniumLibrary">
<msg time="2024-10-23T12:40:08.715778" level="INFO">Clicking element '//a[@aria-label="Create"]'.</msg>
<arg>//a[@aria-label="Create"]</arg>
<doc>Click the element identified by ``locator``.</doc>
<status status="PASS" start="2024-10-23T12:40:08.715490" elapsed="0.309496"/>
</kw>
<kw name="Wait Until Element Is Visible" owner="SeleniumLibrary">
<arg>${indentity_txt_firstname}</arg>
<arg>10s</arg>
<doc>Waits until the element ``locator`` is visible.</doc>
<status status="PASS" start="2024-10-23T12:40:09.025293" elapsed="0.054709"/>
</kw>
<status status="PASS" start="2024-10-23T12:40:08.715078" elapsed="0.365119"/>
</kw>
<kw name="Add User">
<kw name="Evaluate" owner="BuiltIn">
<msg time="2024-10-23T12:40:09.082228" level="INFO">${firstname} = Mrs. Dennis</msg>
<var>${firstname}</var>
<arg>" ".join("${user['name']}".split()[:-1]).strip()</arg>
<doc>Evaluates the given expression in Python and returns the result.</doc>
<status status="PASS" start="2024-10-23T12:40:09.081134" elapsed="0.001163"/>
</kw>
<kw name="Evaluate" owner="BuiltIn">
<msg time="2024-10-23T12:40:09.083627" level="INFO">${lastname} = Schulist</msg>
<var>${lastname}</var>
<arg>" ".join("${user['name']}".split()[-1:]).strip()</arg>
<doc>Evaluates the given expression in Python and returns the result.</doc>
<status status="PASS" start="2024-10-23T12:40:09.082606" elapsed="0.001078"/>
</kw>
<kw name="Evaluate" owner="BuiltIn">
<msg time="2024-10-23T12:40:09.085310" level="INFO">${address} = Norberto Crossing</msg>
<var>${address}</var>
<arg>f"${user['address']['street']}"</arg>
<doc>Evaluates the given expression in Python and returns the result.</doc>
<status status="PASS" start="2024-10-23T12:40:09.083916" elapsed="0.001545"/>
</kw>
<kw name="Set Variable" owner="BuiltIn">
<msg time="2024-10-23T12:40:09.086439" level="INFO">${password} = P@ssWord456</msg>
<var>${password}</var>
<arg>P@ssWord456</arg>
<doc>Returns the given values which can then be assigned to a variables.</doc>
<status status="PASS" start="2024-10-23T12:40:09.086019" elapsed="0.000484"/>
</kw>
<kw name="Input Text" owner="SeleniumLibrary">
<msg time="2024-10-23T12:40:09.087958" level="INFO">Typing text 'Mrs. Dennis' into text field '//input[@name="first_name"]'.</msg>
<arg>${indentity_txt_firstname}</arg>
<arg>${firstname}</arg>
<doc>Types the given ``text`` into the text field identified by ``locator``.</doc>
<status status="PASS" start="2024-10-23T12:40:09.087233" elapsed="0.249343"/>
</kw>
<kw name="Input Text" owner="SeleniumLibrary">
<msg time="2024-10-23T12:40:09.337374" level="INFO">Typing text 'Schulist' into text field '//input[@name="last_name"]'.</msg>
<arg>${indentity_txt_lastname}</arg>
<arg>${lastname}</arg>
<doc>Types the given ``text`` into the text field identified by ``locator``.</doc>
<status status="PASS" start="2024-10-23T12:40:09.336902" elapsed="0.296312"/>
</kw>
<kw name="Input Text" owner="SeleniumLibrary">
<msg time="2024-10-23T12:40:09.634557" level="INFO">Typing text 'Karley_Dach@jasper.info' into text field '//input[@name="email"]'.</msg>
<arg>${indentity_txt_email}</arg>
<arg>${user['email']}</arg>
<doc>Types the given ``text`` into the text field identified by ``locator``.</doc>
<status status="PASS" start="2024-10-23T12:40:09.633483" elapsed="0.336075"/>
</kw>
<kw name="Input Date">
<kw name="Click Element At Coordinates" owner="SeleniumLibrary">
<msg time="2024-10-23T12:40:09.975059" level="INFO">Clicking element '//input[@name="birthday"]' at coordinates x=0, y=0.</msg>
<arg>${locator}</arg>
<arg>0</arg>
<arg>0</arg>
<doc>Click the element ``locator`` at ``xoffset/yoffset``.</doc>
<status status="PASS" start="2024-10-23T12:40:09.974665" elapsed="0.659809"/>
</kw>
<kw name="Press Keys" owner="SeleniumLibrary">
<msg time="2024-10-23T12:40:10.640172" level="INFO">Sending key(s) ('07031974',) to page.</msg>
<msg time="2024-10-23T12:40:10.642576" level="INFO">Sending keys 07031974</msg>
<arg>None</arg>
<arg>${date}</arg>
<doc>Simulates the user pressing key(s) to an element or on the active browser.</doc>
<status status="PASS" start="2024-10-23T12:40:10.635314" elapsed="0.177679"/>
</kw>
<arg>${indentity_txt_birthday}</arg>
<arg>${user['birthday']}</arg>
<status status="PASS" start="2024-10-23T12:40:09.969965" elapsed="0.843219"/>
</kw>
<kw name="Input Text" owner="SeleniumLibrary">
<msg time="2024-10-23T12:40:10.813849" level="INFO">Typing text 'Norberto Crossing' into text field '//textarea[@name="address"]'.</msg>
<arg>${indentity_txt_address}</arg>
<arg>${address}</arg>
<doc>Types the given ``text`` into the text field identified by ``locator``.</doc>
<status status="PASS" start="2024-10-23T12:40:10.813414" elapsed="0.296829"/>
</kw>
<kw name="Input Text" owner="SeleniumLibrary">
<msg time="2024-10-23T12:40:11.111984" level="INFO">Typing text 'South Christy' into text field '//input[@name="city"]'.</msg>
<arg>${indentity_txt_city}</arg>
<arg>${user['address']['city']}</arg>
<doc>Types the given ``text`` into the text field identified by ``locator``.</doc>
<status status="PASS" start="2024-10-23T12:40:11.110757" elapsed="0.277433"/>
</kw>
<kw name="Input Text" owner="SeleniumLibrary">
<msg time="2024-10-23T12:40:11.390442" level="INFO">Typing text 'Evasion' into text field '//input[@name="stateAbbr"]'.</msg>
<arg>${indentity_txt_stateAbbr}</arg>
<arg>${user['address']['state']}</arg>
<doc>Types the given ``text`` into the text field identified by ``locator``.</doc>
<status status="PASS" start="2024-10-23T12:40:11.388542" elapsed="0.253930"/>
</kw>
<kw name="Input Text" owner="SeleniumLibrary">
<msg time="2024-10-23T12:40:11.644744" level="INFO">Typing text '23505-1337' into text field '//input[@name="zipcode"]'.</msg>
<arg>${indentity_txt_zipcode}</arg>
<arg>${user['address']['zipcode']}</arg>
<doc>Types the given ``text`` into the text field identified by ``locator``.</doc>
<status status="PASS" start="2024-10-23T12:40:11.642877" elapsed="0.308781"/>
</kw>
<kw name="Input Text" owner="SeleniumLibrary">
<msg time="2024-10-23T12:40:11.953090" level="INFO">Typing text 'P@ssWord456' into text field '//input[@name="password"]'.</msg>
<arg>${indentity_txt_password}</arg>
<arg>${password}</arg>
<doc>Types the given ``text`` into the text field identified by ``locator``.</doc>
<status status="PASS" start="2024-10-23T12:40:11.952394" elapsed="0.309105"/>
</kw>
<kw name="Input Text" owner="SeleniumLibrary">
<msg time="2024-10-23T12:40:12.262296" level="INFO">Typing text 'P@ssWord456' into text field '//input[@name="confirm_password"]'.</msg>
<arg>${indentity_txt_confirm_password}</arg>
<arg>${password}</arg>
<doc>Types the given ``text`` into the text field identified by ``locator``.</doc>
<status status="PASS" start="2024-10-23T12:40:12.261842" elapsed="0.300342"/>
</kw>
<kw name="Press Keys" owner="SeleniumLibrary">
<msg time="2024-10-23T12:40:12.563190" level="INFO">Sending key(s) ('ENTER',) to //button[@type="submit"] element.</msg>
<msg time="2024-10-23T12:40:13.033497" level="INFO">Pressing special key ENTER to element.</msg>
<msg time="2024-10-23T12:40:13.033712" level="INFO">Releasing special key ENTER.</msg>
<arg>//button[@type="submit"]</arg>
<arg>ENTER</arg>
<doc>Simulates the user pressing key(s) to an element or on the active browser.</doc>
<status status="PASS" start="2024-10-23T12:40:12.562548" elapsed="0.488773"/>
</kw>
<arg>${user}</arg>
<status status="PASS" start="2024-10-23T12:40:09.080578" elapsed="3.970953"/>
</kw>
<kw name="Wait Until Page Contains" owner="SeleniumLibrary">
<arg>Delete</arg>
<doc>Waits until ``text`` appears on the current page.</doc>
<status status="PASS" start="2024-10-23T12:40:13.051762" elapsed="0.729910"/>
</kw>
<var name="${user}">{'id': 6, 'name': 'Mrs. Dennis Schulist', 'username': 'Leopoldo_Corkery', 'email': 'Karley_Dach@jasper.info', 'address': {'street': 'Norberto Crossing', 'suite': 'Apt. 950', 'city': 'South Christy', '...</var>
<status status="PASS" start="2024-10-23T12:40:08.038476" elapsed="5.743350"/>
</iter>
<iter>
<kw name="Go To Link">
<kw name="Click Element" owner="SeleniumLibrary">
<msg time="2024-10-23T12:40:13.783340" level="INFO">Clicking element '//a[text()="Customers"]'.</msg>
<arg>//a[text()="${text}"]</arg>
<doc>Click the element identified by ``locator``.</doc>
<status status="PASS" start="2024-10-23T12:40:13.782970" elapsed="0.565735"/>
</kw>
<kw name="Wait Until Element Is Visible" owner="SeleniumLibrary">
<arg>//tbody//tr</arg>
<arg>5s</arg>
<doc>Waits until the element ``locator`` is visible.</doc>
<status status="PASS" start="2024-10-23T12:40:14.348988" elapsed="0.078263"/>
</kw>
<arg>Customers</arg>
<status status="PASS" start="2024-10-23T12:40:13.782408" elapsed="0.645063"/>
</kw>
<kw name="Open Add Identity">
<kw name="Click Element" owner="SeleniumLibrary">
<msg time="2024-10-23T12:40:14.428965" level="INFO">Clicking element '//a[@aria-label="Create"]'.</msg>
<arg>//a[@aria-label="Create"]</arg>
<doc>Click the element identified by ``locator``.</doc>
<status status="PASS" start="2024-10-23T12:40:14.428259" elapsed="0.285494"/>
</kw>
<kw name="Wait Until Element Is Visible" owner="SeleniumLibrary">
<arg>${indentity_txt_firstname}</arg>
<arg>10s</arg>
<doc>Waits until the element ``locator`` is visible.</doc>
<status status="PASS" start="2024-10-23T12:40:14.714042" elapsed="0.061629"/>
</kw>
<status status="PASS" start="2024-10-23T12:40:14.427790" elapsed="0.348082"/>
</kw>
<kw name="Add User">
<kw name="Evaluate" owner="BuiltIn">
<msg time="2024-10-23T12:40:14.777983" level="INFO">${firstname} = Kurtis</msg>
<var>${firstname}</var>
<arg>" ".join("${user['name']}".split()[:-1]).strip()</arg>
<doc>Evaluates the given expression in Python and returns the result.</doc>
<status status="PASS" start="2024-10-23T12:40:14.776972" elapsed="0.001071"/>
</kw>
<kw name="Evaluate" owner="BuiltIn">
<msg time="2024-10-23T12:40:14.779277" level="INFO">${lastname} = Weissnat</msg>
<var>${lastname}</var>
<arg>" ".join("${user['name']}".split()[-1:]).strip()</arg>
<doc>Evaluates the given expression in Python and returns the result.</doc>
<status status="PASS" start="2024-10-23T12:40:14.778277" elapsed="0.001059"/>
</kw>
<kw name="Evaluate" owner="BuiltIn">
<msg time="2024-10-23T12:40:14.780557" level="INFO">${address} = Rex Trail</msg>
<var>${address}</var>
<arg>f"${user['address']['street']}"</arg>
<doc>Evaluates the given expression in Python and returns the result.</doc>
<status status="PASS" start="2024-10-23T12:40:14.779588" elapsed="0.001028"/>
</kw>
<kw name="Set Variable" owner="BuiltIn">
<msg time="2024-10-23T12:40:14.781092" level="INFO">${password} = P@ssWord456</msg>
<var>${password}</var>
<arg>P@ssWord456</arg>
<doc>Returns the given values which can then be assigned to a variables.</doc>
<status status="PASS" start="2024-10-23T12:40:14.780846" elapsed="0.000297"/>
</kw>
<kw name="Input Text" owner="SeleniumLibrary">
<msg time="2024-10-23T12:40:14.781764" level="INFO">Typing text 'Kurtis' into text field '//input[@name="first_name"]'.</msg>
<arg>${indentity_txt_firstname}</arg>
<arg>${firstname}</arg>
<doc>Types the given ``text`` into the text field identified by ``locator``.</doc>
<status status="PASS" start="2024-10-23T12:40:14.781343" elapsed="0.254134"/>
</kw>
<kw name="Input Text" owner="SeleniumLibrary">
<msg time="2024-10-23T12:40:15.036219" level="INFO">Typing text 'Weissnat' into text field '//input[@name="last_name"]'.</msg>
<arg>${indentity_txt_lastname}</arg>
<arg>${lastname}</arg>
<doc>Types the given ``text`` into the text field identified by ``locator``.</doc>
<status status="PASS" start="2024-10-23T12:40:15.035796" elapsed="0.495361"/>
</kw>
<kw name="Input Text" owner="SeleniumLibrary">
<msg time="2024-10-23T12:40:15.535115" level="INFO">Typing text 'Telly.Hoeger@billy.biz' into text field '//input[@name="email"]'.</msg>
<arg>${indentity_txt_email}</arg>
<arg>${user['email']}</arg>
<doc>Types the given ``text`` into the text field identified by ``locator``.</doc>
<status status="PASS" start="2024-10-23T12:40:15.531442" elapsed="0.369143"/>
</kw>
<kw name="Input Date">
<kw name="Click Element At Coordinates" owner="SeleniumLibrary">
<msg time="2024-10-23T12:40:15.902776" level="INFO">Clicking element '//input[@name="birthday"]' at coordinates x=0, y=0.</msg>
<arg>${locator}</arg>
<arg>0</arg>
<arg>0</arg>
<doc>Click the element ``locator`` at ``xoffset/yoffset``.</doc>
<status status="PASS" start="2024-10-23T12:40:15.902333" elapsed="0.597056"/>
</kw>
<kw name="Press Keys" owner="SeleniumLibrary">
<msg time="2024-10-23T12:40:16.500367" level="INFO">Sending key(s) ('05062006',) to page.</msg>
<msg time="2024-10-23T12:40:16.500507" level="INFO">Sending keys 05062006</msg>
<arg>None</arg>
<arg>${date}</arg>
<doc>Simulates the user pressing key(s) to an element or on the active browser.</doc>
<status status="PASS" start="2024-10-23T12:40:16.499728" elapsed="0.165133"/>
</kw>
<arg>${indentity_txt_birthday}</arg>
<arg>${user['birthday']}</arg>
<status status="PASS" start="2024-10-23T12:40:15.900907" elapsed="0.764157"/>
</kw>
<kw name="Input Text" owner="SeleniumLibrary">
<msg time="2024-10-23T12:40:16.665763" level="INFO">Typing text 'Rex Trail' into text field '//textarea[@name="address"]'.</msg>
<arg>${indentity_txt_address}</arg>
<arg>${address}</arg>
<doc>Types the given ``text`` into the text field identified by ``locator``.</doc>
<status status="PASS" start="2024-10-23T12:40:16.665310" elapsed="0.336666"/>
</kw>
<kw name="Input Text" owner="SeleniumLibrary">
<msg time="2024-10-23T12:40:17.008447" level="INFO">Typing text 'Howemouth' into text field '//input[@name="city"]'.</msg>
<arg>${indentity_txt_city}</arg>
<arg>${user['address']['city']}</arg>
<doc>Types the given ``text`` into the text field identified by ``locator``.</doc>
<status status="PASS" start="2024-10-23T12:40:17.003311" elapsed="0.400081"/>
</kw>
<kw name="Input Text" owner="SeleniumLibrary">
<msg time="2024-10-23T12:40:17.410803" level="INFO">Typing text 'Steerable' into text field '//input[@name="stateAbbr"]'.</msg>
<arg>${indentity_txt_stateAbbr}</arg>
<arg>${user['address']['state']}</arg>
<doc>Types the given ``text`` into the text field identified by ``locator``.</doc>
<status status="PASS" start="2024-10-23T12:40:17.403714" elapsed="0.375947"/>
</kw>
<kw name="Input Text" owner="SeleniumLibrary">
<msg time="2024-10-23T12:40:17.785297" level="INFO">Typing text '58804-1099' into text field '//input[@name="zipcode"]'.</msg>
<arg>${indentity_txt_zipcode}</arg>
<arg>${user['address']['zipcode']}</arg>
<doc>Types the given ``text`` into the text field identified by ``locator``.</doc>
<status status="PASS" start="2024-10-23T12:40:17.779948" elapsed="0.408637"/>
</kw>
<kw name="Input Text" owner="SeleniumLibrary">
<msg time="2024-10-23T12:40:18.189456" level="INFO">Typing text 'P@ssWord456' into text field '//input[@name="password"]'.</msg>
<arg>${indentity_txt_password}</arg>
<arg>${password}</arg>
<doc>Types the given ``text`` into the text field identified by ``locator``.</doc>
<status status="PASS" start="2024-10-23T12:40:18.188919" elapsed="0.356996"/>
</kw>
<kw name="Input Text" owner="SeleniumLibrary">
<msg time="2024-10-23T12:40:18.546670" level="INFO">Typing text 'P@ssWord456' into text field '//input[@name="confirm_password"]'.</msg>
<arg>${indentity_txt_confirm_password}</arg>
<arg>${password}</arg>
<doc>Types the given ``text`` into the text field identified by ``locator``.</doc>
<status status="PASS" start="2024-10-23T12:40:18.546203" elapsed="0.690829"/>
</kw>
<kw name="Press Keys" owner="SeleniumLibrary">
<msg time="2024-10-23T12:40:19.237926" level="INFO">Sending key(s) ('ENTER',) to //button[@type="submit"] element.</msg>
<msg time="2024-10-23T12:40:19.700977" level="INFO">Pressing special key ENTER to element.</msg>
<msg time="2024-10-23T12:40:19.701112" level="INFO">Releasing special key ENTER.</msg>
<arg>//button[@type="submit"]</arg>
<arg>ENTER</arg>
<doc>Simulates the user pressing key(s) to an element or on the active browser.</doc>
<status status="PASS" start="2024-10-23T12:40:19.237332" elapsed="0.526504"/>
</kw>
<arg>${user}</arg>
<status status="PASS" start="2024-10-23T12:40:14.776243" elapsed="4.987792"/>
</kw>
<kw name="Wait Until Page Contains" owner="SeleniumLibrary">
<arg>Delete</arg>
<doc>Waits until ``text`` appears on the current page.</doc>
<status status="PASS" start="2024-10-23T12:40:19.764267" elapsed="0.723298"/>
</kw>
<var name="${user}">{'id': 7, 'name': 'Kurtis Weissnat', 'username': 'Elwyn.Skiles', 'email': 'Telly.Hoeger@billy.biz', 'address': {'street': 'Rex Trail', 'suite': 'Suite 280', 'city': 'Howemouth', 'zipcode': '58804-1099...</var>
<status status="PASS" start="2024-10-23T12:40:13.782140" elapsed="6.705564"/>
</iter>
<iter>
<kw name="Go To Link">
<kw name="Click Element" owner="SeleniumLibrary">
<msg time="2024-10-23T12:40:20.491258" level="INFO">Clicking element '//a[text()="Customers"]'.</msg>
<arg>//a[text()="${text}"]</arg>
<doc>Click the element identified by ``locator``.</doc>
<status status="PASS" start="2024-10-23T12:40:20.490826" elapsed="0.629193"/>
</kw>
<kw name="Wait Until Element Is Visible" owner="SeleniumLibrary">
<arg>//tbody//tr</arg>
<arg>5s</arg>
<doc>Waits until the element ``locator`` is visible.</doc>
<status status="PASS" start="2024-10-23T12:40:21.120302" elapsed="0.063235"/>
</kw>
<arg>Customers</arg>
<status status="PASS" start="2024-10-23T12:40:20.488288" elapsed="0.695446"/>
</kw>
<kw name="Open Add Identity">
<kw name="Click Element" owner="SeleniumLibrary">
<msg time="2024-10-23T12:40:21.184720" level="INFO">Clicking element '//a[@aria-label="Create"]'.</msg>
<arg>//a[@aria-label="Create"]</arg>
<doc>Click the element identified by ``locator``.</doc>
<status status="PASS" start="2024-10-23T12:40:21.184433" elapsed="0.385055"/>
</kw>
<kw name="Wait Until Element Is Visible" owner="SeleniumLibrary">
<arg>${indentity_txt_firstname}</arg>
<arg>10s</arg>
<doc>Waits until the element ``locator`` is visible.</doc>
<status status="PASS" start="2024-10-23T12:40:21.572160" elapsed="0.059763"/>
</kw>
<status status="PASS" start="2024-10-23T12:40:21.183996" elapsed="0.448120"/>
</kw>
<kw name="Add User">
<kw name="Evaluate" owner="BuiltIn">
<msg time="2024-10-23T12:40:21.634383" level="INFO">${firstname} = Nicholas Runolfsdottir</msg>
<var>${firstname}</var>
<arg>" ".join("${user['name']}".split()[:-1]).strip()</arg>
<doc>Evaluates the given expression in Python and returns the result.</doc>
<status status="PASS" start="2024-10-23T12:40:21.633076" elapsed="0.001377"/>
</kw>
<kw name="Evaluate" owner="BuiltIn">
<msg time="2024-10-23T12:40:21.635840" level="INFO">${lastname} = V</msg>
<var>${lastname}</var>
<arg>" ".join("${user['name']}".split()[-1:]).strip()</arg>
<doc>Evaluates the given expression in Python and returns the result.</doc>
<status status="PASS" start="2024-10-23T12:40:21.634744" elapsed="0.001159"/>
</kw>
<kw name="Evaluate" owner="BuiltIn">
<msg time="2024-10-23T12:40:21.637176" level="INFO">${address} = Ellsworth Summit</msg>
<var>${address}</var>
<arg>f"${user['address']['street']}"</arg>
<doc>Evaluates the given expression in Python and returns the result.</doc>
<status status="PASS" start="2024-10-23T12:40:21.636173" elapsed="0.001065"/>
</kw>
<kw name="Set Variable" owner="BuiltIn">
<msg time="2024-10-23T12:40:21.637822" level="INFO">${password} = P@ssWord456</msg>
<var>${password}</var>
<arg>P@ssWord456</arg>
<doc>Returns the given values which can then be assigned to a variables.</doc>
<status status="PASS" start="2024-10-23T12:40:21.637480" elapsed="0.000394"/>
</kw>
<kw name="Input Text" owner="SeleniumLibrary">
<msg time="2024-10-23T12:40:21.638593" level="INFO">Typing text 'Nicholas Runolfsdottir' into text field '//input[@name="first_name"]'.</msg>
<arg>${indentity_txt_firstname}</arg>
<arg>${firstname}</arg>
<doc>Types the given ``text`` into the text field identified by ``locator``.</doc>
<status status="PASS" start="2024-10-23T12:40:21.638183" elapsed="0.363870"/>
</kw>
<kw name="Input Text" owner="SeleniumLibrary">
<msg time="2024-10-23T12:40:22.002764" level="INFO">Typing text 'V' into text field '//input[@name="last_name"]'.</msg>
<arg>${indentity_txt_lastname}</arg>
<arg>${lastname}</arg>
<doc>Types the given ``text`` into the text field identified by ``locator``.</doc>
<status status="PASS" start="2024-10-23T12:40:22.002342" elapsed="0.200961"/>
</kw>
<kw name="Input Text" owner="SeleniumLibrary">
<msg time="2024-10-23T12:40:22.204627" level="INFO">Typing text 'Sherwood@rosamond.me' into text field '//input[@name="email"]'.</msg>
<arg>${indentity_txt_email}</arg>
<arg>${user['email']}</arg>
<doc>Types the given ``text`` into the text field identified by ``locator``.</doc>
<status status="PASS" start="2024-10-23T12:40:22.203603" elapsed="0.360353"/>
</kw>
<kw name="Input Date">
<kw name="Click Element At Coordinates" owner="SeleniumLibrary">
<msg time="2024-10-23T12:40:22.568756" level="INFO">Clicking element '//input[@name="birthday"]' at coordinates x=0, y=0.</msg>
<arg>${locator}</arg>
<arg>0</arg>
<arg>0</arg>
<doc>Click the element ``locator`` at ``xoffset/yoffset``.</doc>
<status status="PASS" start="2024-10-23T12:40:22.568272" elapsed="0.605098"/>
</kw>
<kw name="Press Keys" owner="SeleniumLibrary">
<msg time="2024-10-23T12:40:23.178712" level="INFO">Sending key(s) ('05101981',) to page.</msg>
<msg time="2024-10-23T12:40:23.179023" level="INFO">Sending keys 05101981</msg>
<arg>None</arg>
<arg>${date}</arg>
<doc>Simulates the user pressing key(s) to an element or on the active browser.</doc>
<status status="PASS" start="2024-10-23T12:40:23.174136" elapsed="0.165345"/>
</kw>
<arg>${indentity_txt_birthday}</arg>
<arg>${user['birthday']}</arg>
<status status="PASS" start="2024-10-23T12:40:22.564321" elapsed="0.776103"/>
</kw>
<kw name="Input Text" owner="SeleniumLibrary">
<msg time="2024-10-23T12:40:23.343610" level="INFO">Typing text 'Ellsworth Summit' into text field '//textarea[@name="address"]'.</msg>
<arg>${indentity_txt_address}</arg>
<arg>${address}</arg>
<doc>Types the given ``text`` into the text field identified by ``locator``.</doc>
<status status="PASS" start="2024-10-23T12:40:23.341448" elapsed="0.283324"/>
</kw>
<kw name="Input Text" owner="SeleniumLibrary">
<msg time="2024-10-23T12:40:23.626903" level="INFO">Typing text 'Aliyaview' into text field '//input[@name="city"]'.</msg>
<arg>${indentity_txt_city}</arg>
<arg>${user['address']['city']}</arg>
<doc>Types the given ``text`` into the text field identified by ``locator``.</doc>
<status status="PASS" start="2024-10-23T12:40:23.625596" elapsed="0.317832"/>
</kw>
<kw name="Input Text" owner="SeleniumLibrary">
<msg time="2024-10-23T12:40:23.946228" level="INFO">Typing text 'Curse' into text field '//input[@name="stateAbbr"]'.</msg>
<arg>${indentity_txt_stateAbbr}</arg>
<arg>${user['address']['state']}</arg>
<doc>Types the given ``text`` into the text field identified by ``locator``.</doc>
<status status="PASS" start="2024-10-23T12:40:23.943840" elapsed="0.279198"/>
</kw>
<kw name="Input Text" owner="SeleniumLibrary">
<msg time="2024-10-23T12:40:24.227614" level="INFO">Typing text '45169' into text field '//input[@name="zipcode"]'.</msg>
<arg>${indentity_txt_zipcode}</arg>
<arg>${user['address']['zipcode']}</arg>
<doc>Types the given ``text`` into the text field identified by ``locator``.</doc>
<status status="PASS" start="2024-10-23T12:40:24.223739" elapsed="0.294670"/>
</kw>
<kw name="Input Text" owner="SeleniumLibrary">
<msg time="2024-10-23T12:40:24.519110" level="INFO">Typing text 'P@ssWord456' into text field '//input[@name="password"]'.</msg>
<arg>${indentity_txt_password}</arg>
<arg>${password}</arg>
<doc>Types the given ``text`` into the text field identified by ``locator``.</doc>
<status status="PASS" start="2024-10-23T12:40:24.518709" elapsed="0.299726"/>
</kw>
<kw name="Input Text" owner="SeleniumLibrary">
<msg time="2024-10-23T12:40:24.819319" level="INFO">Typing text 'P@ssWord456' into text field '//input[@name="confirm_password"]'.</msg>
<arg>${indentity_txt_confirm_password}</arg>
<arg>${password}</arg>
<doc>Types the given ``text`` into the text field identified by ``locator``.</doc>
<status status="PASS" start="2024-10-23T12:40:24.818895" elapsed="0.309320"/>
</kw>
<kw name="Press Keys" owner="SeleniumLibrary">
<msg time="2024-10-23T12:40:25.129282" level="INFO">Sending key(s) ('ENTER',) to //button[@type="submit"] element.</msg>
<msg time="2024-10-23T12:40:25.568184" level="INFO">Pressing special key ENTER to element.</msg>
<msg time="2024-10-23T12:40:25.568321" level="INFO">Releasing special key ENTER.</msg>
<arg>//button[@type="submit"]</arg>
<arg>ENTER</arg>
<doc>Simulates the user pressing key(s) to an element or on the active browser.</doc>
<status status="PASS" start="2024-10-23T12:40:25.128591" elapsed="0.460293"/>
</kw>
<arg>${user}</arg>
<status status="PASS" start="2024-10-23T12:40:21.632473" elapsed="3.956601"/>
</kw>
<kw name="Wait Until Page Contains" owner="SeleniumLibrary">
<arg>Delete</arg>
<doc>Waits until ``text`` appears on the current page.</doc>
<status status="PASS" start="2024-10-23T12:40:25.589306" elapsed="0.901724"/>
</kw>
<var name="${user}">{'id': 8, 'name': 'Nicholas Runolfsdottir V', 'username': 'Maxime_Nienow', 'email': 'Sherwood@rosamond.me', 'address': {'street': 'Ellsworth Summit', 'suite': 'Suite 729', 'city': 'Aliyaview', 'zipcod...</var>
<status status="PASS" start="2024-10-23T12:40:20.488021" elapsed="6.003142"/>
</iter>
<iter>
<kw name="Go To Link">
<kw name="Click Element" owner="SeleniumLibrary">
<msg time="2024-10-23T12:40:26.497875" level="INFO">Clicking element '//a[text()="Customers"]'.</msg>
<arg>//a[text()="${text}"]</arg>
<doc>Click the element identified by ``locator``.</doc>
<status status="PASS" start="2024-10-23T12:40:26.497438" elapsed="0.636473"/>
</kw>
<kw name="Wait Until Element Is Visible" owner="SeleniumLibrary">
<arg>//tbody//tr</arg>
<arg>5s</arg>
<doc>Waits until the element ``locator`` is visible.</doc>
<status status="PASS" start="2024-10-23T12:40:27.134241" elapsed="0.071162"/>
</kw>
<arg>Customers</arg>
<status status="PASS" start="2024-10-23T12:40:26.492093" elapsed="0.713536"/>
</kw>
<kw name="Open Add Identity">
<kw name="Click Element" owner="SeleniumLibrary">
<msg time="2024-10-23T12:40:27.206649" level="INFO">Clicking element '//a[@aria-label="Create"]'.</msg>
<arg>//a[@aria-label="Create"]</arg>
<doc>Click the element identified by ``locator``.</doc>
<status status="PASS" start="2024-10-23T12:40:27.206311" elapsed="0.291584"/>
</kw>
<kw name="Wait Until Element Is Visible" owner="SeleniumLibrary">
<arg>${indentity_txt_firstname}</arg>
<arg>10s</arg>
<doc>Waits until the element ``locator`` is visible.</doc>
<status status="PASS" start="2024-10-23T12:40:27.498177" elapsed="0.052592"/>
</kw>
<status status="PASS" start="2024-10-23T12:40:27.205892" elapsed="0.345061"/>
</kw>
<kw name="Add User">
<kw name="Evaluate" owner="BuiltIn">
<msg time="2024-10-23T12:40:27.553192" level="INFO">${firstname} = Glenna</msg>
<var>${firstname}</var>
<arg>" ".join("${user['name']}".split()[:-1]).strip()</arg>
<doc>Evaluates the given expression in Python and returns the result.</doc>
<status status="PASS" start="2024-10-23T12:40:27.551843" elapsed="0.001429"/>
</kw>
<kw name="Evaluate" owner="BuiltIn">
<msg time="2024-10-23T12:40:27.554530" level="INFO">${lastname} = Reichert</msg>
<var>${lastname}</var>
<arg>" ".join("${user['name']}".split()[-1:]).strip()</arg>
<doc>Evaluates the given expression in Python and returns the result.</doc>
<status status="PASS" start="2024-10-23T12:40:27.553543" elapsed="0.001048"/>
</kw>
<kw name="Evaluate" owner="BuiltIn">
<msg time="2024-10-23T12:40:27.555766" level="INFO">${address} = Dayna Park</msg>
<var>${address}</var>
<arg>f"${user['address']['street']}"</arg>
<doc>Evaluates the given expression in Python and returns the result.</doc>
<status status="PASS" start="2024-10-23T12:40:27.554821" elapsed="0.001001"/>
</kw>
<kw name="Set Variable" owner="BuiltIn">
[...]
<msg time="2024-10-23T12:41:05.555030" level="INFO">${order_text} = 0</msg>
<var>${order_text}</var>
<arg>((//tbody//tr)[${i}]//td)[4]</arg>
<doc>Returns the text value of the element identified by ``locator``.</doc>
<status status="PASS" start="2024-10-23T12:41:05.516665" elapsed="0.038434"/>
</kw>
<if>
<branch type="IF" condition="&quot;${order_text}&quot; == &quot;0&quot;">
<kw name="Append To List" owner="Collections">
<arg>${users_with_zero_orders}</arg>
<arg>${CUSTOMERS}[${index}]</arg>
<doc>Adds ``values`` to the end of ``list``.</doc>
<status status="PASS" start="2024-10-23T12:41:05.555844" elapsed="0.000491"/>
</kw>
<status status="PASS" start="2024-10-23T12:41:05.555288" elapsed="0.001211"/>
</branch>
<status status="PASS" start="2024-10-23T12:41:05.555252" elapsed="0.002525"/>
</if>
<var name="${i}">14</var>
<status status="PASS" start="2024-10-23T12:41:05.515764" elapsed="0.042112"/>
</iter>
<iter>
<kw name="Evaluate" owner="BuiltIn">
<msg time="2024-10-23T12:41:05.559973" level="INFO">${index} = 14</msg>
<var>${index}</var>
<arg>${i} - 1</arg>
<doc>Evaluates the given expression in Python and returns the result.</doc>
<status status="PASS" start="2024-10-23T12:41:05.558806" elapsed="0.001236"/>
</kw>
<kw name="Get Text" owner="SeleniumLibrary">
<msg time="2024-10-23T12:41:05.602100" level="INFO">${order_text} = 3</msg>
<var>${order_text}</var>
<arg>((//tbody//tr)[${i}]//td)[4]</arg>
<doc>Returns the text value of the element identified by ``locator``.</doc>
<status status="PASS" start="2024-10-23T12:41:05.560305" elapsed="0.041862"/>
</kw>
<if>
<branch type="IF" condition="&quot;${order_text}&quot; == &quot;0&quot;">
<kw name="Append To List" owner="Collections">
<arg>${users_with_zero_orders}</arg>
<arg>${CUSTOMERS}[${index}]</arg>
<doc>Adds ``values`` to the end of ``list``.</doc>
<status status="NOT RUN" start="2024-10-23T12:41:05.602748" elapsed="0.000059"/>
</kw>
<status status="NOT RUN" start="2024-10-23T12:41:05.602356" elapsed="0.000539"/>
</branch>
<status status="PASS" start="2024-10-23T12:41:05.602319" elapsed="0.000650"/>
</if>
<var name="${i}">15</var>
<status status="PASS" start="2024-10-23T12:41:05.558421" elapsed="0.044597"/>
</iter>
<iter>
<kw name="Evaluate" owner="BuiltIn">
<msg time="2024-10-23T12:41:05.603873" level="INFO">${index} = 15</msg>
<var>${index}</var>
<arg>${i} - 1</arg>
<doc>Evaluates the given expression in Python and returns the result.</doc>
<status status="PASS" start="2024-10-23T12:41:05.603454" elapsed="0.000472"/>
</kw>
<kw name="Get Text" owner="SeleniumLibrary">
<msg time="2024-10-23T12:41:05.648292" level="INFO">${order_text} = 0</msg>
<var>${order_text}</var>
<arg>((//tbody//tr)[${i}]//td)[4]</arg>
<doc>Returns the text value of the element identified by ``locator``.</doc>
<status status="PASS" start="2024-10-23T12:41:05.604134" elapsed="0.044226"/>
</kw>
<if>
<branch type="IF" condition="&quot;${order_text}&quot; == &quot;0&quot;">
<kw name="Append To List" owner="Collections">
<arg>${users_with_zero_orders}</arg>
<arg>${CUSTOMERS}[${index}]</arg>
<doc>Adds ``values`` to the end of ``list``.</doc>
<status status="PASS" start="2024-10-23T12:41:05.648927" elapsed="0.000402"/>
</kw>
<status status="PASS" start="2024-10-23T12:41:05.648580" elapsed="0.000849"/>
</branch>
<status status="PASS" start="2024-10-23T12:41:05.648508" elapsed="0.000997"/>
</if>
<var name="${i}">16</var>
<status status="PASS" start="2024-10-23T12:41:05.603286" elapsed="0.046287"/>
</iter>
<iter>
<kw name="Evaluate" owner="BuiltIn">
<msg time="2024-10-23T12:41:05.650414" level="INFO">${index} = 16</msg>
<var>${index}</var>
<arg>${i} - 1</arg>
<doc>Evaluates the given expression in Python and returns the result.</doc>
<status status="PASS" start="2024-10-23T12:41:05.650026" elapsed="0.000455"/>
</kw>
<kw name="Get Text" owner="SeleniumLibrary">
<msg time="2024-10-23T12:41:05.691156" level="INFO">${order_text} = 0</msg>
<var>${order_text}</var>
<arg>((//tbody//tr)[${i}]//td)[4]</arg>
<doc>Returns the text value of the element identified by ``locator``.</doc>
<status status="PASS" start="2024-10-23T12:41:05.650706" elapsed="0.040595"/>
</kw>
<if>
<branch type="IF" condition="&quot;${order_text}&quot; == &quot;0&quot;">
<kw name="Append To List" owner="Collections">
<arg>${users_with_zero_orders}</arg>
<arg>${CUSTOMERS}[${index}]</arg>
<doc>Adds ``values`` to the end of ``list``.</doc>
<status status="PASS" start="2024-10-23T12:41:05.692621" elapsed="0.000504"/>
</kw>
<status status="PASS" start="2024-10-23T12:41:05.691590" elapsed="0.001680"/>
</branch>
<status status="PASS" start="2024-10-23T12:41:05.691499" elapsed="0.001865"/>
</if>
<var name="${i}">17</var>
<status status="PASS" start="2024-10-23T12:41:05.649847" elapsed="0.043775"/>
</iter>
<iter>
<kw name="Evaluate" owner="BuiltIn">
<msg time="2024-10-23T12:41:05.694794" level="INFO">${index} = 17</msg>
<var>${index}</var>
<arg>${i} - 1</arg>
<doc>Evaluates the given expression in Python and returns the result.</doc>
<status status="PASS" start="2024-10-23T12:41:05.694254" elapsed="0.000614"/>
</kw>
<kw name="Get Text" owner="SeleniumLibrary">
<msg time="2024-10-23T12:41:05.732427" level="INFO">${order_text} = 0</msg>
<var>${order_text}</var>
<arg>((//tbody//tr)[${i}]//td)[4]</arg>
<doc>Returns the text value of the element identified by ``locator``.</doc>
<status status="PASS" start="2024-10-23T12:41:05.695151" elapsed="0.037346"/>
</kw>
<if>
<branch type="IF" condition="&quot;${order_text}&quot; == &quot;0&quot;">
<kw name="Append To List" owner="Collections">
<arg>${users_with_zero_orders}</arg>
<arg>${CUSTOMERS}[${index}]</arg>
<doc>Adds ``values`` to the end of ``list``.</doc>
<status status="PASS" start="2024-10-23T12:41:05.733103" elapsed="0.000357"/>
</kw>
<status status="PASS" start="2024-10-23T12:41:05.732748" elapsed="0.000860"/>
</branch>
<status status="PASS" start="2024-10-23T12:41:05.732710" elapsed="0.000983"/>
</if>
<var name="${i}">18</var>
<status status="PASS" start="2024-10-23T12:41:05.693993" elapsed="0.039750"/>
</iter>
<iter>
<kw name="Evaluate" owner="BuiltIn">
<msg time="2024-10-23T12:41:05.734623" level="INFO">${index} = 18</msg>
<var>${index}</var>
<arg>${i} - 1</arg>
<doc>Evaluates the given expression in Python and returns the result.</doc>
<status status="PASS" start="2024-10-23T12:41:05.734207" elapsed="0.000469"/>
</kw>
<kw name="Get Text" owner="SeleniumLibrary">
<msg time="2024-10-23T12:41:05.770562" level="INFO">${order_text} = 0</msg>
<var>${order_text}</var>
<arg>((//tbody//tr)[${i}]//td)[4]</arg>
<doc>Returns the text value of the element identified by ``locator``.</doc>
<status status="PASS" start="2024-10-23T12:41:05.734888" elapsed="0.035750"/>
</kw>
<if>
<branch type="IF" condition="&quot;${order_text}&quot; == &quot;0&quot;">
<kw name="Append To List" owner="Collections">
<arg>${users_with_zero_orders}</arg>
<arg>${CUSTOMERS}[${index}]</arg>
<doc>Adds ``values`` to the end of ``list``.</doc>
<status status="PASS" start="2024-10-23T12:41:05.771196" elapsed="0.000379"/>
</kw>
<status status="PASS" start="2024-10-23T12:41:05.770831" elapsed="0.000849"/>
</branch>
<status status="PASS" start="2024-10-23T12:41:05.770794" elapsed="0.000968"/>
</if>
<var name="${i}">19</var>
<status status="PASS" start="2024-10-23T12:41:05.734025" elapsed="0.037786"/>
</iter>
<iter>
<kw name="Evaluate" owner="BuiltIn">
<msg time="2024-10-23T12:41:05.772766" level="INFO">${index} = 19</msg>
<var>${index}</var>
<arg>${i} - 1</arg>
<doc>Evaluates the given expression in Python and returns the result.</doc>
<status status="PASS" start="2024-10-23T12:41:05.772281" elapsed="0.000552"/>
</kw>
<kw name="Get Text" owner="SeleniumLibrary">
<msg time="2024-10-23T12:41:05.817087" level="INFO">${order_text} = 0</msg>
<var>${order_text}</var>
<arg>((//tbody//tr)[${i}]//td)[4]</arg>
<doc>Returns the text value of the element identified by ``locator``.</doc>
<status status="PASS" start="2024-10-23T12:41:05.773109" elapsed="0.044049"/>
</kw>
<if>
<branch type="IF" condition="&quot;${order_text}&quot; == &quot;0&quot;">
<kw name="Append To List" owner="Collections">
<arg>${users_with_zero_orders}</arg>
<arg>${CUSTOMERS}[${index}]</arg>
<doc>Adds ``values`` to the end of ``list``.</doc>
<status status="PASS" start="2024-10-23T12:41:05.817791" elapsed="0.000374"/>
</kw>
<status status="PASS" start="2024-10-23T12:41:05.817354" elapsed="0.000924"/>
</branch>
<status status="PASS" start="2024-10-23T12:41:05.817315" elapsed="0.001051"/>
</if>
<var name="${i}">20</var>
<status status="PASS" start="2024-10-23T12:41:05.772082" elapsed="0.046337"/>
</iter>
<iter>
<kw name="Evaluate" owner="BuiltIn">
<msg time="2024-10-23T12:41:05.819445" level="INFO">${index} = 20</msg>
<var>${index}</var>
<arg>${i} - 1</arg>
<doc>Evaluates the given expression in Python and returns the result.</doc>
<status status="PASS" start="2024-10-23T12:41:05.818965" elapsed="0.000543"/>
</kw>
<kw name="Get Text" owner="SeleniumLibrary">
<msg time="2024-10-23T12:41:05.882339" level="INFO">${order_text} = 2</msg>
<var>${order_text}</var>
<arg>((//tbody//tr)[${i}]//td)[4]</arg>
<doc>Returns the text value of the element identified by ``locator``.</doc>
<status status="PASS" start="2024-10-23T12:41:05.820110" elapsed="0.062303"/>
</kw>
<if>
<branch type="IF" condition="&quot;${order_text}&quot; == &quot;0&quot;">
<kw name="Append To List" owner="Collections">
<arg>${users_with_zero_orders}</arg>
<arg>${CUSTOMERS}[${index}]</arg>
<doc>Adds ``values`` to the end of ``list``.</doc>
<status status="NOT RUN" start="2024-10-23T12:41:05.883147" elapsed="0.000066"/>
</kw>
<status status="NOT RUN" start="2024-10-23T12:41:05.882746" elapsed="0.000560"/>
</branch>
<status status="PASS" start="2024-10-23T12:41:05.882703" elapsed="0.000685"/>
</if>
<var name="${i}">21</var>
<status status="PASS" start="2024-10-23T12:41:05.818747" elapsed="0.064699"/>
</iter>
<iter>
<kw name="Evaluate" owner="BuiltIn">
<msg time="2024-10-23T12:41:05.885130" level="INFO">${index} = 21</msg>
<var>${index}</var>
<arg>${i} - 1</arg>
<doc>Evaluates the given expression in Python and returns the result.</doc>
<status status="PASS" start="2024-10-23T12:41:05.884662" elapsed="0.000532"/>
</kw>
<kw name="Get Text" owner="SeleniumLibrary">
<msg time="2024-10-23T12:41:05.932924" level="INFO">${order_text} = 0</msg>
<var>${order_text}</var>
<arg>((//tbody//tr)[${i}]//td)[4]</arg>
<doc>Returns the text value of the element identified by ``locator``.</doc>
<status status="PASS" start="2024-10-23T12:41:05.885449" elapsed="0.047545"/>
</kw>
<if>
<branch type="IF" condition="&quot;${order_text}&quot; == &quot;0&quot;">
<kw name="Append To List" owner="Collections">
<arg>${users_with_zero_orders}</arg>
<arg>${CUSTOMERS}[${index}]</arg>
<doc>Adds ``values`` to the end of ``list``.</doc>
<status status="PASS" start="2024-10-23T12:41:05.933562" elapsed="0.000360"/>
</kw>
<status status="PASS" start="2024-10-23T12:41:05.933189" elapsed="0.000835"/>
</branch>
<status status="PASS" start="2024-10-23T12:41:05.933150" elapsed="0.000954"/>
</if>
<var name="${i}">22</var>
<status status="PASS" start="2024-10-23T12:41:05.884385" elapsed="0.049768"/>
</iter>
<iter>
<kw name="Evaluate" owner="BuiltIn">
<msg time="2024-10-23T12:41:05.935003" level="INFO">${index} = 22</msg>
<var>${index}</var>
<arg>${i} - 1</arg>
<doc>Evaluates the given expression in Python and returns the result.</doc>
<status status="PASS" start="2024-10-23T12:41:05.934628" elapsed="0.000427"/>
</kw>
<kw name="Get Text" owner="SeleniumLibrary">
<msg time="2024-10-23T12:41:05.975257" level="INFO">${order_text} = 0</msg>
<var>${order_text}</var>
<arg>((//tbody//tr)[${i}]//td)[4]</arg>
<doc>Returns the text value of the element identified by ``locator``.</doc>
<status status="PASS" start="2024-10-23T12:41:05.935277" elapsed="0.040147"/>
</kw>
<if>
<branch type="IF" condition="&quot;${order_text}&quot; == &quot;0&quot;">
<kw name="Append To List" owner="Collections">
<arg>${users_with_zero_orders}</arg>
<arg>${CUSTOMERS}[${index}]</arg>
<doc>Adds ``values`` to the end of ``list``.</doc>
<status status="PASS" start="2024-10-23T12:41:05.976677" elapsed="0.000467"/>
</kw>
<status status="PASS" start="2024-10-23T12:41:05.975826" elapsed="0.001450"/>
</branch>
<status status="PASS" start="2024-10-23T12:41:05.975753" elapsed="0.001618"/>
</if>
<var name="${i}">23</var>
<status status="PASS" start="2024-10-23T12:41:05.934434" elapsed="0.042996"/>
</iter>
<iter>
<kw name="Evaluate" owner="BuiltIn">
<msg time="2024-10-23T12:41:05.979310" level="INFO">${index} = 23</msg>
<var>${index}</var>
<arg>${i} - 1</arg>
<doc>Evaluates the given expression in Python and returns the result.</doc>
<status status="PASS" start="2024-10-23T12:41:05.978214" elapsed="0.001206"/>
</kw>
<kw name="Get Text" owner="SeleniumLibrary">
<msg time="2024-10-23T12:41:06.035078" level="INFO">${order_text} = 0</msg>
<var>${order_text}</var>
<arg>((//tbody//tr)[${i}]//td)[4]</arg>
<doc>Returns the text value of the element identified by ``locator``.</doc>
<status status="PASS" start="2024-10-23T12:41:05.979758" elapsed="0.055391"/>
</kw>
<if>
<branch type="IF" condition="&quot;${order_text}&quot; == &quot;0&quot;">
<kw name="Append To List" owner="Collections">
<arg>${users_with_zero_orders}</arg>
<arg>${CUSTOMERS}[${index}]</arg>
<doc>Adds ``values`` to the end of ``list``.</doc>
<status status="PASS" start="2024-10-23T12:41:06.035713" elapsed="0.000377"/>
</kw>
<status status="PASS" start="2024-10-23T12:41:06.035337" elapsed="0.000853"/>
</branch>
<status status="PASS" start="2024-10-23T12:41:06.035300" elapsed="0.000970"/>
</if>
<var name="${i}">24</var>
<status status="PASS" start="2024-10-23T12:41:05.977832" elapsed="0.058486"/>
</iter>
<iter>
<kw name="Evaluate" owner="BuiltIn">
<msg time="2024-10-23T12:41:06.037148" level="INFO">${index} = 24</msg>
<var>${index}</var>
<arg>${i} - 1</arg>
<doc>Evaluates the given expression in Python and returns the result.</doc>
<status status="PASS" start="2024-10-23T12:41:06.036779" elapsed="0.000422"/>
</kw>
<kw name="Get Text" owner="SeleniumLibrary">
<msg time="2024-10-23T12:41:06.101379" level="INFO">${order_text} = 0</msg>
<var>${order_text}</var>
<arg>((//tbody//tr)[${i}]//td)[4]</arg>
<doc>Returns the text value of the element identified by ``locator``.</doc>
<status status="PASS" start="2024-10-23T12:41:06.037405" elapsed="0.064048"/>
</kw>
<if>
<branch type="IF" condition="&quot;${order_text}&quot; == &quot;0&quot;">
<kw name="Append To List" owner="Collections">
<arg>${users_with_zero_orders}</arg>
<arg>${CUSTOMERS}[${index}]</arg>
<doc>Adds ``values`` to the end of ``list``.</doc>
<status status="PASS" start="2024-10-23T12:41:06.102196" elapsed="0.000417"/>
</kw>
<status status="PASS" start="2024-10-23T12:41:06.101800" elapsed="0.000944"/>
</branch>
<status status="PASS" start="2024-10-23T12:41:06.101754" elapsed="0.001078"/>
</if>
<var name="${i}">25</var>
<status status="PASS" start="2024-10-23T12:41:06.036605" elapsed="0.066278"/>
</iter>
<var>${i}</var>
<value>1</value>
<value>${length}+1</value>
<status status="PASS" start="2024-10-23T12:41:04.814019" elapsed="1.288954"/>
</for>
<kw name="Set Global Variable" owner="BuiltIn">
<msg time="2024-10-23T12:41:06.103737" level="INFO">${CUSTOMERS_WITH_ZERO_ORDERS} = ['Clementina DuBuque', 'Glenna Reichert', 'Nicholas Runolfsdottir V', 'Kurtis Weissnat', 'Mrs. Dennis Schulist', 'Chelsey Dietrich', 'Patricia Lebsack', 'Clementine Bauch', 'Ervin Howell', 'Leanne Gra...</msg>
<arg>${CUSTOMERS_WITH_ZERO_ORDERS}</arg>
<arg>${users_with_zero_orders}</arg>
<doc>Makes a variable available globally in all tests and suites.</doc>
<status status="PASS" start="2024-10-23T12:41:06.103229" elapsed="0.000611"/>
</kw>
<kw name="Run Keyword If" owner="BuiltIn">
<kw name="Fail" owner="BuiltIn">
<msg time="2024-10-23T12:41:06.105159" level="FAIL">Users With 0 Orders Found: ['Clementina DuBuque', 'Glenna Reichert', 'Nicholas Runolfsdottir V', 'Kurtis Weissnat', 'Mrs. Dennis Schulist', 'Chelsey Dietrich', 'Patricia Lebsack', 'Clementine Bauch', 'Ervin Howell', 'Leanne Graham', 'Roderick Hettinger', 'Leilani Predovic', 'Telly Berge', 'Trey Rohan', 'Camilla Tromp', "Max O'Connell", 'Moriah Langosh', 'Arnulfo Harvey', 'Regan Breitenberg', 'Anne Vandervort', 'Kiarra Douglas', 'Westley Miller']</msg>
<arg>Users With 0 Orders Found: ${CUSTOMERS_WITH_ZERO_ORDERS}</arg>
<doc>Fails the test with the given message and optionally alters its tags.</doc>
<status status="FAIL" start="2024-10-23T12:41:06.104717" elapsed="0.000582">Users With 0 Orders Found: ['Clementina DuBuque', 'Glenna Reichert', 'Nicholas Runolfsdottir V', 'Kurtis Weissnat', 'Mrs. Dennis Schulist', 'Chelsey Dietrich', 'Patricia Lebsack', 'Clementine Bauch', 'Ervin Howell', 'Leanne Graham', 'Roderick Hettinger', 'Leilani Predovic', 'Telly Berge', 'Trey Rohan', 'Camilla Tromp', "Max O'Connell", 'Moriah Langosh', 'Arnulfo Harvey', 'Regan Breitenberg', 'Anne Vandervort', 'Kiarra Douglas', 'Westley Miller']</status>
</kw>
<arg>${CUSTOMERS_WITH_ZERO_ORDERS} is not None</arg>
<arg>Fail</arg>
<arg>Users With 0 Orders Found: ${CUSTOMERS_WITH_ZERO_ORDERS}</arg>
<doc>Runs the given keyword with the given arguments, if ``condition`` is true.</doc>
<status status="FAIL" start="2024-10-23T12:41:06.104096" elapsed="0.001332">Users With 0 Orders Found: ['Clementina DuBuque', 'Glenna Reichert', 'Nicholas Runolfsdottir V', 'Kurtis Weissnat', 'Mrs. Dennis Schulist', 'Chelsey Dietrich', 'Patricia Lebsack', 'Clementine Bauch', 'Ervin Howell', 'Leanne Graham', 'Roderick Hettinger', 'Leilani Predovic', 'Telly Berge', 'Trey Rohan', 'Camilla Tromp', "Max O'Connell", 'Moriah Langosh', 'Arnulfo Harvey', 'Regan Breitenberg', 'Anne Vandervort', 'Kiarra Douglas', 'Westley Miller']</status>
</kw>
<status status="FAIL" start="2024-10-23T12:41:04.812205" elapsed="1.294609">Users With 0 Orders Found: ['Clementina DuBuque', 'Glenna Reichert', 'Nicholas Runolfsdottir V', 'Kurtis Weissnat', 'Mrs. Dennis Schulist', 'Chelsey Dietrich', 'Patricia Lebsack', 'Clementine Bauch', 'Ervin Howell', 'Leanne Graham', 'Roderick Hettinger', 'Leilani Predovic', 'Telly Berge', 'Trey Rohan', 'Camilla Tromp', "Max O'Connell", 'Moriah Langosh', 'Arnulfo Harvey', 'Regan Breitenberg', 'Anne Vandervort', 'Kiarra Douglas', 'Westley Miller']</status>
</kw>
<kw name="Sleep" owner="BuiltIn">
<arg>3s</arg>
<doc>Pauses the test executed for the given time.</doc>
<status status="NOT RUN" start="2024-10-23T12:41:06.113470" elapsed="0.000144"/>
</kw>
<status status="FAIL" start="2024-10-23T12:40:57.776612" elapsed="8.338130">Users With 0 Orders Found: ['Clementina DuBuque', 'Glenna Reichert', 'Nicholas Runolfsdottir V', 'Kurtis Weissnat', 'Mrs. Dennis Schulist', 'Chelsey Dietrich', 'Patricia Lebsack', 'Clementine Bauch', 'Ervin Howell', 'Leanne Graham', 'Roderick Hettinger', 'Leilani Predovic', 'Telly Berge', 'Trey Rohan', 'Camilla Tromp', "Max O'Connell", 'Moriah Langosh', 'Arnulfo Harvey', 'Regan Breitenberg', 'Anne Vandervort', 'Kiarra Douglas', 'Westley Miller']</status>
</test>
<kw name="Close All Browsers" owner="SeleniumLibrary" type="TEARDOWN">
<doc>Closes all open browsers and resets the browser cache.</doc>
<status status="PASS" start="2024-10-23T12:41:06.120578" elapsed="0.274777"/>
</kw>
<status status="FAIL" start="2024-10-23T12:39:14.893135" elapsed="111.502362"/>
</suite>
<status status="FAIL" start="2024-10-23T12:39:14.891228" elapsed="111.507166"/>
</suite>
<status status="FAIL" start="2024-10-23T12:39:14.512496" elapsed="111.888048"/>
</suite>
<statistics>
<total>
<stat pass="1" fail="1" skip="0">All Tests</stat>
</total>
<tag>
</tag>
<suite>
<stat pass="1" fail="1" skip="0" id="s1" name="Robo-Framework-Assessment">Robo-Framework-Assessment</stat>
<stat pass="1" fail="1" skip="0" id="s1-s1" name="Test">Robo-Framework-Assessment.Test</stat>
<stat pass="1" fail="1" skip="0" id="s1-s1-s1" name="Test">Robo-Framework-Assessment.Test.Test</stat>
</suite>
</statistics>
<errors>
</errors>
</robot>
